2021-03-04 15:09:19,053 [1] ERROR EPiServer.Forms.Helpers.Internal.FormsExtensions: cannot get all types from assembly MySql.Web, Version=8.0.21.0, Culture=neutral, PublicKeyToken=c5687fc88969c44d. 
System.Reflection.ReflectionTypeLoadException: Unable to load one or more of the requested types. Retrieve the LoaderExceptions property for more information.
   at System.Reflection.RuntimeModule.GetTypes(RuntimeModule module)
   at System.Reflection.RuntimeModule.GetTypes()
   at System.Reflection.Assembly.GetTypes()
   at EPiServer.Forms.Helpers.Internal.FormsExtensions.GetTypesFromAssembly(Assembly assembly)
System.Reflection.ReflectionTypeLoadException: Unable to load one or more of the requested types. Retrieve the LoaderExceptions property for more information.
   at System.Reflection.RuntimeModule.GetTypes(RuntimeModule module)
   at System.Reflection.RuntimeModule.GetTypes()
   at System.Reflection.Assembly.GetTypes()
   at EPiServer.Forms.Helpers.Internal.FormsExtensions.GetTypesFromAssembly(Assembly assembly)
2021-03-04 15:09:19,168 [1] ERROR EPiServer.Forms.Helpers.Internal.FormsExtensions: cannot get all types from assembly MySql.Web, Version=8.0.21.0, Culture=neutral, PublicKeyToken=c5687fc88969c44d. 
System.Reflection.ReflectionTypeLoadException: Unable to load one or more of the requested types. Retrieve the LoaderExceptions property for more information.
   at System.Reflection.RuntimeModule.GetTypes(RuntimeModule module)
   at System.Reflection.RuntimeModule.GetTypes()
   at System.Reflection.Assembly.GetTypes()
   at EPiServer.Forms.Helpers.Internal.FormsExtensions.GetTypesFromAssembly(Assembly assembly)
System.Reflection.ReflectionTypeLoadException: Unable to load one or more of the requested types. Retrieve the LoaderExceptions property for more information.
   at System.Reflection.RuntimeModule.GetTypes(RuntimeModule module)
   at System.Reflection.RuntimeModule.GetTypes()
   at System.Reflection.Assembly.GetTypes()
   at EPiServer.Forms.Helpers.Internal.FormsExtensions.GetTypesFromAssembly(Assembly assembly)
2021-03-04 15:09:19,251 [1] ERROR EPiServer.Forms.Helpers.Internal.FormsExtensions: cannot get all types from assembly MySql.Web, Version=8.0.21.0, Culture=neutral, PublicKeyToken=c5687fc88969c44d. 
System.Reflection.ReflectionTypeLoadException: Unable to load one or more of the requested types. Retrieve the LoaderExceptions property for more information.
   at System.Reflection.RuntimeModule.GetTypes(RuntimeModule module)
   at System.Reflection.RuntimeModule.GetTypes()
   at System.Reflection.Assembly.GetTypes()
   at EPiServer.Forms.Helpers.Internal.FormsExtensions.GetTypesFromAssembly(Assembly assembly)
System.Reflection.ReflectionTypeLoadException: Unable to load one or more of the requested types. Retrieve the LoaderExceptions property for more information.
   at System.Reflection.RuntimeModule.GetTypes(RuntimeModule module)
   at System.Reflection.RuntimeModule.GetTypes()
   at System.Reflection.Assembly.GetTypes()
   at EPiServer.Forms.Helpers.Internal.FormsExtensions.GetTypesFromAssembly(Assembly assembly)
2021-03-04 15:09:19,286 [1] ERROR EPiServer.Forms.Helpers.Internal.FormsExtensions: cannot get all types from assembly MySql.Web, Version=8.0.21.0, Culture=neutral, PublicKeyToken=c5687fc88969c44d. 
System.Reflection.ReflectionTypeLoadException: Unable to load one or more of the requested types. Retrieve the LoaderExceptions property for more information.
   at System.Reflection.RuntimeModule.GetTypes(RuntimeModule module)
   at System.Reflection.RuntimeModule.GetTypes()
   at System.Reflection.Assembly.GetTypes()
   at EPiServer.Forms.Helpers.Internal.FormsExtensions.GetTypesFromAssembly(Assembly assembly)
System.Reflection.ReflectionTypeLoadException: Unable to load one or more of the requested types. Retrieve the LoaderExceptions property for more information.
   at System.Reflection.RuntimeModule.GetTypes(RuntimeModule module)
   at System.Reflection.RuntimeModule.GetTypes()
   at System.Reflection.Assembly.GetTypes()
   at EPiServer.Forms.Helpers.Internal.FormsExtensions.GetTypesFromAssembly(Assembly assembly)
2021-03-04 15:09:19,635 [1] ERROR EPiServer.Forms.Helpers.Internal.FormsExtensions: cannot get all types from assembly MySql.Web, Version=8.0.21.0, Culture=neutral, PublicKeyToken=c5687fc88969c44d. 
System.Reflection.ReflectionTypeLoadException: Unable to load one or more of the requested types. Retrieve the LoaderExceptions property for more information.
   at System.Reflection.RuntimeModule.GetTypes(RuntimeModule module)
   at System.Reflection.RuntimeModule.GetTypes()
   at System.Reflection.Assembly.GetTypes()
   at EPiServer.Forms.Helpers.Internal.FormsExtensions.GetTypesFromAssembly(Assembly assembly)
System.Reflection.ReflectionTypeLoadException: Unable to load one or more of the requested types. Retrieve the LoaderExceptions property for more information.
   at System.Reflection.RuntimeModule.GetTypes(RuntimeModule module)
   at System.Reflection.RuntimeModule.GetTypes()
   at System.Reflection.Assembly.GetTypes()
   at EPiServer.Forms.Helpers.Internal.FormsExtensions.GetTypesFromAssembly(Assembly assembly)
2021-03-04 15:09:36,529 [6] ERROR EPiServer.Forms.Helpers.Internal.FormsExtensions: cannot get all types from assembly MySql.Web, Version=8.0.21.0, Culture=neutral, PublicKeyToken=c5687fc88969c44d. 
System.Reflection.ReflectionTypeLoadException: Unable to load one or more of the requested types. Retrieve the LoaderExceptions property for more information.
   at System.Reflection.RuntimeModule.GetTypes(RuntimeModule module)
   at System.Reflection.RuntimeModule.GetTypes()
   at System.Reflection.Assembly.GetTypes()
   at EPiServer.Forms.Helpers.Internal.FormsExtensions.GetTypesFromAssembly(Assembly assembly)
System.Reflection.ReflectionTypeLoadException: Unable to load one or more of the requested types. Retrieve the LoaderExceptions property for more information.
   at System.Reflection.RuntimeModule.GetTypes(RuntimeModule module)
   at System.Reflection.RuntimeModule.GetTypes()
   at System.Reflection.Assembly.GetTypes()
   at EPiServer.Forms.Helpers.Internal.FormsExtensions.GetTypesFromAssembly(Assembly assembly)
2021-03-04 15:09:36,639 [6] ERROR EPiServer.Forms.Helpers.Internal.FormsExtensions: cannot get all types from assembly MySql.Web, Version=8.0.21.0, Culture=neutral, PublicKeyToken=c5687fc88969c44d. 
System.Reflection.ReflectionTypeLoadException: Unable to load one or more of the requested types. Retrieve the LoaderExceptions property for more information.
   at System.Reflection.RuntimeModule.GetTypes(RuntimeModule module)
   at System.Reflection.RuntimeModule.GetTypes()
   at System.Reflection.Assembly.GetTypes()
   at EPiServer.Forms.Helpers.Internal.FormsExtensions.GetTypesFromAssembly(Assembly assembly)
System.Reflection.ReflectionTypeLoadException: Unable to load one or more of the requested types. Retrieve the LoaderExceptions property for more information.
   at System.Reflection.RuntimeModule.GetTypes(RuntimeModule module)
   at System.Reflection.RuntimeModule.GetTypes()
   at System.Reflection.Assembly.GetTypes()
   at EPiServer.Forms.Helpers.Internal.FormsExtensions.GetTypesFromAssembly(Assembly assembly)
2021-03-04 15:32:10,425 [1] ERROR EPiServer.Forms.Helpers.Internal.FormsExtensions: cannot get all types from assembly MySql.Web, Version=8.0.21.0, Culture=neutral, PublicKeyToken=c5687fc88969c44d. 
System.Reflection.ReflectionTypeLoadException: Unable to load one or more of the requested types. Retrieve the LoaderExceptions property for more information.
   at System.Reflection.RuntimeModule.GetTypes(RuntimeModule module)
   at System.Reflection.RuntimeModule.GetTypes()
   at System.Reflection.Assembly.GetTypes()
   at EPiServer.Forms.Helpers.Internal.FormsExtensions.GetTypesFromAssembly(Assembly assembly)
System.Reflection.ReflectionTypeLoadException: Unable to load one or more of the requested types. Retrieve the LoaderExceptions property for more information.
   at System.Reflection.RuntimeModule.GetTypes(RuntimeModule module)
   at System.Reflection.RuntimeModule.GetTypes()
   at System.Reflection.Assembly.GetTypes()
   at EPiServer.Forms.Helpers.Internal.FormsExtensions.GetTypesFromAssembly(Assembly assembly)
2021-03-04 15:32:10,499 [1] ERROR EPiServer.Forms.Helpers.Internal.FormsExtensions: cannot get all types from assembly MySql.Web, Version=8.0.21.0, Culture=neutral, PublicKeyToken=c5687fc88969c44d. 
System.Reflection.ReflectionTypeLoadException: Unable to load one or more of the requested types. Retrieve the LoaderExceptions property for more information.
   at System.Reflection.RuntimeModule.GetTypes(RuntimeModule module)
   at System.Reflection.RuntimeModule.GetTypes()
   at System.Reflection.Assembly.GetTypes()
   at EPiServer.Forms.Helpers.Internal.FormsExtensions.GetTypesFromAssembly(Assembly assembly)
System.Reflection.ReflectionTypeLoadException: Unable to load one or more of the requested types. Retrieve the LoaderExceptions property for more information.
   at System.Reflection.RuntimeModule.GetTypes(RuntimeModule module)
   at System.Reflection.RuntimeModule.GetTypes()
   at System.Reflection.Assembly.GetTypes()
   at EPiServer.Forms.Helpers.Internal.FormsExtensions.GetTypesFromAssembly(Assembly assembly)
2021-03-04 15:32:10,561 [1] ERROR EPiServer.Forms.Helpers.Internal.FormsExtensions: cannot get all types from assembly MySql.Web, Version=8.0.21.0, Culture=neutral, PublicKeyToken=c5687fc88969c44d. 
System.Reflection.ReflectionTypeLoadException: Unable to load one or more of the requested types. Retrieve the LoaderExceptions property for more information.
   at System.Reflection.RuntimeModule.GetTypes(RuntimeModule module)
   at System.Reflection.RuntimeModule.GetTypes()
   at System.Reflection.Assembly.GetTypes()
   at EPiServer.Forms.Helpers.Internal.FormsExtensions.GetTypesFromAssembly(Assembly assembly)
System.Reflection.ReflectionTypeLoadException: Unable to load one or more of the requested types. Retrieve the LoaderExceptions property for more information.
   at System.Reflection.RuntimeModule.GetTypes(RuntimeModule module)
   at System.Reflection.RuntimeModule.GetTypes()
   at System.Reflection.Assembly.GetTypes()
   at EPiServer.Forms.Helpers.Internal.FormsExtensions.GetTypesFromAssembly(Assembly assembly)
2021-03-04 15:32:10,601 [1] ERROR EPiServer.Forms.Helpers.Internal.FormsExtensions: cannot get all types from assembly MySql.Web, Version=8.0.21.0, Culture=neutral, PublicKeyToken=c5687fc88969c44d. 
System.Reflection.ReflectionTypeLoadException: Unable to load one or more of the requested types. Retrieve the LoaderExceptions property for more information.
   at System.Reflection.RuntimeModule.GetTypes(RuntimeModule module)
   at System.Reflection.RuntimeModule.GetTypes()
   at System.Reflection.Assembly.GetTypes()
   at EPiServer.Forms.Helpers.Internal.FormsExtensions.GetTypesFromAssembly(Assembly assembly)
System.Reflection.ReflectionTypeLoadException: Unable to load one or more of the requested types. Retrieve the LoaderExceptions property for more information.
   at System.Reflection.RuntimeModule.GetTypes(RuntimeModule module)
   at System.Reflection.RuntimeModule.GetTypes()
   at System.Reflection.Assembly.GetTypes()
   at EPiServer.Forms.Helpers.Internal.FormsExtensions.GetTypesFromAssembly(Assembly assembly)
2021-03-04 15:32:10,863 [1] ERROR EPiServer.Forms.Helpers.Internal.FormsExtensions: cannot get all types from assembly MySql.Web, Version=8.0.21.0, Culture=neutral, PublicKeyToken=c5687fc88969c44d. 
System.Reflection.ReflectionTypeLoadException: Unable to load one or more of the requested types. Retrieve the LoaderExceptions property for more information.
   at System.Reflection.RuntimeModule.GetTypes(RuntimeModule module)
   at System.Reflection.RuntimeModule.GetTypes()
   at System.Reflection.Assembly.GetTypes()
   at EPiServer.Forms.Helpers.Internal.FormsExtensions.GetTypesFromAssembly(Assembly assembly)
System.Reflection.ReflectionTypeLoadException: Unable to load one or more of the requested types. Retrieve the LoaderExceptions property for more information.
   at System.Reflection.RuntimeModule.GetTypes(RuntimeModule module)
   at System.Reflection.RuntimeModule.GetTypes()
   at System.Reflection.Assembly.GetTypes()
   at EPiServer.Forms.Helpers.Internal.FormsExtensions.GetTypesFromAssembly(Assembly assembly)
2021-03-04 15:32:52,729 [10] ERROR EPiServer.Forms.Helpers.Internal.FormsExtensions: cannot get all types from assembly MySql.Web, Version=8.0.21.0, Culture=neutral, PublicKeyToken=c5687fc88969c44d. 
System.Reflection.ReflectionTypeLoadException: Unable to load one or more of the requested types. Retrieve the LoaderExceptions property for more information.
   at System.Reflection.RuntimeModule.GetTypes(RuntimeModule module)
   at System.Reflection.RuntimeModule.GetTypes()
   at System.Reflection.Assembly.GetTypes()
   at EPiServer.Forms.Helpers.Internal.FormsExtensions.GetTypesFromAssembly(Assembly assembly)
System.Reflection.ReflectionTypeLoadException: Unable to load one or more of the requested types. Retrieve the LoaderExceptions property for more information.
   at System.Reflection.RuntimeModule.GetTypes(RuntimeModule module)
   at System.Reflection.RuntimeModule.GetTypes()
   at System.Reflection.Assembly.GetTypes()
   at EPiServer.Forms.Helpers.Internal.FormsExtensions.GetTypesFromAssembly(Assembly assembly)
2021-03-04 15:32:52,810 [10] ERROR EPiServer.Forms.Helpers.Internal.FormsExtensions: cannot get all types from assembly MySql.Web, Version=8.0.21.0, Culture=neutral, PublicKeyToken=c5687fc88969c44d. 
System.Reflection.ReflectionTypeLoadException: Unable to load one or more of the requested types. Retrieve the LoaderExceptions property for more information.
   at System.Reflection.RuntimeModule.GetTypes(RuntimeModule module)
   at System.Reflection.RuntimeModule.GetTypes()
   at System.Reflection.Assembly.GetTypes()
   at EPiServer.Forms.Helpers.Internal.FormsExtensions.GetTypesFromAssembly(Assembly assembly)
System.Reflection.ReflectionTypeLoadException: Unable to load one or more of the requested types. Retrieve the LoaderExceptions property for more information.
   at System.Reflection.RuntimeModule.GetTypes(RuntimeModule module)
   at System.Reflection.RuntimeModule.GetTypes()
   at System.Reflection.Assembly.GetTypes()
   at EPiServer.Forms.Helpers.Internal.FormsExtensions.GetTypesFromAssembly(Assembly assembly)
2021-03-04 15:49:16,449 [1] ERROR EPiServer.Forms.Helpers.Internal.FormsExtensions: cannot get all types from assembly MySql.Web, Version=8.0.21.0, Culture=neutral, PublicKeyToken=c5687fc88969c44d. 
System.Reflection.ReflectionTypeLoadException: Unable to load one or more of the requested types. Retrieve the LoaderExceptions property for more information.
   at System.Reflection.RuntimeModule.GetTypes(RuntimeModule module)
   at System.Reflection.RuntimeModule.GetTypes()
   at System.Reflection.Assembly.GetTypes()
   at EPiServer.Forms.Helpers.Internal.FormsExtensions.GetTypesFromAssembly(Assembly assembly)
System.Reflection.ReflectionTypeLoadException: Unable to load one or more of the requested types. Retrieve the LoaderExceptions property for more information.
   at System.Reflection.RuntimeModule.GetTypes(RuntimeModule module)
   at System.Reflection.RuntimeModule.GetTypes()
   at System.Reflection.Assembly.GetTypes()
   at EPiServer.Forms.Helpers.Internal.FormsExtensions.GetTypesFromAssembly(Assembly assembly)
2021-03-04 15:49:16,537 [1] ERROR EPiServer.Forms.Helpers.Internal.FormsExtensions: cannot get all types from assembly MySql.Web, Version=8.0.21.0, Culture=neutral, PublicKeyToken=c5687fc88969c44d. 
System.Reflection.ReflectionTypeLoadException: Unable to load one or more of the requested types. Retrieve the LoaderExceptions property for more information.
   at System.Reflection.RuntimeModule.GetTypes(RuntimeModule module)
   at System.Reflection.RuntimeModule.GetTypes()
   at System.Reflection.Assembly.GetTypes()
   at EPiServer.Forms.Helpers.Internal.FormsExtensions.GetTypesFromAssembly(Assembly assembly)
System.Reflection.ReflectionTypeLoadException: Unable to load one or more of the requested types. Retrieve the LoaderExceptions property for more information.
   at System.Reflection.RuntimeModule.GetTypes(RuntimeModule module)
   at System.Reflection.RuntimeModule.GetTypes()
   at System.Reflection.Assembly.GetTypes()
   at EPiServer.Forms.Helpers.Internal.FormsExtensions.GetTypesFromAssembly(Assembly assembly)
2021-03-04 15:49:16,612 [1] ERROR EPiServer.Forms.Helpers.Internal.FormsExtensions: cannot get all types from assembly MySql.Web, Version=8.0.21.0, Culture=neutral, PublicKeyToken=c5687fc88969c44d. 
System.Reflection.ReflectionTypeLoadException: Unable to load one or more of the requested types. Retrieve the LoaderExceptions property for more information.
   at System.Reflection.RuntimeModule.GetTypes(RuntimeModule module)
   at System.Reflection.RuntimeModule.GetTypes()
   at System.Reflection.Assembly.GetTypes()
   at EPiServer.Forms.Helpers.Internal.FormsExtensions.GetTypesFromAssembly(Assembly assembly)
System.Reflection.ReflectionTypeLoadException: Unable to load one or more of the requested types. Retrieve the LoaderExceptions property for more information.
   at System.Reflection.RuntimeModule.GetTypes(RuntimeModule module)
   at System.Reflection.RuntimeModule.GetTypes()
   at System.Reflection.Assembly.GetTypes()
   at EPiServer.Forms.Helpers.Internal.FormsExtensions.GetTypesFromAssembly(Assembly assembly)
2021-03-04 15:49:16,658 [1] ERROR EPiServer.Forms.Helpers.Internal.FormsExtensions: cannot get all types from assembly MySql.Web, Version=8.0.21.0, Culture=neutral, PublicKeyToken=c5687fc88969c44d. 
System.Reflection.ReflectionTypeLoadException: Unable to load one or more of the requested types. Retrieve the LoaderExceptions property for more information.
   at System.Reflection.RuntimeModule.GetTypes(RuntimeModule module)
   at System.Reflection.RuntimeModule.GetTypes()
   at System.Reflection.Assembly.GetTypes()
   at EPiServer.Forms.Helpers.Internal.FormsExtensions.GetTypesFromAssembly(Assembly assembly)
System.Reflection.ReflectionTypeLoadException: Unable to load one or more of the requested types. Retrieve the LoaderExceptions property for more information.
   at System.Reflection.RuntimeModule.GetTypes(RuntimeModule module)
   at System.Reflection.RuntimeModule.GetTypes()
   at System.Reflection.Assembly.GetTypes()
   at EPiServer.Forms.Helpers.Internal.FormsExtensions.GetTypesFromAssembly(Assembly assembly)
2021-03-04 15:49:17,124 [1] ERROR EPiServer.Forms.Helpers.Internal.FormsExtensions: cannot get all types from assembly MySql.Web, Version=8.0.21.0, Culture=neutral, PublicKeyToken=c5687fc88969c44d. 
System.Reflection.ReflectionTypeLoadException: Unable to load one or more of the requested types. Retrieve the LoaderExceptions property for more information.
   at System.Reflection.RuntimeModule.GetTypes(RuntimeModule module)
   at System.Reflection.RuntimeModule.GetTypes()
   at System.Reflection.Assembly.GetTypes()
   at EPiServer.Forms.Helpers.Internal.FormsExtensions.GetTypesFromAssembly(Assembly assembly)
System.Reflection.ReflectionTypeLoadException: Unable to load one or more of the requested types. Retrieve the LoaderExceptions property for more information.
   at System.Reflection.RuntimeModule.GetTypes(RuntimeModule module)
   at System.Reflection.RuntimeModule.GetTypes()
   at System.Reflection.Assembly.GetTypes()
   at EPiServer.Forms.Helpers.Internal.FormsExtensions.GetTypesFromAssembly(Assembly assembly)
2021-03-04 15:51:44,669 [11] ERROR EPiServer.Forms.Helpers.Internal.FormsExtensions: cannot get all types from assembly MySql.Web, Version=8.0.21.0, Culture=neutral, PublicKeyToken=c5687fc88969c44d. 
System.Reflection.ReflectionTypeLoadException: Unable to load one or more of the requested types. Retrieve the LoaderExceptions property for more information.
   at System.Reflection.RuntimeModule.GetTypes(RuntimeModule module)
   at System.Reflection.RuntimeModule.GetTypes()
   at System.Reflection.Assembly.GetTypes()
   at EPiServer.Forms.Helpers.Internal.FormsExtensions.GetTypesFromAssembly(Assembly assembly)
System.Reflection.ReflectionTypeLoadException: Unable to load one or more of the requested types. Retrieve the LoaderExceptions property for more information.
   at System.Reflection.RuntimeModule.GetTypes(RuntimeModule module)
   at System.Reflection.RuntimeModule.GetTypes()
   at System.Reflection.Assembly.GetTypes()
   at EPiServer.Forms.Helpers.Internal.FormsExtensions.GetTypesFromAssembly(Assembly assembly)
2021-03-04 15:51:44,764 [11] ERROR EPiServer.Forms.Helpers.Internal.FormsExtensions: cannot get all types from assembly MySql.Web, Version=8.0.21.0, Culture=neutral, PublicKeyToken=c5687fc88969c44d. 
System.Reflection.ReflectionTypeLoadException: Unable to load one or more of the requested types. Retrieve the LoaderExceptions property for more information.
   at System.Reflection.RuntimeModule.GetTypes(RuntimeModule module)
   at System.Reflection.RuntimeModule.GetTypes()
   at System.Reflection.Assembly.GetTypes()
   at EPiServer.Forms.Helpers.Internal.FormsExtensions.GetTypesFromAssembly(Assembly assembly)
System.Reflection.ReflectionTypeLoadException: Unable to load one or more of the requested types. Retrieve the LoaderExceptions property for more information.
   at System.Reflection.RuntimeModule.GetTypes(RuntimeModule module)
   at System.Reflection.RuntimeModule.GetTypes()
   at System.Reflection.Assembly.GetTypes()
   at EPiServer.Forms.Helpers.Internal.FormsExtensions.GetTypesFromAssembly(Assembly assembly)
2021-03-04 17:10:29,493 [1] ERROR EPiServer.Find.Cms.Module.IndexingModule: An exception occured while initializing the SearchClient. The type initializer for 'EPiServer.Find.Framework.SearchClient' threw an exception..
System.TypeInitializationException: The type initializer for 'EPiServer.Find.Framework.SearchClient' threw an exception. ---> System.Configuration.ConfigurationErrorsException: The serviceUrl cannot be empty
   at EPiServer.Find.Client.CreateFromConfig(Boolean bypassLicenseRestriction)
   at EPiServer.Find.Framework.SearchClient..cctor()
   --- End of inner exception stack trace ---
   at EPiServer.Find.Framework.SearchClient.get_InternalInstance()
   at EPiServer.Find.Cms.Module.IndexingModule.InitializeClient()
System.TypeInitializationException: The type initializer for 'EPiServer.Find.Framework.SearchClient' threw an exception. ---> System.Configuration.ConfigurationErrorsException: The serviceUrl cannot be empty
   at EPiServer.Find.Client.CreateFromConfig(Boolean bypassLicenseRestriction)
   at EPiServer.Find.Framework.SearchClient..cctor()
   --- End of inner exception stack trace ---
   at EPiServer.Find.Framework.SearchClient.get_InternalInstance()
   at EPiServer.Find.Cms.Module.IndexingModule.InitializeClient()
2021-03-04 17:10:29,539 [1] ERROR EPiServer.Framework.Initialization.InitializationEngine: Initialize action failed for 'Initialize on class EPiServer.Find.Cms.Module.IndexingModule, EPiServer.Find.Cms, Version=13.4.1.0, Culture=neutral, PublicKeyToken=8fe83dea738b45b7'
System.TypeInitializationException: The type initializer for 'EPiServer.Find.Framework.SearchClient' threw an exception. ---> System.Configuration.ConfigurationErrorsException: The serviceUrl cannot be empty
   at EPiServer.Find.Client.CreateFromConfig(Boolean bypassLicenseRestriction)
   at EPiServer.Find.Framework.SearchClient..cctor()
   --- End of inner exception stack trace ---
   at EPiServer.Find.Framework.SearchClient.get_InternalInstance()
   at EPiServer.Find.Cms.Module.IndexingModule.InitializeClient()
   at EPiServer.Find.Cms.Module.IndexingModule.Initialize(InitializationEngine context)
   at EPiServer.Framework.Initialization.Internal.ModuleNode.<>c__DisplayClass2_0.<Initialize>b__0()
   at EPiServer.Framework.Initialization.Internal.ModuleNode.Execute(Action a, String key)
   at EPiServer.Framework.Initialization.Internal.ModuleNode.Initialize(InitializationEngine context)
   at EPiServer.Framework.Initialization.InitializationEngine.InitializeModules()
System.TypeInitializationException: The type initializer for 'EPiServer.Find.Framework.SearchClient' threw an exception. ---> System.Configuration.ConfigurationErrorsException: The serviceUrl cannot be empty
   at EPiServer.Find.Client.CreateFromConfig(Boolean bypassLicenseRestriction)
   at EPiServer.Find.Framework.SearchClient..cctor()
   --- End of inner exception stack trace ---
   at EPiServer.Find.Framework.SearchClient.get_InternalInstance()
   at EPiServer.Find.Cms.Module.IndexingModule.InitializeClient()
   at EPiServer.Find.Cms.Module.IndexingModule.Initialize(InitializationEngine context)
   at EPiServer.Framework.Initialization.Internal.ModuleNode.<>c__DisplayClass2_0.<Initialize>b__0()
   at EPiServer.Framework.Initialization.Internal.ModuleNode.Execute(Action a, String key)
   at EPiServer.Framework.Initialization.Internal.ModuleNode.Initialize(InitializationEngine context)
   at EPiServer.Framework.Initialization.InitializationEngine.InitializeModules()
2021-03-04 17:12:44,428 [1] ERROR EPiServer.Find.Cms.Module.IndexingModule: An exception occured while initializing the SearchClient. The type initializer for 'EPiServer.Find.Framework.SearchClient' threw an exception..
System.TypeInitializationException: The type initializer for 'EPiServer.Find.Framework.SearchClient' threw an exception. ---> System.Configuration.ConfigurationErrorsException: The serviceUrl cannot be empty
   at EPiServer.Find.Client.CreateFromConfig(Boolean bypassLicenseRestriction)
   at EPiServer.Find.Framework.SearchClient..cctor()
   --- End of inner exception stack trace ---
   at EPiServer.Find.Framework.SearchClient.get_InternalInstance()
   at EPiServer.Find.Cms.Module.IndexingModule.InitializeClient()
System.TypeInitializationException: The type initializer for 'EPiServer.Find.Framework.SearchClient' threw an exception. ---> System.Configuration.ConfigurationErrorsException: The serviceUrl cannot be empty
   at EPiServer.Find.Client.CreateFromConfig(Boolean bypassLicenseRestriction)
   at EPiServer.Find.Framework.SearchClient..cctor()
   --- End of inner exception stack trace ---
   at EPiServer.Find.Framework.SearchClient.get_InternalInstance()
   at EPiServer.Find.Cms.Module.IndexingModule.InitializeClient()
2021-03-04 17:12:44,451 [1] ERROR EPiServer.Framework.Initialization.InitializationEngine: Initialize action failed for 'Initialize on class EPiServer.Find.Cms.Module.IndexingModule, EPiServer.Find.Cms, Version=13.4.1.0, Culture=neutral, PublicKeyToken=8fe83dea738b45b7'
System.TypeInitializationException: The type initializer for 'EPiServer.Find.Framework.SearchClient' threw an exception. ---> System.Configuration.ConfigurationErrorsException: The serviceUrl cannot be empty
   at EPiServer.Find.Client.CreateFromConfig(Boolean bypassLicenseRestriction)
   at EPiServer.Find.Framework.SearchClient..cctor()
   --- End of inner exception stack trace ---
   at EPiServer.Find.Framework.SearchClient.get_InternalInstance()
   at EPiServer.Find.Cms.Module.IndexingModule.InitializeClient()
   at EPiServer.Find.Cms.Module.IndexingModule.Initialize(InitializationEngine context)
   at EPiServer.Framework.Initialization.Internal.ModuleNode.<>c__DisplayClass2_0.<Initialize>b__0()
   at EPiServer.Framework.Initialization.Internal.ModuleNode.Execute(Action a, String key)
   at EPiServer.Framework.Initialization.Internal.ModuleNode.Initialize(InitializationEngine context)
   at EPiServer.Framework.Initialization.InitializationEngine.InitializeModules()
System.TypeInitializationException: The type initializer for 'EPiServer.Find.Framework.SearchClient' threw an exception. ---> System.Configuration.ConfigurationErrorsException: The serviceUrl cannot be empty
   at EPiServer.Find.Client.CreateFromConfig(Boolean bypassLicenseRestriction)
   at EPiServer.Find.Framework.SearchClient..cctor()
   --- End of inner exception stack trace ---
   at EPiServer.Find.Framework.SearchClient.get_InternalInstance()
   at EPiServer.Find.Cms.Module.IndexingModule.InitializeClient()
   at EPiServer.Find.Cms.Module.IndexingModule.Initialize(InitializationEngine context)
   at EPiServer.Framework.Initialization.Internal.ModuleNode.<>c__DisplayClass2_0.<Initialize>b__0()
   at EPiServer.Framework.Initialization.Internal.ModuleNode.Execute(Action a, String key)
   at EPiServer.Framework.Initialization.Internal.ModuleNode.Initialize(InitializationEngine context)
   at EPiServer.Framework.Initialization.InitializationEngine.InitializeModules()
2021-03-04 17:15:36,617 [1] ERROR EPiServer.Find.Cms.Module.IndexingModule: An exception occured while initializing the SearchClient. The type initializer for 'EPiServer.Find.Framework.SearchClient' threw an exception..
System.TypeInitializationException: The type initializer for 'EPiServer.Find.Framework.SearchClient' threw an exception. ---> System.Configuration.ConfigurationErrorsException: The serviceUrl cannot be empty
   at EPiServer.Find.Client.CreateFromConfig(Boolean bypassLicenseRestriction)
   at EPiServer.Find.Framework.SearchClient..cctor()
   --- End of inner exception stack trace ---
   at EPiServer.Find.Framework.SearchClient.get_InternalInstance()
   at EPiServer.Find.Cms.Module.IndexingModule.InitializeClient()
System.TypeInitializationException: The type initializer for 'EPiServer.Find.Framework.SearchClient' threw an exception. ---> System.Configuration.ConfigurationErrorsException: The serviceUrl cannot be empty
   at EPiServer.Find.Client.CreateFromConfig(Boolean bypassLicenseRestriction)
   at EPiServer.Find.Framework.SearchClient..cctor()
   --- End of inner exception stack trace ---
   at EPiServer.Find.Framework.SearchClient.get_InternalInstance()
   at EPiServer.Find.Cms.Module.IndexingModule.InitializeClient()
2021-03-04 17:15:36,641 [1] ERROR EPiServer.Framework.Initialization.InitializationEngine: Initialize action failed for 'Initialize on class EPiServer.Find.Cms.Module.IndexingModule, EPiServer.Find.Cms, Version=13.4.1.0, Culture=neutral, PublicKeyToken=8fe83dea738b45b7'
System.TypeInitializationException: The type initializer for 'EPiServer.Find.Framework.SearchClient' threw an exception. ---> System.Configuration.ConfigurationErrorsException: The serviceUrl cannot be empty
   at EPiServer.Find.Client.CreateFromConfig(Boolean bypassLicenseRestriction)
   at EPiServer.Find.Framework.SearchClient..cctor()
   --- End of inner exception stack trace ---
   at EPiServer.Find.Framework.SearchClient.get_InternalInstance()
   at EPiServer.Find.Cms.Module.IndexingModule.InitializeClient()
   at EPiServer.Find.Cms.Module.IndexingModule.Initialize(InitializationEngine context)
   at EPiServer.Framework.Initialization.Internal.ModuleNode.<>c__DisplayClass2_0.<Initialize>b__0()
   at EPiServer.Framework.Initialization.Internal.ModuleNode.Execute(Action a, String key)
   at EPiServer.Framework.Initialization.Internal.ModuleNode.Initialize(InitializationEngine context)
   at EPiServer.Framework.Initialization.InitializationEngine.InitializeModules()
System.TypeInitializationException: The type initializer for 'EPiServer.Find.Framework.SearchClient' threw an exception. ---> System.Configuration.ConfigurationErrorsException: The serviceUrl cannot be empty
   at EPiServer.Find.Client.CreateFromConfig(Boolean bypassLicenseRestriction)
   at EPiServer.Find.Framework.SearchClient..cctor()
   --- End of inner exception stack trace ---
   at EPiServer.Find.Framework.SearchClient.get_InternalInstance()
   at EPiServer.Find.Cms.Module.IndexingModule.InitializeClient()
   at EPiServer.Find.Cms.Module.IndexingModule.Initialize(InitializationEngine context)
   at EPiServer.Framework.Initialization.Internal.ModuleNode.<>c__DisplayClass2_0.<Initialize>b__0()
   at EPiServer.Framework.Initialization.Internal.ModuleNode.Execute(Action a, String key)
   at EPiServer.Framework.Initialization.Internal.ModuleNode.Initialize(InitializationEngine context)
   at EPiServer.Framework.Initialization.InitializationEngine.InitializeModules()
2021-03-04 17:17:11,947 [1] ERROR EPiServer.Find.Cms.Module.IndexingModule: An exception occured while initializing the SearchClient. The type initializer for 'EPiServer.Find.Framework.SearchClient' threw an exception..
System.TypeInitializationException: The type initializer for 'EPiServer.Find.Framework.SearchClient' threw an exception. ---> System.Configuration.ConfigurationErrorsException: The serviceUrl cannot be empty
   at EPiServer.Find.Client.CreateFromConfig(Boolean bypassLicenseRestriction)
   at EPiServer.Find.Framework.SearchClient..cctor()
   --- End of inner exception stack trace ---
   at EPiServer.Find.Framework.SearchClient.get_InternalInstance()
   at EPiServer.Find.Cms.Module.IndexingModule.InitializeClient()
System.TypeInitializationException: The type initializer for 'EPiServer.Find.Framework.SearchClient' threw an exception. ---> System.Configuration.ConfigurationErrorsException: The serviceUrl cannot be empty
   at EPiServer.Find.Client.CreateFromConfig(Boolean bypassLicenseRestriction)
   at EPiServer.Find.Framework.SearchClient..cctor()
   --- End of inner exception stack trace ---
   at EPiServer.Find.Framework.SearchClient.get_InternalInstance()
   at EPiServer.Find.Cms.Module.IndexingModule.InitializeClient()
2021-03-04 17:17:11,952 [1] ERROR EPiServer.Framework.Initialization.InitializationEngine: Initialize action failed for 'Initialize on class EPiServer.Find.Cms.Module.IndexingModule, EPiServer.Find.Cms, Version=13.4.1.0, Culture=neutral, PublicKeyToken=8fe83dea738b45b7'
System.TypeInitializationException: The type initializer for 'EPiServer.Find.Framework.SearchClient' threw an exception. ---> System.Configuration.ConfigurationErrorsException: The serviceUrl cannot be empty
   at EPiServer.Find.Client.CreateFromConfig(Boolean bypassLicenseRestriction)
   at EPiServer.Find.Framework.SearchClient..cctor()
   --- End of inner exception stack trace ---
   at EPiServer.Find.Framework.SearchClient.get_InternalInstance()
   at EPiServer.Find.Cms.Module.IndexingModule.InitializeClient()
   at EPiServer.Find.Cms.Module.IndexingModule.Initialize(InitializationEngine context)
   at EPiServer.Framework.Initialization.Internal.ModuleNode.<>c__DisplayClass2_0.<Initialize>b__0()
   at EPiServer.Framework.Initialization.Internal.ModuleNode.Execute(Action a, String key)
   at EPiServer.Framework.Initialization.Internal.ModuleNode.Initialize(InitializationEngine context)
   at EPiServer.Framework.Initialization.InitializationEngine.InitializeModules()
System.TypeInitializationException: The type initializer for 'EPiServer.Find.Framework.SearchClient' threw an exception. ---> System.Configuration.ConfigurationErrorsException: The serviceUrl cannot be empty
   at EPiServer.Find.Client.CreateFromConfig(Boolean bypassLicenseRestriction)
   at EPiServer.Find.Framework.SearchClient..cctor()
   --- End of inner exception stack trace ---
   at EPiServer.Find.Framework.SearchClient.get_InternalInstance()
   at EPiServer.Find.Cms.Module.IndexingModule.InitializeClient()
   at EPiServer.Find.Cms.Module.IndexingModule.Initialize(InitializationEngine context)
   at EPiServer.Framework.Initialization.Internal.ModuleNode.<>c__DisplayClass2_0.<Initialize>b__0()
   at EPiServer.Framework.Initialization.Internal.ModuleNode.Execute(Action a, String key)
   at EPiServer.Framework.Initialization.Internal.ModuleNode.Initialize(InitializationEngine context)
   at EPiServer.Framework.Initialization.InitializationEngine.InitializeModules()
2021-03-04 17:20:02,914 [1] ERROR EPiServer.Find.Cms.Module.IndexingModule: An exception occured while initializing the SearchClient. The type initializer for 'EPiServer.Find.Framework.SearchClient' threw an exception..
System.TypeInitializationException: The type initializer for 'EPiServer.Find.Framework.SearchClient' threw an exception. ---> System.Configuration.ConfigurationErrorsException: The serviceUrl cannot be empty
   at EPiServer.Find.Client.CreateFromConfig(Boolean bypassLicenseRestriction)
   at EPiServer.Find.Framework.SearchClient..cctor()
   --- End of inner exception stack trace ---
   at EPiServer.Find.Framework.SearchClient.get_InternalInstance()
   at EPiServer.Find.Cms.Module.IndexingModule.InitializeClient()
System.TypeInitializationException: The type initializer for 'EPiServer.Find.Framework.SearchClient' threw an exception. ---> System.Configuration.ConfigurationErrorsException: The serviceUrl cannot be empty
   at EPiServer.Find.Client.CreateFromConfig(Boolean bypassLicenseRestriction)
   at EPiServer.Find.Framework.SearchClient..cctor()
   --- End of inner exception stack trace ---
   at EPiServer.Find.Framework.SearchClient.get_InternalInstance()
   at EPiServer.Find.Cms.Module.IndexingModule.InitializeClient()
2021-03-04 17:20:02,920 [1] ERROR EPiServer.Framework.Initialization.InitializationEngine: Initialize action failed for 'Initialize on class EPiServer.Find.Cms.Module.IndexingModule, EPiServer.Find.Cms, Version=13.4.1.0, Culture=neutral, PublicKeyToken=8fe83dea738b45b7'
System.TypeInitializationException: The type initializer for 'EPiServer.Find.Framework.SearchClient' threw an exception. ---> System.Configuration.ConfigurationErrorsException: The serviceUrl cannot be empty
   at EPiServer.Find.Client.CreateFromConfig(Boolean bypassLicenseRestriction)
   at EPiServer.Find.Framework.SearchClient..cctor()
   --- End of inner exception stack trace ---
   at EPiServer.Find.Framework.SearchClient.get_InternalInstance()
   at EPiServer.Find.Cms.Module.IndexingModule.InitializeClient()
   at EPiServer.Find.Cms.Module.IndexingModule.Initialize(InitializationEngine context)
   at EPiServer.Framework.Initialization.Internal.ModuleNode.<>c__DisplayClass2_0.<Initialize>b__0()
   at EPiServer.Framework.Initialization.Internal.ModuleNode.Execute(Action a, String key)
   at EPiServer.Framework.Initialization.Internal.ModuleNode.Initialize(InitializationEngine context)
   at EPiServer.Framework.Initialization.InitializationEngine.InitializeModules()
System.TypeInitializationException: The type initializer for 'EPiServer.Find.Framework.SearchClient' threw an exception. ---> System.Configuration.ConfigurationErrorsException: The serviceUrl cannot be empty
   at EPiServer.Find.Client.CreateFromConfig(Boolean bypassLicenseRestriction)
   at EPiServer.Find.Framework.SearchClient..cctor()
   --- End of inner exception stack trace ---
   at EPiServer.Find.Framework.SearchClient.get_InternalInstance()
   at EPiServer.Find.Cms.Module.IndexingModule.InitializeClient()
   at EPiServer.Find.Cms.Module.IndexingModule.Initialize(InitializationEngine context)
   at EPiServer.Framework.Initialization.Internal.ModuleNode.<>c__DisplayClass2_0.<Initialize>b__0()
   at EPiServer.Framework.Initialization.Internal.ModuleNode.Execute(Action a, String key)
   at EPiServer.Framework.Initialization.Internal.ModuleNode.Initialize(InitializationEngine context)
   at EPiServer.Framework.Initialization.InitializationEngine.InitializeModules()
2021-03-04 17:45:29,932 [1] ERROR EPiServer.Find.Cms.Module.IndexingModule: An exception occured while initializing the SearchClient. The type initializer for 'EPiServer.Find.Framework.SearchClient' threw an exception..
System.TypeInitializationException: The type initializer for 'EPiServer.Find.Framework.SearchClient' threw an exception. ---> System.Configuration.ConfigurationErrorsException: The serviceUrl cannot be empty
   at EPiServer.Find.Client.CreateFromConfig(Boolean bypassLicenseRestriction)
   at EPiServer.Find.Framework.SearchClient..cctor()
   --- End of inner exception stack trace ---
   at EPiServer.Find.Framework.SearchClient.get_InternalInstance()
   at EPiServer.Find.Cms.Module.IndexingModule.InitializeClient()
System.TypeInitializationException: The type initializer for 'EPiServer.Find.Framework.SearchClient' threw an exception. ---> System.Configuration.ConfigurationErrorsException: The serviceUrl cannot be empty
   at EPiServer.Find.Client.CreateFromConfig(Boolean bypassLicenseRestriction)
   at EPiServer.Find.Framework.SearchClient..cctor()
   --- End of inner exception stack trace ---
   at EPiServer.Find.Framework.SearchClient.get_InternalInstance()
   at EPiServer.Find.Cms.Module.IndexingModule.InitializeClient()
2021-03-04 17:45:29,936 [1] ERROR EPiServer.Framework.Initialization.InitializationEngine: Initialize action failed for 'Initialize on class EPiServer.Find.Cms.Module.IndexingModule, EPiServer.Find.Cms, Version=13.4.1.0, Culture=neutral, PublicKeyToken=8fe83dea738b45b7'
System.TypeInitializationException: The type initializer for 'EPiServer.Find.Framework.SearchClient' threw an exception. ---> System.Configuration.ConfigurationErrorsException: The serviceUrl cannot be empty
   at EPiServer.Find.Client.CreateFromConfig(Boolean bypassLicenseRestriction)
   at EPiServer.Find.Framework.SearchClient..cctor()
   --- End of inner exception stack trace ---
   at EPiServer.Find.Framework.SearchClient.get_InternalInstance()
   at EPiServer.Find.Cms.Module.IndexingModule.InitializeClient()
   at EPiServer.Find.Cms.Module.IndexingModule.Initialize(InitializationEngine context)
   at EPiServer.Framework.Initialization.Internal.ModuleNode.<>c__DisplayClass2_0.<Initialize>b__0()
   at EPiServer.Framework.Initialization.Internal.ModuleNode.Execute(Action a, String key)
   at EPiServer.Framework.Initialization.Internal.ModuleNode.Initialize(InitializationEngine context)
   at EPiServer.Framework.Initialization.InitializationEngine.InitializeModules()
System.TypeInitializationException: The type initializer for 'EPiServer.Find.Framework.SearchClient' threw an exception. ---> System.Configuration.ConfigurationErrorsException: The serviceUrl cannot be empty
   at EPiServer.Find.Client.CreateFromConfig(Boolean bypassLicenseRestriction)
   at EPiServer.Find.Framework.SearchClient..cctor()
   --- End of inner exception stack trace ---
   at EPiServer.Find.Framework.SearchClient.get_InternalInstance()
   at EPiServer.Find.Cms.Module.IndexingModule.InitializeClient()
   at EPiServer.Find.Cms.Module.IndexingModule.Initialize(InitializationEngine context)
   at EPiServer.Framework.Initialization.Internal.ModuleNode.<>c__DisplayClass2_0.<Initialize>b__0()
   at EPiServer.Framework.Initialization.Internal.ModuleNode.Execute(Action a, String key)
   at EPiServer.Framework.Initialization.Internal.ModuleNode.Initialize(InitializationEngine context)
   at EPiServer.Framework.Initialization.InitializationEngine.InitializeModules()
2021-03-04 17:48:23,600 [1] ERROR EPiServer.Forms.Helpers.Internal.FormsExtensions: cannot get all types from assembly MySql.Web, Version=8.0.21.0, Culture=neutral, PublicKeyToken=c5687fc88969c44d. 
System.Reflection.ReflectionTypeLoadException: Unable to load one or more of the requested types. Retrieve the LoaderExceptions property for more information.
   at System.Reflection.RuntimeModule.GetTypes(RuntimeModule module)
   at System.Reflection.RuntimeModule.GetTypes()
   at System.Reflection.Assembly.GetTypes()
   at EPiServer.Forms.Helpers.Internal.FormsExtensions.GetTypesFromAssembly(Assembly assembly)
System.Reflection.ReflectionTypeLoadException: Unable to load one or more of the requested types. Retrieve the LoaderExceptions property for more information.
   at System.Reflection.RuntimeModule.GetTypes(RuntimeModule module)
   at System.Reflection.RuntimeModule.GetTypes()
   at System.Reflection.Assembly.GetTypes()
   at EPiServer.Forms.Helpers.Internal.FormsExtensions.GetTypesFromAssembly(Assembly assembly)
2021-03-04 17:48:23,631 [1] ERROR EPiServer.Forms.Helpers.Internal.FormsExtensions: cannot get all types from assembly MySql.Web, Version=8.0.21.0, Culture=neutral, PublicKeyToken=c5687fc88969c44d. 
System.Reflection.ReflectionTypeLoadException: Unable to load one or more of the requested types. Retrieve the LoaderExceptions property for more information.
   at System.Reflection.RuntimeModule.GetTypes(RuntimeModule module)
   at System.Reflection.RuntimeModule.GetTypes()
   at System.Reflection.Assembly.GetTypes()
   at EPiServer.Forms.Helpers.Internal.FormsExtensions.GetTypesFromAssembly(Assembly assembly)
System.Reflection.ReflectionTypeLoadException: Unable to load one or more of the requested types. Retrieve the LoaderExceptions property for more information.
   at System.Reflection.RuntimeModule.GetTypes(RuntimeModule module)
   at System.Reflection.RuntimeModule.GetTypes()
   at System.Reflection.Assembly.GetTypes()
   at EPiServer.Forms.Helpers.Internal.FormsExtensions.GetTypesFromAssembly(Assembly assembly)
2021-03-04 17:48:23,663 [1] ERROR EPiServer.Forms.Helpers.Internal.FormsExtensions: cannot get all types from assembly MySql.Web, Version=8.0.21.0, Culture=neutral, PublicKeyToken=c5687fc88969c44d. 
System.Reflection.ReflectionTypeLoadException: Unable to load one or more of the requested types. Retrieve the LoaderExceptions property for more information.
   at System.Reflection.RuntimeModule.GetTypes(RuntimeModule module)
   at System.Reflection.RuntimeModule.GetTypes()
   at System.Reflection.Assembly.GetTypes()
   at EPiServer.Forms.Helpers.Internal.FormsExtensions.GetTypesFromAssembly(Assembly assembly)
System.Reflection.ReflectionTypeLoadException: Unable to load one or more of the requested types. Retrieve the LoaderExceptions property for more information.
   at System.Reflection.RuntimeModule.GetTypes(RuntimeModule module)
   at System.Reflection.RuntimeModule.GetTypes()
   at System.Reflection.Assembly.GetTypes()
   at EPiServer.Forms.Helpers.Internal.FormsExtensions.GetTypesFromAssembly(Assembly assembly)
2021-03-04 17:48:23,685 [1] ERROR EPiServer.Forms.Helpers.Internal.FormsExtensions: cannot get all types from assembly MySql.Web, Version=8.0.21.0, Culture=neutral, PublicKeyToken=c5687fc88969c44d. 
System.Reflection.ReflectionTypeLoadException: Unable to load one or more of the requested types. Retrieve the LoaderExceptions property for more information.
   at System.Reflection.RuntimeModule.GetTypes(RuntimeModule module)
   at System.Reflection.RuntimeModule.GetTypes()
   at System.Reflection.Assembly.GetTypes()
   at EPiServer.Forms.Helpers.Internal.FormsExtensions.GetTypesFromAssembly(Assembly assembly)
System.Reflection.ReflectionTypeLoadException: Unable to load one or more of the requested types. Retrieve the LoaderExceptions property for more information.
   at System.Reflection.RuntimeModule.GetTypes(RuntimeModule module)
   at System.Reflection.RuntimeModule.GetTypes()
   at System.Reflection.Assembly.GetTypes()
   at EPiServer.Forms.Helpers.Internal.FormsExtensions.GetTypesFromAssembly(Assembly assembly)
2021-03-04 17:48:23,858 [1] ERROR EPiServer.Forms.Helpers.Internal.FormsExtensions: cannot get all types from assembly MySql.Web, Version=8.0.21.0, Culture=neutral, PublicKeyToken=c5687fc88969c44d. 
System.Reflection.ReflectionTypeLoadException: Unable to load one or more of the requested types. Retrieve the LoaderExceptions property for more information.
   at System.Reflection.RuntimeModule.GetTypes(RuntimeModule module)
   at System.Reflection.RuntimeModule.GetTypes()
   at System.Reflection.Assembly.GetTypes()
   at EPiServer.Forms.Helpers.Internal.FormsExtensions.GetTypesFromAssembly(Assembly assembly)
System.Reflection.ReflectionTypeLoadException: Unable to load one or more of the requested types. Retrieve the LoaderExceptions property for more information.
   at System.Reflection.RuntimeModule.GetTypes(RuntimeModule module)
   at System.Reflection.RuntimeModule.GetTypes()
   at System.Reflection.Assembly.GetTypes()
   at EPiServer.Forms.Helpers.Internal.FormsExtensions.GetTypesFromAssembly(Assembly assembly)
2021-03-04 17:48:43,414 [10] ERROR EPiServer.Forms.Helpers.Internal.FormsExtensions: cannot get all types from assembly MySql.Web, Version=8.0.21.0, Culture=neutral, PublicKeyToken=c5687fc88969c44d. 
System.Reflection.ReflectionTypeLoadException: Unable to load one or more of the requested types. Retrieve the LoaderExceptions property for more information.
   at System.Reflection.RuntimeModule.GetTypes(RuntimeModule module)
   at System.Reflection.RuntimeModule.GetTypes()
   at System.Reflection.Assembly.GetTypes()
   at EPiServer.Forms.Helpers.Internal.FormsExtensions.GetTypesFromAssembly(Assembly assembly)
System.Reflection.ReflectionTypeLoadException: Unable to load one or more of the requested types. Retrieve the LoaderExceptions property for more information.
   at System.Reflection.RuntimeModule.GetTypes(RuntimeModule module)
   at System.Reflection.RuntimeModule.GetTypes()
   at System.Reflection.Assembly.GetTypes()
   at EPiServer.Forms.Helpers.Internal.FormsExtensions.GetTypesFromAssembly(Assembly assembly)
2021-03-04 17:48:43,456 [10] ERROR EPiServer.Forms.Helpers.Internal.FormsExtensions: cannot get all types from assembly MySql.Web, Version=8.0.21.0, Culture=neutral, PublicKeyToken=c5687fc88969c44d. 
System.Reflection.ReflectionTypeLoadException: Unable to load one or more of the requested types. Retrieve the LoaderExceptions property for more information.
   at System.Reflection.RuntimeModule.GetTypes(RuntimeModule module)
   at System.Reflection.RuntimeModule.GetTypes()
   at System.Reflection.Assembly.GetTypes()
   at EPiServer.Forms.Helpers.Internal.FormsExtensions.GetTypesFromAssembly(Assembly assembly)
System.Reflection.ReflectionTypeLoadException: Unable to load one or more of the requested types. Retrieve the LoaderExceptions property for more information.
   at System.Reflection.RuntimeModule.GetTypes(RuntimeModule module)
   at System.Reflection.RuntimeModule.GetTypes()
   at System.Reflection.Assembly.GetTypes()
   at EPiServer.Forms.Helpers.Internal.FormsExtensions.GetTypesFromAssembly(Assembly assembly)
2021-03-04 22:18:00,039 [1] ERROR EPiServer.Forms.Helpers.Internal.FormsExtensions: cannot get all types from assembly MySql.Web, Version=8.0.21.0, Culture=neutral, PublicKeyToken=c5687fc88969c44d. 
System.Reflection.ReflectionTypeLoadException: Unable to load one or more of the requested types. Retrieve the LoaderExceptions property for more information.
   at System.Reflection.RuntimeModule.GetTypes(RuntimeModule module)
   at System.Reflection.RuntimeModule.GetTypes()
   at System.Reflection.Assembly.GetTypes()
   at EPiServer.Forms.Helpers.Internal.FormsExtensions.GetTypesFromAssembly(Assembly assembly)
System.Reflection.ReflectionTypeLoadException: Unable to load one or more of the requested types. Retrieve the LoaderExceptions property for more information.
   at System.Reflection.RuntimeModule.GetTypes(RuntimeModule module)
   at System.Reflection.RuntimeModule.GetTypes()
   at System.Reflection.Assembly.GetTypes()
   at EPiServer.Forms.Helpers.Internal.FormsExtensions.GetTypesFromAssembly(Assembly assembly)
2021-03-04 22:18:00,096 [1] ERROR EPiServer.Forms.Helpers.Internal.FormsExtensions: cannot get all types from assembly MySql.Web, Version=8.0.21.0, Culture=neutral, PublicKeyToken=c5687fc88969c44d. 
System.Reflection.ReflectionTypeLoadException: Unable to load one or more of the requested types. Retrieve the LoaderExceptions property for more information.
   at System.Reflection.RuntimeModule.GetTypes(RuntimeModule module)
   at System.Reflection.RuntimeModule.GetTypes()
   at System.Reflection.Assembly.GetTypes()
   at EPiServer.Forms.Helpers.Internal.FormsExtensions.GetTypesFromAssembly(Assembly assembly)
System.Reflection.ReflectionTypeLoadException: Unable to load one or more of the requested types. Retrieve the LoaderExceptions property for more information.
   at System.Reflection.RuntimeModule.GetTypes(RuntimeModule module)
   at System.Reflection.RuntimeModule.GetTypes()
   at System.Reflection.Assembly.GetTypes()
   at EPiServer.Forms.Helpers.Internal.FormsExtensions.GetTypesFromAssembly(Assembly assembly)
2021-03-04 22:18:00,191 [1] ERROR EPiServer.Forms.Helpers.Internal.FormsExtensions: cannot get all types from assembly MySql.Web, Version=8.0.21.0, Culture=neutral, PublicKeyToken=c5687fc88969c44d. 
System.Reflection.ReflectionTypeLoadException: Unable to load one or more of the requested types. Retrieve the LoaderExceptions property for more information.
   at System.Reflection.RuntimeModule.GetTypes(RuntimeModule module)
   at System.Reflection.RuntimeModule.GetTypes()
   at System.Reflection.Assembly.GetTypes()
   at EPiServer.Forms.Helpers.Internal.FormsExtensions.GetTypesFromAssembly(Assembly assembly)
System.Reflection.ReflectionTypeLoadException: Unable to load one or more of the requested types. Retrieve the LoaderExceptions property for more information.
   at System.Reflection.RuntimeModule.GetTypes(RuntimeModule module)
   at System.Reflection.RuntimeModule.GetTypes()
   at System.Reflection.Assembly.GetTypes()
   at EPiServer.Forms.Helpers.Internal.FormsExtensions.GetTypesFromAssembly(Assembly assembly)
2021-03-04 22:18:00,250 [1] ERROR EPiServer.Forms.Helpers.Internal.FormsExtensions: cannot get all types from assembly MySql.Web, Version=8.0.21.0, Culture=neutral, PublicKeyToken=c5687fc88969c44d. 
System.Reflection.ReflectionTypeLoadException: Unable to load one or more of the requested types. Retrieve the LoaderExceptions property for more information.
   at System.Reflection.RuntimeModule.GetTypes(RuntimeModule module)
   at System.Reflection.RuntimeModule.GetTypes()
   at System.Reflection.Assembly.GetTypes()
   at EPiServer.Forms.Helpers.Internal.FormsExtensions.GetTypesFromAssembly(Assembly assembly)
System.Reflection.ReflectionTypeLoadException: Unable to load one or more of the requested types. Retrieve the LoaderExceptions property for more information.
   at System.Reflection.RuntimeModule.GetTypes(RuntimeModule module)
   at System.Reflection.RuntimeModule.GetTypes()
   at System.Reflection.Assembly.GetTypes()
   at EPiServer.Forms.Helpers.Internal.FormsExtensions.GetTypesFromAssembly(Assembly assembly)
2021-03-04 22:18:00,948 [1] ERROR EPiServer.Forms.Helpers.Internal.FormsExtensions: cannot get all types from assembly MySql.Web, Version=8.0.21.0, Culture=neutral, PublicKeyToken=c5687fc88969c44d. 
System.Reflection.ReflectionTypeLoadException: Unable to load one or more of the requested types. Retrieve the LoaderExceptions property for more information.
   at System.Reflection.RuntimeModule.GetTypes(RuntimeModule module)
   at System.Reflection.RuntimeModule.GetTypes()
   at System.Reflection.Assembly.GetTypes()
   at EPiServer.Forms.Helpers.Internal.FormsExtensions.GetTypesFromAssembly(Assembly assembly)
System.Reflection.ReflectionTypeLoadException: Unable to load one or more of the requested types. Retrieve the LoaderExceptions property for more information.
   at System.Reflection.RuntimeModule.GetTypes(RuntimeModule module)
   at System.Reflection.RuntimeModule.GetTypes()
   at System.Reflection.Assembly.GetTypes()
   at EPiServer.Forms.Helpers.Internal.FormsExtensions.GetTypesFromAssembly(Assembly assembly)
2021-03-04 22:20:28,668 [7] ERROR EPiServer.Forms.Helpers.Internal.FormsExtensions: cannot get all types from assembly MySql.Web, Version=8.0.21.0, Culture=neutral, PublicKeyToken=c5687fc88969c44d. 
System.Reflection.ReflectionTypeLoadException: Unable to load one or more of the requested types. Retrieve the LoaderExceptions property for more information.
   at System.Reflection.RuntimeModule.GetTypes(RuntimeModule module)
   at System.Reflection.RuntimeModule.GetTypes()
   at System.Reflection.Assembly.GetTypes()
   at EPiServer.Forms.Helpers.Internal.FormsExtensions.GetTypesFromAssembly(Assembly assembly)
System.Reflection.ReflectionTypeLoadException: Unable to load one or more of the requested types. Retrieve the LoaderExceptions property for more information.
   at System.Reflection.RuntimeModule.GetTypes(RuntimeModule module)
   at System.Reflection.RuntimeModule.GetTypes()
   at System.Reflection.Assembly.GetTypes()
   at EPiServer.Forms.Helpers.Internal.FormsExtensions.GetTypesFromAssembly(Assembly assembly)
2021-03-04 22:20:28,761 [7] ERROR EPiServer.Forms.Helpers.Internal.FormsExtensions: cannot get all types from assembly MySql.Web, Version=8.0.21.0, Culture=neutral, PublicKeyToken=c5687fc88969c44d. 
System.Reflection.ReflectionTypeLoadException: Unable to load one or more of the requested types. Retrieve the LoaderExceptions property for more information.
   at System.Reflection.RuntimeModule.GetTypes(RuntimeModule module)
   at System.Reflection.RuntimeModule.GetTypes()
   at System.Reflection.Assembly.GetTypes()
   at EPiServer.Forms.Helpers.Internal.FormsExtensions.GetTypesFromAssembly(Assembly assembly)
System.Reflection.ReflectionTypeLoadException: Unable to load one or more of the requested types. Retrieve the LoaderExceptions property for more information.
   at System.Reflection.RuntimeModule.GetTypes(RuntimeModule module)
   at System.Reflection.RuntimeModule.GetTypes()
   at System.Reflection.Assembly.GetTypes()
   at EPiServer.Forms.Helpers.Internal.FormsExtensions.GetTypesFromAssembly(Assembly assembly)
