2021-03-03 08:20:32,304 [1] ERROR EPiServer.Forms.Helpers.Internal.FormsExtensions: cannot get all types from assembly MySql.Web, Version=8.0.21.0, Culture=neutral, PublicKeyToken=c5687fc88969c44d. 
System.Reflection.ReflectionTypeLoadException: Unable to load one or more of the requested types. Retrieve the LoaderExceptions property for more information.
   at System.Reflection.RuntimeModule.GetTypes(RuntimeModule module)
   at System.Reflection.RuntimeModule.GetTypes()
   at System.Reflection.Assembly.GetTypes()
   at EPiServer.Forms.Helpers.Internal.FormsExtensions.GetTypesFromAssembly(Assembly assembly)
System.Reflection.ReflectionTypeLoadException: Unable to load one or more of the requested types. Retrieve the LoaderExceptions property for more information.
   at System.Reflection.RuntimeModule.GetTypes(RuntimeModule module)
   at System.Reflection.RuntimeModule.GetTypes()
   at System.Reflection.Assembly.GetTypes()
   at EPiServer.Forms.Helpers.Internal.FormsExtensions.GetTypesFromAssembly(Assembly assembly)
2021-03-03 08:20:32,379 [1] ERROR EPiServer.Forms.Helpers.Internal.FormsExtensions: cannot get all types from assembly MySql.Web, Version=8.0.21.0, Culture=neutral, PublicKeyToken=c5687fc88969c44d. 
System.Reflection.ReflectionTypeLoadException: Unable to load one or more of the requested types. Retrieve the LoaderExceptions property for more information.
   at System.Reflection.RuntimeModule.GetTypes(RuntimeModule module)
   at System.Reflection.RuntimeModule.GetTypes()
   at System.Reflection.Assembly.GetTypes()
   at EPiServer.Forms.Helpers.Internal.FormsExtensions.GetTypesFromAssembly(Assembly assembly)
System.Reflection.ReflectionTypeLoadException: Unable to load one or more of the requested types. Retrieve the LoaderExceptions property for more information.
   at System.Reflection.RuntimeModule.GetTypes(RuntimeModule module)
   at System.Reflection.RuntimeModule.GetTypes()
   at System.Reflection.Assembly.GetTypes()
   at EPiServer.Forms.Helpers.Internal.FormsExtensions.GetTypesFromAssembly(Assembly assembly)
2021-03-03 08:20:32,455 [1] ERROR EPiServer.Forms.Helpers.Internal.FormsExtensions: cannot get all types from assembly MySql.Web, Version=8.0.21.0, Culture=neutral, PublicKeyToken=c5687fc88969c44d. 
System.Reflection.ReflectionTypeLoadException: Unable to load one or more of the requested types. Retrieve the LoaderExceptions property for more information.
   at System.Reflection.RuntimeModule.GetTypes(RuntimeModule module)
   at System.Reflection.RuntimeModule.GetTypes()
   at System.Reflection.Assembly.GetTypes()
   at EPiServer.Forms.Helpers.Internal.FormsExtensions.GetTypesFromAssembly(Assembly assembly)
System.Reflection.ReflectionTypeLoadException: Unable to load one or more of the requested types. Retrieve the LoaderExceptions property for more information.
   at System.Reflection.RuntimeModule.GetTypes(RuntimeModule module)
   at System.Reflection.RuntimeModule.GetTypes()
   at System.Reflection.Assembly.GetTypes()
   at EPiServer.Forms.Helpers.Internal.FormsExtensions.GetTypesFromAssembly(Assembly assembly)
2021-03-03 08:20:32,491 [1] ERROR EPiServer.Forms.Helpers.Internal.FormsExtensions: cannot get all types from assembly MySql.Web, Version=8.0.21.0, Culture=neutral, PublicKeyToken=c5687fc88969c44d. 
System.Reflection.ReflectionTypeLoadException: Unable to load one or more of the requested types. Retrieve the LoaderExceptions property for more information.
   at System.Reflection.RuntimeModule.GetTypes(RuntimeModule module)
   at System.Reflection.RuntimeModule.GetTypes()
   at System.Reflection.Assembly.GetTypes()
   at EPiServer.Forms.Helpers.Internal.FormsExtensions.GetTypesFromAssembly(Assembly assembly)
System.Reflection.ReflectionTypeLoadException: Unable to load one or more of the requested types. Retrieve the LoaderExceptions property for more information.
   at System.Reflection.RuntimeModule.GetTypes(RuntimeModule module)
   at System.Reflection.RuntimeModule.GetTypes()
   at System.Reflection.Assembly.GetTypes()
   at EPiServer.Forms.Helpers.Internal.FormsExtensions.GetTypesFromAssembly(Assembly assembly)
2021-03-03 08:20:32,866 [1] ERROR EPiServer.Forms.Helpers.Internal.FormsExtensions: cannot get all types from assembly MySql.Web, Version=8.0.21.0, Culture=neutral, PublicKeyToken=c5687fc88969c44d. 
System.Reflection.ReflectionTypeLoadException: Unable to load one or more of the requested types. Retrieve the LoaderExceptions property for more information.
   at System.Reflection.RuntimeModule.GetTypes(RuntimeModule module)
   at System.Reflection.RuntimeModule.GetTypes()
   at System.Reflection.Assembly.GetTypes()
   at EPiServer.Forms.Helpers.Internal.FormsExtensions.GetTypesFromAssembly(Assembly assembly)
System.Reflection.ReflectionTypeLoadException: Unable to load one or more of the requested types. Retrieve the LoaderExceptions property for more information.
   at System.Reflection.RuntimeModule.GetTypes(RuntimeModule module)
   at System.Reflection.RuntimeModule.GetTypes()
   at System.Reflection.Assembly.GetTypes()
   at EPiServer.Forms.Helpers.Internal.FormsExtensions.GetTypesFromAssembly(Assembly assembly)
2021-03-03 08:20:52,948 [8] ERROR EPiServer.Forms.Helpers.Internal.FormsExtensions: cannot get all types from assembly MySql.Web, Version=8.0.21.0, Culture=neutral, PublicKeyToken=c5687fc88969c44d. 
System.Reflection.ReflectionTypeLoadException: Unable to load one or more of the requested types. Retrieve the LoaderExceptions property for more information.
   at System.Reflection.RuntimeModule.GetTypes(RuntimeModule module)
   at System.Reflection.RuntimeModule.GetTypes()
   at System.Reflection.Assembly.GetTypes()
   at EPiServer.Forms.Helpers.Internal.FormsExtensions.GetTypesFromAssembly(Assembly assembly)
System.Reflection.ReflectionTypeLoadException: Unable to load one or more of the requested types. Retrieve the LoaderExceptions property for more information.
   at System.Reflection.RuntimeModule.GetTypes(RuntimeModule module)
   at System.Reflection.RuntimeModule.GetTypes()
   at System.Reflection.Assembly.GetTypes()
   at EPiServer.Forms.Helpers.Internal.FormsExtensions.GetTypesFromAssembly(Assembly assembly)
2021-03-03 08:20:53,070 [8] ERROR EPiServer.Forms.Helpers.Internal.FormsExtensions: cannot get all types from assembly MySql.Web, Version=8.0.21.0, Culture=neutral, PublicKeyToken=c5687fc88969c44d. 
System.Reflection.ReflectionTypeLoadException: Unable to load one or more of the requested types. Retrieve the LoaderExceptions property for more information.
   at System.Reflection.RuntimeModule.GetTypes(RuntimeModule module)
   at System.Reflection.RuntimeModule.GetTypes()
   at System.Reflection.Assembly.GetTypes()
   at EPiServer.Forms.Helpers.Internal.FormsExtensions.GetTypesFromAssembly(Assembly assembly)
System.Reflection.ReflectionTypeLoadException: Unable to load one or more of the requested types. Retrieve the LoaderExceptions property for more information.
   at System.Reflection.RuntimeModule.GetTypes(RuntimeModule module)
   at System.Reflection.RuntimeModule.GetTypes()
   at System.Reflection.Assembly.GetTypes()
   at EPiServer.Forms.Helpers.Internal.FormsExtensions.GetTypesFromAssembly(Assembly assembly)
2021-03-03 08:21:13,915 [9] ERROR EPiServer.DataAbstraction.ScheduledJob: Job EPiServer.Cms.Shell.UI.Notifications.Feature.FeatureNotificationJob failed for the job 'Episerver Notifications' with jobId ='8bd1ac63-9ed3-42e1-9b63-76498ab5ac94' 
System.AggregateException: One or more errors occurred. ---> System.Net.Http.HttpRequestException: An error occurred while sending the request. ---> System.Net.WebException: The remote name could not be resolved: 'world.episerver.com'
   at System.Net.HttpWebRequest.EndGetResponse(IAsyncResult asyncResult)
   at System.Net.Http.HttpClientHandler.GetResponseCallback(IAsyncResult ar)
   --- End of inner exception stack trace ---
   at System.Runtime.CompilerServices.TaskAwaiter.ThrowForNonSuccess(Task task)
   at System.Runtime.CompilerServices.TaskAwaiter.HandleNonSuccessAndDebuggerNotification(Task task)
   at EPiServer.Cms.Shell.UI.Notifications.Feature.HttpClientWrapper.<GetStreamAsync>d__2.MoveNext()
--- End of stack trace from previous location where exception was thrown ---
   at System.Runtime.CompilerServices.TaskAwaiter.ThrowForNonSuccess(Task task)
   at System.Runtime.CompilerServices.TaskAwaiter.HandleNonSuccessAndDebuggerNotification(Task task)
   at EPiServer.Cms.Shell.UI.Notifications.Feature.RssDataFetcher.<GetStream>d__5.MoveNext()
--- End of stack trace from previous location where exception was thrown ---
   at System.Runtime.CompilerServices.TaskAwaiter.ThrowForNonSuccess(Task task)
   at System.Runtime.CompilerServices.TaskAwaiter.HandleNonSuccessAndDebuggerNotification(Task task)
   at EPiServer.Cms.Shell.UI.Notifications.Feature.RssDataFetcher.<FetchData>d__4.MoveNext()
   --- End of inner exception stack trace ---
   at System.Threading.Tasks.Task.ThrowIfExceptional(Boolean includeTaskCanceledExceptions)
   at System.Threading.Tasks.Task`1.GetResultCore(Boolean waitCompletionNotification)
   at System.Threading.Tasks.Task`1.get_Result()
   at EPiServer.Cms.Shell.UI.Notifications.Feature.FeatureNotificationJob.Execute()
   at EPiServer.Scheduler.Internal.DefaultScheduledJobExecutor.<Execute>d__31.MoveNext()
---> (Inner Exception #0) System.Net.Http.HttpRequestException: An error occurred while sending the request. ---> System.Net.WebException: The remote name could not be resolved: 'world.episerver.com'
   at System.Net.HttpWebRequest.EndGetResponse(IAsyncResult asyncResult)
   at System.Net.Http.HttpClientHandler.GetResponseCallback(IAsyncResult ar)
   --- End of inner exception stack trace ---
   at System.Runtime.CompilerServices.TaskAwaiter.ThrowForNonSuccess(Task task)
   at System.Runtime.CompilerServices.TaskAwaiter.HandleNonSuccessAndDebuggerNotification(Task task)
   at EPiServer.Cms.Shell.UI.Notifications.Feature.HttpClientWrapper.<GetStreamAsync>d__2.MoveNext()
--- End of stack trace from previous location where exception was thrown ---
   at System.Runtime.CompilerServices.TaskAwaiter.ThrowForNonSuccess(Task task)
   at System.Runtime.CompilerServices.TaskAwaiter.HandleNonSuccessAndDebuggerNotification(Task task)
   at EPiServer.Cms.Shell.UI.Notifications.Feature.RssDataFetcher.<GetStream>d__5.MoveNext()
--- End of stack trace from previous location where exception was thrown ---
   at System.Runtime.CompilerServices.TaskAwaiter.ThrowForNonSuccess(Task task)
   at System.Runtime.CompilerServices.TaskAwaiter.HandleNonSuccessAndDebuggerNotification(Task task)
   at EPiServer.Cms.Shell.UI.Notifications.Feature.RssDataFetcher.<FetchData>d__4.MoveNext()<---

System.AggregateException: One or more errors occurred. ---> System.Net.Http.HttpRequestException: An error occurred while sending the request. ---> System.Net.WebException: The remote name could not be resolved: 'world.episerver.com'
   at System.Net.HttpWebRequest.EndGetResponse(IAsyncResult asyncResult)
   at System.Net.Http.HttpClientHandler.GetResponseCallback(IAsyncResult ar)
   --- End of inner exception stack trace ---
   at System.Runtime.CompilerServices.TaskAwaiter.ThrowForNonSuccess(Task task)
   at System.Runtime.CompilerServices.TaskAwaiter.HandleNonSuccessAndDebuggerNotification(Task task)
   at EPiServer.Cms.Shell.UI.Notifications.Feature.HttpClientWrapper.<GetStreamAsync>d__2.MoveNext()
--- End of stack trace from previous location where exception was thrown ---
   at System.Runtime.CompilerServices.TaskAwaiter.ThrowForNonSuccess(Task task)
   at System.Runtime.CompilerServices.TaskAwaiter.HandleNonSuccessAndDebuggerNotification(Task task)
   at EPiServer.Cms.Shell.UI.Notifications.Feature.RssDataFetcher.<GetStream>d__5.MoveNext()
--- End of stack trace from previous location where exception was thrown ---
   at System.Runtime.CompilerServices.TaskAwaiter.ThrowForNonSuccess(Task task)
   at System.Runtime.CompilerServices.TaskAwaiter.HandleNonSuccessAndDebuggerNotification(Task task)
   at EPiServer.Cms.Shell.UI.Notifications.Feature.RssDataFetcher.<FetchData>d__4.MoveNext()
   --- End of inner exception stack trace ---
   at System.Threading.Tasks.Task.ThrowIfExceptional(Boolean includeTaskCanceledExceptions)
   at System.Threading.Tasks.Task`1.GetResultCore(Boolean waitCompletionNotification)
   at System.Threading.Tasks.Task`1.get_Result()
   at EPiServer.Cms.Shell.UI.Notifications.Feature.FeatureNotificationJob.Execute()
   at EPiServer.Scheduler.Internal.DefaultScheduledJobExecutor.<Execute>d__31.MoveNext()
---> (Inner Exception #0) System.Net.Http.HttpRequestException: An error occurred while sending the request. ---> System.Net.WebException: The remote name could not be resolved: 'world.episerver.com'
   at System.Net.HttpWebRequest.EndGetResponse(IAsyncResult asyncResult)
   at System.Net.Http.HttpClientHandler.GetResponseCallback(IAsyncResult ar)
   --- End of inner exception stack trace ---
   at System.Runtime.CompilerServices.TaskAwaiter.ThrowForNonSuccess(Task task)
   at System.Runtime.CompilerServices.TaskAwaiter.HandleNonSuccessAndDebuggerNotification(Task task)
   at EPiServer.Cms.Shell.UI.Notifications.Feature.HttpClientWrapper.<GetStreamAsync>d__2.MoveNext()
--- End of stack trace from previous location where exception was thrown ---
   at System.Runtime.CompilerServices.TaskAwaiter.ThrowForNonSuccess(Task task)
   at System.Runtime.CompilerServices.TaskAwaiter.HandleNonSuccessAndDebuggerNotification(Task task)
   at EPiServer.Cms.Shell.UI.Notifications.Feature.RssDataFetcher.<GetStream>d__5.MoveNext()
--- End of stack trace from previous location where exception was thrown ---
   at System.Runtime.CompilerServices.TaskAwaiter.ThrowForNonSuccess(Task task)
   at System.Runtime.CompilerServices.TaskAwaiter.HandleNonSuccessAndDebuggerNotification(Task task)
   at EPiServer.Cms.Shell.UI.Notifications.Feature.RssDataFetcher.<FetchData>d__4.MoveNext()<---

2021-03-03 08:40:32,210 [1] ERROR EPiServer.Forms.Helpers.Internal.FormsExtensions: cannot get all types from assembly MySql.Web, Version=8.0.21.0, Culture=neutral, PublicKeyToken=c5687fc88969c44d. 
System.Reflection.ReflectionTypeLoadException: Unable to load one or more of the requested types. Retrieve the LoaderExceptions property for more information.
   at System.Reflection.RuntimeModule.GetTypes(RuntimeModule module)
   at System.Reflection.RuntimeModule.GetTypes()
   at System.Reflection.Assembly.GetTypes()
   at EPiServer.Forms.Helpers.Internal.FormsExtensions.GetTypesFromAssembly(Assembly assembly)
System.Reflection.ReflectionTypeLoadException: Unable to load one or more of the requested types. Retrieve the LoaderExceptions property for more information.
   at System.Reflection.RuntimeModule.GetTypes(RuntimeModule module)
   at System.Reflection.RuntimeModule.GetTypes()
   at System.Reflection.Assembly.GetTypes()
   at EPiServer.Forms.Helpers.Internal.FormsExtensions.GetTypesFromAssembly(Assembly assembly)
2021-03-03 08:40:32,293 [1] ERROR EPiServer.Forms.Helpers.Internal.FormsExtensions: cannot get all types from assembly MySql.Web, Version=8.0.21.0, Culture=neutral, PublicKeyToken=c5687fc88969c44d. 
System.Reflection.ReflectionTypeLoadException: Unable to load one or more of the requested types. Retrieve the LoaderExceptions property for more information.
   at System.Reflection.RuntimeModule.GetTypes(RuntimeModule module)
   at System.Reflection.RuntimeModule.GetTypes()
   at System.Reflection.Assembly.GetTypes()
   at EPiServer.Forms.Helpers.Internal.FormsExtensions.GetTypesFromAssembly(Assembly assembly)
System.Reflection.ReflectionTypeLoadException: Unable to load one or more of the requested types. Retrieve the LoaderExceptions property for more information.
   at System.Reflection.RuntimeModule.GetTypes(RuntimeModule module)
   at System.Reflection.RuntimeModule.GetTypes()
   at System.Reflection.Assembly.GetTypes()
   at EPiServer.Forms.Helpers.Internal.FormsExtensions.GetTypesFromAssembly(Assembly assembly)
2021-03-03 08:40:32,363 [1] ERROR EPiServer.Forms.Helpers.Internal.FormsExtensions: cannot get all types from assembly MySql.Web, Version=8.0.21.0, Culture=neutral, PublicKeyToken=c5687fc88969c44d. 
System.Reflection.ReflectionTypeLoadException: Unable to load one or more of the requested types. Retrieve the LoaderExceptions property for more information.
   at System.Reflection.RuntimeModule.GetTypes(RuntimeModule module)
   at System.Reflection.RuntimeModule.GetTypes()
   at System.Reflection.Assembly.GetTypes()
   at EPiServer.Forms.Helpers.Internal.FormsExtensions.GetTypesFromAssembly(Assembly assembly)
System.Reflection.ReflectionTypeLoadException: Unable to load one or more of the requested types. Retrieve the LoaderExceptions property for more information.
   at System.Reflection.RuntimeModule.GetTypes(RuntimeModule module)
   at System.Reflection.RuntimeModule.GetTypes()
   at System.Reflection.Assembly.GetTypes()
   at EPiServer.Forms.Helpers.Internal.FormsExtensions.GetTypesFromAssembly(Assembly assembly)
2021-03-03 08:40:32,399 [1] ERROR EPiServer.Forms.Helpers.Internal.FormsExtensions: cannot get all types from assembly MySql.Web, Version=8.0.21.0, Culture=neutral, PublicKeyToken=c5687fc88969c44d. 
System.Reflection.ReflectionTypeLoadException: Unable to load one or more of the requested types. Retrieve the LoaderExceptions property for more information.
   at System.Reflection.RuntimeModule.GetTypes(RuntimeModule module)
   at System.Reflection.RuntimeModule.GetTypes()
   at System.Reflection.Assembly.GetTypes()
   at EPiServer.Forms.Helpers.Internal.FormsExtensions.GetTypesFromAssembly(Assembly assembly)
System.Reflection.ReflectionTypeLoadException: Unable to load one or more of the requested types. Retrieve the LoaderExceptions property for more information.
   at System.Reflection.RuntimeModule.GetTypes(RuntimeModule module)
   at System.Reflection.RuntimeModule.GetTypes()
   at System.Reflection.Assembly.GetTypes()
   at EPiServer.Forms.Helpers.Internal.FormsExtensions.GetTypesFromAssembly(Assembly assembly)
2021-03-03 08:40:32,684 [1] ERROR EPiServer.Forms.Helpers.Internal.FormsExtensions: cannot get all types from assembly MySql.Web, Version=8.0.21.0, Culture=neutral, PublicKeyToken=c5687fc88969c44d. 
System.Reflection.ReflectionTypeLoadException: Unable to load one or more of the requested types. Retrieve the LoaderExceptions property for more information.
   at System.Reflection.RuntimeModule.GetTypes(RuntimeModule module)
   at System.Reflection.RuntimeModule.GetTypes()
   at System.Reflection.Assembly.GetTypes()
   at EPiServer.Forms.Helpers.Internal.FormsExtensions.GetTypesFromAssembly(Assembly assembly)
System.Reflection.ReflectionTypeLoadException: Unable to load one or more of the requested types. Retrieve the LoaderExceptions property for more information.
   at System.Reflection.RuntimeModule.GetTypes(RuntimeModule module)
   at System.Reflection.RuntimeModule.GetTypes()
   at System.Reflection.Assembly.GetTypes()
   at EPiServer.Forms.Helpers.Internal.FormsExtensions.GetTypesFromAssembly(Assembly assembly)
2021-03-03 08:40:48,086 [11] ERROR EPiServer.Forms.Helpers.Internal.FormsExtensions: cannot get all types from assembly MySql.Web, Version=8.0.21.0, Culture=neutral, PublicKeyToken=c5687fc88969c44d. 
System.Reflection.ReflectionTypeLoadException: Unable to load one or more of the requested types. Retrieve the LoaderExceptions property for more information.
   at System.Reflection.RuntimeModule.GetTypes(RuntimeModule module)
   at System.Reflection.RuntimeModule.GetTypes()
   at System.Reflection.Assembly.GetTypes()
   at EPiServer.Forms.Helpers.Internal.FormsExtensions.GetTypesFromAssembly(Assembly assembly)
System.Reflection.ReflectionTypeLoadException: Unable to load one or more of the requested types. Retrieve the LoaderExceptions property for more information.
   at System.Reflection.RuntimeModule.GetTypes(RuntimeModule module)
   at System.Reflection.RuntimeModule.GetTypes()
   at System.Reflection.Assembly.GetTypes()
   at EPiServer.Forms.Helpers.Internal.FormsExtensions.GetTypesFromAssembly(Assembly assembly)
2021-03-03 08:40:48,180 [11] ERROR EPiServer.Forms.Helpers.Internal.FormsExtensions: cannot get all types from assembly MySql.Web, Version=8.0.21.0, Culture=neutral, PublicKeyToken=c5687fc88969c44d. 
System.Reflection.ReflectionTypeLoadException: Unable to load one or more of the requested types. Retrieve the LoaderExceptions property for more information.
   at System.Reflection.RuntimeModule.GetTypes(RuntimeModule module)
   at System.Reflection.RuntimeModule.GetTypes()
   at System.Reflection.Assembly.GetTypes()
   at EPiServer.Forms.Helpers.Internal.FormsExtensions.GetTypesFromAssembly(Assembly assembly)
System.Reflection.ReflectionTypeLoadException: Unable to load one or more of the requested types. Retrieve the LoaderExceptions property for more information.
   at System.Reflection.RuntimeModule.GetTypes(RuntimeModule module)
   at System.Reflection.RuntimeModule.GetTypes()
   at System.Reflection.Assembly.GetTypes()
   at EPiServer.Forms.Helpers.Internal.FormsExtensions.GetTypesFromAssembly(Assembly assembly)
2021-03-03 08:51:00,639 [1] ERROR EPiServer.Forms.Helpers.Internal.FormsExtensions: cannot get all types from assembly MySql.Web, Version=8.0.21.0, Culture=neutral, PublicKeyToken=c5687fc88969c44d. 
System.Reflection.ReflectionTypeLoadException: Unable to load one or more of the requested types. Retrieve the LoaderExceptions property for more information.
   at System.Reflection.RuntimeModule.GetTypes(RuntimeModule module)
   at System.Reflection.RuntimeModule.GetTypes()
   at System.Reflection.Assembly.GetTypes()
   at EPiServer.Forms.Helpers.Internal.FormsExtensions.GetTypesFromAssembly(Assembly assembly)
System.Reflection.ReflectionTypeLoadException: Unable to load one or more of the requested types. Retrieve the LoaderExceptions property for more information.
   at System.Reflection.RuntimeModule.GetTypes(RuntimeModule module)
   at System.Reflection.RuntimeModule.GetTypes()
   at System.Reflection.Assembly.GetTypes()
   at EPiServer.Forms.Helpers.Internal.FormsExtensions.GetTypesFromAssembly(Assembly assembly)
2021-03-03 08:51:00,715 [1] ERROR EPiServer.Forms.Helpers.Internal.FormsExtensions: cannot get all types from assembly MySql.Web, Version=8.0.21.0, Culture=neutral, PublicKeyToken=c5687fc88969c44d. 
System.Reflection.ReflectionTypeLoadException: Unable to load one or more of the requested types. Retrieve the LoaderExceptions property for more information.
   at System.Reflection.RuntimeModule.GetTypes(RuntimeModule module)
   at System.Reflection.RuntimeModule.GetTypes()
   at System.Reflection.Assembly.GetTypes()
   at EPiServer.Forms.Helpers.Internal.FormsExtensions.GetTypesFromAssembly(Assembly assembly)
System.Reflection.ReflectionTypeLoadException: Unable to load one or more of the requested types. Retrieve the LoaderExceptions property for more information.
   at System.Reflection.RuntimeModule.GetTypes(RuntimeModule module)
   at System.Reflection.RuntimeModule.GetTypes()
   at System.Reflection.Assembly.GetTypes()
   at EPiServer.Forms.Helpers.Internal.FormsExtensions.GetTypesFromAssembly(Assembly assembly)
2021-03-03 08:51:00,786 [1] ERROR EPiServer.Forms.Helpers.Internal.FormsExtensions: cannot get all types from assembly MySql.Web, Version=8.0.21.0, Culture=neutral, PublicKeyToken=c5687fc88969c44d. 
System.Reflection.ReflectionTypeLoadException: Unable to load one or more of the requested types. Retrieve the LoaderExceptions property for more information.
   at System.Reflection.RuntimeModule.GetTypes(RuntimeModule module)
   at System.Reflection.RuntimeModule.GetTypes()
   at System.Reflection.Assembly.GetTypes()
   at EPiServer.Forms.Helpers.Internal.FormsExtensions.GetTypesFromAssembly(Assembly assembly)
System.Reflection.ReflectionTypeLoadException: Unable to load one or more of the requested types. Retrieve the LoaderExceptions property for more information.
   at System.Reflection.RuntimeModule.GetTypes(RuntimeModule module)
   at System.Reflection.RuntimeModule.GetTypes()
   at System.Reflection.Assembly.GetTypes()
   at EPiServer.Forms.Helpers.Internal.FormsExtensions.GetTypesFromAssembly(Assembly assembly)
2021-03-03 08:51:00,822 [1] ERROR EPiServer.Forms.Helpers.Internal.FormsExtensions: cannot get all types from assembly MySql.Web, Version=8.0.21.0, Culture=neutral, PublicKeyToken=c5687fc88969c44d. 
System.Reflection.ReflectionTypeLoadException: Unable to load one or more of the requested types. Retrieve the LoaderExceptions property for more information.
   at System.Reflection.RuntimeModule.GetTypes(RuntimeModule module)
   at System.Reflection.RuntimeModule.GetTypes()
   at System.Reflection.Assembly.GetTypes()
   at EPiServer.Forms.Helpers.Internal.FormsExtensions.GetTypesFromAssembly(Assembly assembly)
System.Reflection.ReflectionTypeLoadException: Unable to load one or more of the requested types. Retrieve the LoaderExceptions property for more information.
   at System.Reflection.RuntimeModule.GetTypes(RuntimeModule module)
   at System.Reflection.RuntimeModule.GetTypes()
   at System.Reflection.Assembly.GetTypes()
   at EPiServer.Forms.Helpers.Internal.FormsExtensions.GetTypesFromAssembly(Assembly assembly)
2021-03-03 08:51:01,471 [1] ERROR EPiServer.Forms.Helpers.Internal.FormsExtensions: cannot get all types from assembly MySql.Web, Version=8.0.21.0, Culture=neutral, PublicKeyToken=c5687fc88969c44d. 
System.Reflection.ReflectionTypeLoadException: Unable to load one or more of the requested types. Retrieve the LoaderExceptions property for more information.
   at System.Reflection.RuntimeModule.GetTypes(RuntimeModule module)
   at System.Reflection.RuntimeModule.GetTypes()
   at System.Reflection.Assembly.GetTypes()
   at EPiServer.Forms.Helpers.Internal.FormsExtensions.GetTypesFromAssembly(Assembly assembly)
System.Reflection.ReflectionTypeLoadException: Unable to load one or more of the requested types. Retrieve the LoaderExceptions property for more information.
   at System.Reflection.RuntimeModule.GetTypes(RuntimeModule module)
   at System.Reflection.RuntimeModule.GetTypes()
   at System.Reflection.Assembly.GetTypes()
   at EPiServer.Forms.Helpers.Internal.FormsExtensions.GetTypesFromAssembly(Assembly assembly)
2021-03-03 08:53:47,338 [6] ERROR EPiServer.Forms.Helpers.Internal.FormsExtensions: cannot get all types from assembly MySql.Web, Version=8.0.21.0, Culture=neutral, PublicKeyToken=c5687fc88969c44d. 
System.Reflection.ReflectionTypeLoadException: Unable to load one or more of the requested types. Retrieve the LoaderExceptions property for more information.
   at System.Reflection.RuntimeModule.GetTypes(RuntimeModule module)
   at System.Reflection.RuntimeModule.GetTypes()
   at System.Reflection.Assembly.GetTypes()
   at EPiServer.Forms.Helpers.Internal.FormsExtensions.GetTypesFromAssembly(Assembly assembly)
System.Reflection.ReflectionTypeLoadException: Unable to load one or more of the requested types. Retrieve the LoaderExceptions property for more information.
   at System.Reflection.RuntimeModule.GetTypes(RuntimeModule module)
   at System.Reflection.RuntimeModule.GetTypes()
   at System.Reflection.Assembly.GetTypes()
   at EPiServer.Forms.Helpers.Internal.FormsExtensions.GetTypesFromAssembly(Assembly assembly)
2021-03-03 08:53:47,420 [6] ERROR EPiServer.Forms.Helpers.Internal.FormsExtensions: cannot get all types from assembly MySql.Web, Version=8.0.21.0, Culture=neutral, PublicKeyToken=c5687fc88969c44d. 
System.Reflection.ReflectionTypeLoadException: Unable to load one or more of the requested types. Retrieve the LoaderExceptions property for more information.
   at System.Reflection.RuntimeModule.GetTypes(RuntimeModule module)
   at System.Reflection.RuntimeModule.GetTypes()
   at System.Reflection.Assembly.GetTypes()
   at EPiServer.Forms.Helpers.Internal.FormsExtensions.GetTypesFromAssembly(Assembly assembly)
System.Reflection.ReflectionTypeLoadException: Unable to load one or more of the requested types. Retrieve the LoaderExceptions property for more information.
   at System.Reflection.RuntimeModule.GetTypes(RuntimeModule module)
   at System.Reflection.RuntimeModule.GetTypes()
   at System.Reflection.Assembly.GetTypes()
   at EPiServer.Forms.Helpers.Internal.FormsExtensions.GetTypesFromAssembly(Assembly assembly)
2021-03-03 08:56:02,307 [1] ERROR EPiServer.Forms.Helpers.Internal.FormsExtensions: cannot get all types from assembly MySql.Web, Version=8.0.21.0, Culture=neutral, PublicKeyToken=c5687fc88969c44d. 
System.Reflection.ReflectionTypeLoadException: Unable to load one or more of the requested types. Retrieve the LoaderExceptions property for more information.
   at System.Reflection.RuntimeModule.GetTypes(RuntimeModule module)
   at System.Reflection.RuntimeModule.GetTypes()
   at System.Reflection.Assembly.GetTypes()
   at EPiServer.Forms.Helpers.Internal.FormsExtensions.GetTypesFromAssembly(Assembly assembly)
System.Reflection.ReflectionTypeLoadException: Unable to load one or more of the requested types. Retrieve the LoaderExceptions property for more information.
   at System.Reflection.RuntimeModule.GetTypes(RuntimeModule module)
   at System.Reflection.RuntimeModule.GetTypes()
   at System.Reflection.Assembly.GetTypes()
   at EPiServer.Forms.Helpers.Internal.FormsExtensions.GetTypesFromAssembly(Assembly assembly)
2021-03-03 08:56:02,377 [1] ERROR EPiServer.Forms.Helpers.Internal.FormsExtensions: cannot get all types from assembly MySql.Web, Version=8.0.21.0, Culture=neutral, PublicKeyToken=c5687fc88969c44d. 
System.Reflection.ReflectionTypeLoadException: Unable to load one or more of the requested types. Retrieve the LoaderExceptions property for more information.
   at System.Reflection.RuntimeModule.GetTypes(RuntimeModule module)
   at System.Reflection.RuntimeModule.GetTypes()
   at System.Reflection.Assembly.GetTypes()
   at EPiServer.Forms.Helpers.Internal.FormsExtensions.GetTypesFromAssembly(Assembly assembly)
System.Reflection.ReflectionTypeLoadException: Unable to load one or more of the requested types. Retrieve the LoaderExceptions property for more information.
   at System.Reflection.RuntimeModule.GetTypes(RuntimeModule module)
   at System.Reflection.RuntimeModule.GetTypes()
   at System.Reflection.Assembly.GetTypes()
   at EPiServer.Forms.Helpers.Internal.FormsExtensions.GetTypesFromAssembly(Assembly assembly)
2021-03-03 08:56:02,490 [1] ERROR EPiServer.Forms.Helpers.Internal.FormsExtensions: cannot get all types from assembly MySql.Web, Version=8.0.21.0, Culture=neutral, PublicKeyToken=c5687fc88969c44d. 
System.Reflection.ReflectionTypeLoadException: Unable to load one or more of the requested types. Retrieve the LoaderExceptions property for more information.
   at System.Reflection.RuntimeModule.GetTypes(RuntimeModule module)
   at System.Reflection.RuntimeModule.GetTypes()
   at System.Reflection.Assembly.GetTypes()
   at EPiServer.Forms.Helpers.Internal.FormsExtensions.GetTypesFromAssembly(Assembly assembly)
System.Reflection.ReflectionTypeLoadException: Unable to load one or more of the requested types. Retrieve the LoaderExceptions property for more information.
   at System.Reflection.RuntimeModule.GetTypes(RuntimeModule module)
   at System.Reflection.RuntimeModule.GetTypes()
   at System.Reflection.Assembly.GetTypes()
   at EPiServer.Forms.Helpers.Internal.FormsExtensions.GetTypesFromAssembly(Assembly assembly)
2021-03-03 08:56:02,560 [1] ERROR EPiServer.Forms.Helpers.Internal.FormsExtensions: cannot get all types from assembly MySql.Web, Version=8.0.21.0, Culture=neutral, PublicKeyToken=c5687fc88969c44d. 
System.Reflection.ReflectionTypeLoadException: Unable to load one or more of the requested types. Retrieve the LoaderExceptions property for more information.
   at System.Reflection.RuntimeModule.GetTypes(RuntimeModule module)
   at System.Reflection.RuntimeModule.GetTypes()
   at System.Reflection.Assembly.GetTypes()
   at EPiServer.Forms.Helpers.Internal.FormsExtensions.GetTypesFromAssembly(Assembly assembly)
System.Reflection.ReflectionTypeLoadException: Unable to load one or more of the requested types. Retrieve the LoaderExceptions property for more information.
   at System.Reflection.RuntimeModule.GetTypes(RuntimeModule module)
   at System.Reflection.RuntimeModule.GetTypes()
   at System.Reflection.Assembly.GetTypes()
   at EPiServer.Forms.Helpers.Internal.FormsExtensions.GetTypesFromAssembly(Assembly assembly)
2021-03-03 08:56:03,146 [1] ERROR EPiServer.Forms.Helpers.Internal.FormsExtensions: cannot get all types from assembly MySql.Web, Version=8.0.21.0, Culture=neutral, PublicKeyToken=c5687fc88969c44d. 
System.Reflection.ReflectionTypeLoadException: Unable to load one or more of the requested types. Retrieve the LoaderExceptions property for more information.
   at System.Reflection.RuntimeModule.GetTypes(RuntimeModule module)
   at System.Reflection.RuntimeModule.GetTypes()
   at System.Reflection.Assembly.GetTypes()
   at EPiServer.Forms.Helpers.Internal.FormsExtensions.GetTypesFromAssembly(Assembly assembly)
System.Reflection.ReflectionTypeLoadException: Unable to load one or more of the requested types. Retrieve the LoaderExceptions property for more information.
   at System.Reflection.RuntimeModule.GetTypes(RuntimeModule module)
   at System.Reflection.RuntimeModule.GetTypes()
   at System.Reflection.Assembly.GetTypes()
   at EPiServer.Forms.Helpers.Internal.FormsExtensions.GetTypesFromAssembly(Assembly assembly)
2021-03-03 17:29:22,170 [1] ERROR EPiServer.Forms.Helpers.Internal.FormsExtensions: cannot get all types from assembly MySql.Web, Version=8.0.21.0, Culture=neutral, PublicKeyToken=c5687fc88969c44d. 
System.Reflection.ReflectionTypeLoadException: Unable to load one or more of the requested types. Retrieve the LoaderExceptions property for more information.
   at System.Reflection.RuntimeModule.GetTypes(RuntimeModule module)
   at System.Reflection.RuntimeModule.GetTypes()
   at System.Reflection.Assembly.GetTypes()
   at EPiServer.Forms.Helpers.Internal.FormsExtensions.GetTypesFromAssembly(Assembly assembly)
System.Reflection.ReflectionTypeLoadException: Unable to load one or more of the requested types. Retrieve the LoaderExceptions property for more information.
   at System.Reflection.RuntimeModule.GetTypes(RuntimeModule module)
   at System.Reflection.RuntimeModule.GetTypes()
   at System.Reflection.Assembly.GetTypes()
   at EPiServer.Forms.Helpers.Internal.FormsExtensions.GetTypesFromAssembly(Assembly assembly)
2021-03-03 17:29:22,215 [1] ERROR EPiServer.Forms.Helpers.Internal.FormsExtensions: cannot get all types from assembly MySql.Web, Version=8.0.21.0, Culture=neutral, PublicKeyToken=c5687fc88969c44d. 
System.Reflection.ReflectionTypeLoadException: Unable to load one or more of the requested types. Retrieve the LoaderExceptions property for more information.
   at System.Reflection.RuntimeModule.GetTypes(RuntimeModule module)
   at System.Reflection.RuntimeModule.GetTypes()
   at System.Reflection.Assembly.GetTypes()
   at EPiServer.Forms.Helpers.Internal.FormsExtensions.GetTypesFromAssembly(Assembly assembly)
System.Reflection.ReflectionTypeLoadException: Unable to load one or more of the requested types. Retrieve the LoaderExceptions property for more information.
   at System.Reflection.RuntimeModule.GetTypes(RuntimeModule module)
   at System.Reflection.RuntimeModule.GetTypes()
   at System.Reflection.Assembly.GetTypes()
   at EPiServer.Forms.Helpers.Internal.FormsExtensions.GetTypesFromAssembly(Assembly assembly)
2021-03-03 17:29:22,246 [1] ERROR EPiServer.Forms.Helpers.Internal.FormsExtensions: cannot get all types from assembly MySql.Web, Version=8.0.21.0, Culture=neutral, PublicKeyToken=c5687fc88969c44d. 
System.Reflection.ReflectionTypeLoadException: Unable to load one or more of the requested types. Retrieve the LoaderExceptions property for more information.
   at System.Reflection.RuntimeModule.GetTypes(RuntimeModule module)
   at System.Reflection.RuntimeModule.GetTypes()
   at System.Reflection.Assembly.GetTypes()
   at EPiServer.Forms.Helpers.Internal.FormsExtensions.GetTypesFromAssembly(Assembly assembly)
System.Reflection.ReflectionTypeLoadException: Unable to load one or more of the requested types. Retrieve the LoaderExceptions property for more information.
   at System.Reflection.RuntimeModule.GetTypes(RuntimeModule module)
   at System.Reflection.RuntimeModule.GetTypes()
   at System.Reflection.Assembly.GetTypes()
   at EPiServer.Forms.Helpers.Internal.FormsExtensions.GetTypesFromAssembly(Assembly assembly)
2021-03-03 17:29:22,263 [1] ERROR EPiServer.Forms.Helpers.Internal.FormsExtensions: cannot get all types from assembly MySql.Web, Version=8.0.21.0, Culture=neutral, PublicKeyToken=c5687fc88969c44d. 
System.Reflection.ReflectionTypeLoadException: Unable to load one or more of the requested types. Retrieve the LoaderExceptions property for more information.
   at System.Reflection.RuntimeModule.GetTypes(RuntimeModule module)
   at System.Reflection.RuntimeModule.GetTypes()
   at System.Reflection.Assembly.GetTypes()
   at EPiServer.Forms.Helpers.Internal.FormsExtensions.GetTypesFromAssembly(Assembly assembly)
System.Reflection.ReflectionTypeLoadException: Unable to load one or more of the requested types. Retrieve the LoaderExceptions property for more information.
   at System.Reflection.RuntimeModule.GetTypes(RuntimeModule module)
   at System.Reflection.RuntimeModule.GetTypes()
   at System.Reflection.Assembly.GetTypes()
   at EPiServer.Forms.Helpers.Internal.FormsExtensions.GetTypesFromAssembly(Assembly assembly)
2021-03-03 17:29:22,383 [1] ERROR EPiServer.Forms.Helpers.Internal.FormsExtensions: cannot get all types from assembly MySql.Web, Version=8.0.21.0, Culture=neutral, PublicKeyToken=c5687fc88969c44d. 
System.Reflection.ReflectionTypeLoadException: Unable to load one or more of the requested types. Retrieve the LoaderExceptions property for more information.
   at System.Reflection.RuntimeModule.GetTypes(RuntimeModule module)
   at System.Reflection.RuntimeModule.GetTypes()
   at System.Reflection.Assembly.GetTypes()
   at EPiServer.Forms.Helpers.Internal.FormsExtensions.GetTypesFromAssembly(Assembly assembly)
System.Reflection.ReflectionTypeLoadException: Unable to load one or more of the requested types. Retrieve the LoaderExceptions property for more information.
   at System.Reflection.RuntimeModule.GetTypes(RuntimeModule module)
   at System.Reflection.RuntimeModule.GetTypes()
   at System.Reflection.Assembly.GetTypes()
   at EPiServer.Forms.Helpers.Internal.FormsExtensions.GetTypesFromAssembly(Assembly assembly)
2021-03-03 17:29:49,786 [1] ERROR EPiServer.Forms.Helpers.Internal.FormsExtensions: cannot get all types from assembly MySql.Web, Version=8.0.21.0, Culture=neutral, PublicKeyToken=c5687fc88969c44d. 
System.Reflection.ReflectionTypeLoadException: Unable to load one or more of the requested types. Retrieve the LoaderExceptions property for more information.
   at System.Reflection.RuntimeModule.GetTypes(RuntimeModule module)
   at System.Reflection.RuntimeModule.GetTypes()
   at System.Reflection.Assembly.GetTypes()
   at EPiServer.Forms.Helpers.Internal.FormsExtensions.GetTypesFromAssembly(Assembly assembly)
System.Reflection.ReflectionTypeLoadException: Unable to load one or more of the requested types. Retrieve the LoaderExceptions property for more information.
   at System.Reflection.RuntimeModule.GetTypes(RuntimeModule module)
   at System.Reflection.RuntimeModule.GetTypes()
   at System.Reflection.Assembly.GetTypes()
   at EPiServer.Forms.Helpers.Internal.FormsExtensions.GetTypesFromAssembly(Assembly assembly)
2021-03-03 17:29:49,820 [1] ERROR EPiServer.Forms.Helpers.Internal.FormsExtensions: cannot get all types from assembly MySql.Web, Version=8.0.21.0, Culture=neutral, PublicKeyToken=c5687fc88969c44d. 
System.Reflection.ReflectionTypeLoadException: Unable to load one or more of the requested types. Retrieve the LoaderExceptions property for more information.
   at System.Reflection.RuntimeModule.GetTypes(RuntimeModule module)
   at System.Reflection.RuntimeModule.GetTypes()
   at System.Reflection.Assembly.GetTypes()
   at EPiServer.Forms.Helpers.Internal.FormsExtensions.GetTypesFromAssembly(Assembly assembly)
System.Reflection.ReflectionTypeLoadException: Unable to load one or more of the requested types. Retrieve the LoaderExceptions property for more information.
   at System.Reflection.RuntimeModule.GetTypes(RuntimeModule module)
   at System.Reflection.RuntimeModule.GetTypes()
   at System.Reflection.Assembly.GetTypes()
   at EPiServer.Forms.Helpers.Internal.FormsExtensions.GetTypesFromAssembly(Assembly assembly)
2021-03-03 17:29:49,854 [1] ERROR EPiServer.Forms.Helpers.Internal.FormsExtensions: cannot get all types from assembly MySql.Web, Version=8.0.21.0, Culture=neutral, PublicKeyToken=c5687fc88969c44d. 
System.Reflection.ReflectionTypeLoadException: Unable to load one or more of the requested types. Retrieve the LoaderExceptions property for more information.
   at System.Reflection.RuntimeModule.GetTypes(RuntimeModule module)
   at System.Reflection.RuntimeModule.GetTypes()
   at System.Reflection.Assembly.GetTypes()
   at EPiServer.Forms.Helpers.Internal.FormsExtensions.GetTypesFromAssembly(Assembly assembly)
System.Reflection.ReflectionTypeLoadException: Unable to load one or more of the requested types. Retrieve the LoaderExceptions property for more information.
   at System.Reflection.RuntimeModule.GetTypes(RuntimeModule module)
   at System.Reflection.RuntimeModule.GetTypes()
   at System.Reflection.Assembly.GetTypes()
   at EPiServer.Forms.Helpers.Internal.FormsExtensions.GetTypesFromAssembly(Assembly assembly)
2021-03-03 17:29:49,873 [1] ERROR EPiServer.Forms.Helpers.Internal.FormsExtensions: cannot get all types from assembly MySql.Web, Version=8.0.21.0, Culture=neutral, PublicKeyToken=c5687fc88969c44d. 
System.Reflection.ReflectionTypeLoadException: Unable to load one or more of the requested types. Retrieve the LoaderExceptions property for more information.
   at System.Reflection.RuntimeModule.GetTypes(RuntimeModule module)
   at System.Reflection.RuntimeModule.GetTypes()
   at System.Reflection.Assembly.GetTypes()
   at EPiServer.Forms.Helpers.Internal.FormsExtensions.GetTypesFromAssembly(Assembly assembly)
System.Reflection.ReflectionTypeLoadException: Unable to load one or more of the requested types. Retrieve the LoaderExceptions property for more information.
   at System.Reflection.RuntimeModule.GetTypes(RuntimeModule module)
   at System.Reflection.RuntimeModule.GetTypes()
   at System.Reflection.Assembly.GetTypes()
   at EPiServer.Forms.Helpers.Internal.FormsExtensions.GetTypesFromAssembly(Assembly assembly)
2021-03-03 17:29:50,042 [1] ERROR EPiServer.Forms.Helpers.Internal.FormsExtensions: cannot get all types from assembly MySql.Web, Version=8.0.21.0, Culture=neutral, PublicKeyToken=c5687fc88969c44d. 
System.Reflection.ReflectionTypeLoadException: Unable to load one or more of the requested types. Retrieve the LoaderExceptions property for more information.
   at System.Reflection.RuntimeModule.GetTypes(RuntimeModule module)
   at System.Reflection.RuntimeModule.GetTypes()
   at System.Reflection.Assembly.GetTypes()
   at EPiServer.Forms.Helpers.Internal.FormsExtensions.GetTypesFromAssembly(Assembly assembly)
System.Reflection.ReflectionTypeLoadException: Unable to load one or more of the requested types. Retrieve the LoaderExceptions property for more information.
   at System.Reflection.RuntimeModule.GetTypes(RuntimeModule module)
   at System.Reflection.RuntimeModule.GetTypes()
   at System.Reflection.Assembly.GetTypes()
   at EPiServer.Forms.Helpers.Internal.FormsExtensions.GetTypesFromAssembly(Assembly assembly)
2021-03-03 17:30:12,144 [9] ERROR EPiServer.Forms.Helpers.Internal.FormsExtensions: cannot get all types from assembly MySql.Web, Version=8.0.21.0, Culture=neutral, PublicKeyToken=c5687fc88969c44d. 
System.Reflection.ReflectionTypeLoadException: Unable to load one or more of the requested types. Retrieve the LoaderExceptions property for more information.
   at System.Reflection.RuntimeModule.GetTypes(RuntimeModule module)
   at System.Reflection.RuntimeModule.GetTypes()
   at System.Reflection.Assembly.GetTypes()
   at EPiServer.Forms.Helpers.Internal.FormsExtensions.GetTypesFromAssembly(Assembly assembly)
System.Reflection.ReflectionTypeLoadException: Unable to load one or more of the requested types. Retrieve the LoaderExceptions property for more information.
   at System.Reflection.RuntimeModule.GetTypes(RuntimeModule module)
   at System.Reflection.RuntimeModule.GetTypes()
   at System.Reflection.Assembly.GetTypes()
   at EPiServer.Forms.Helpers.Internal.FormsExtensions.GetTypesFromAssembly(Assembly assembly)
2021-03-03 17:30:12,177 [9] ERROR EPiServer.Forms.Helpers.Internal.FormsExtensions: cannot get all types from assembly MySql.Web, Version=8.0.21.0, Culture=neutral, PublicKeyToken=c5687fc88969c44d. 
System.Reflection.ReflectionTypeLoadException: Unable to load one or more of the requested types. Retrieve the LoaderExceptions property for more information.
   at System.Reflection.RuntimeModule.GetTypes(RuntimeModule module)
   at System.Reflection.RuntimeModule.GetTypes()
   at System.Reflection.Assembly.GetTypes()
   at EPiServer.Forms.Helpers.Internal.FormsExtensions.GetTypesFromAssembly(Assembly assembly)
System.Reflection.ReflectionTypeLoadException: Unable to load one or more of the requested types. Retrieve the LoaderExceptions property for more information.
   at System.Reflection.RuntimeModule.GetTypes(RuntimeModule module)
   at System.Reflection.RuntimeModule.GetTypes()
   at System.Reflection.Assembly.GetTypes()
   at EPiServer.Forms.Helpers.Internal.FormsExtensions.GetTypesFromAssembly(Assembly assembly)
2021-03-03 17:34:10,323 [35] ERROR EPiServer.Global: Unhandled exception in ASP.NET
System.NullReferenceException: Object reference not set to an instance of an object.
   at EPiServer.Cms.Shell.UI.Controllers.Internal.PropertyRenderController.Render(String propertyName, String propertyValue, String id, String renderSettings, String epslanguage)
   at lambda_method(Closure , ControllerBase , Object[] )
   at System.Web.Mvc.ActionMethodDispatcher.Execute(ControllerBase controller, Object[] parameters)
   at System.Web.Mvc.ReflectedActionDescriptor.Execute(ControllerContext controllerContext, IDictionary`2 parameters)
   at System.Web.Mvc.ControllerActionInvoker.InvokeActionMethod(ControllerContext controllerContext, ActionDescriptor actionDescriptor, IDictionary`2 parameters)
   at System.Web.Mvc.ControllerActionInvoker.<>c__DisplayClass15.<InvokeActionMethodWithFilters>b__12()
   at System.Web.Mvc.ControllerActionInvoker.InvokeActionMethodFilter(IActionFilter filter, ActionExecutingContext preContext, Func`1 continuation)
   at System.Web.Mvc.ControllerActionInvoker.<>c__DisplayClass15.<>c__DisplayClass17.<InvokeActionMethodWithFilters>b__14()
   at System.Web.Mvc.ControllerActionInvoker.InvokeActionMethodFilter(IActionFilter filter, ActionExecutingContext preContext, Func`1 continuation)
   at System.Web.Mvc.ControllerActionInvoker.<>c__DisplayClass15.<>c__DisplayClass17.<InvokeActionMethodWithFilters>b__14()
   at System.Web.Mvc.ControllerActionInvoker.InvokeActionMethodWithFilters(ControllerContext controllerContext, IList`1 filters, ActionDescriptor actionDescriptor, IDictionary`2 parameters)
   at System.Web.Mvc.ControllerActionInvoker.InvokeAction(ControllerContext controllerContext, String actionName)
   at System.Web.Mvc.Controller.ExecuteCore()
   at System.Web.Mvc.ControllerBase.Execute(RequestContext requestContext)
   at System.Web.Mvc.ControllerBase.System.Web.Mvc.IController.Execute(RequestContext requestContext)
   at EPiServer.Shell.Web.Mvc.ModuleMvcHandler.ProcessController(IController controller)
   at EPiServer.Shell.Web.Mvc.ModuleMvcHandler.BeginProcessRequest(HttpContextBase httpContext, AsyncCallback callback, Object state)
   at System.Web.Mvc.MvcHandler.BeginProcessRequest(HttpContext httpContext, AsyncCallback callback, Object state)
   at System.Web.Mvc.MvcHandler.System.Web.IHttpAsyncHandler.BeginProcessRequest(HttpContext context, AsyncCallback cb, Object extraData)
   at System.Web.HttpApplication.CallHandlerExecutionStep.System.Web.HttpApplication.IExecutionStep.Execute()
   at System.Web.HttpApplication.ExecuteStepImpl(IExecutionStep step)
   at System.Web.HttpApplication.ExecuteStep(IExecutionStep step, Boolean& completedSynchronously)
System.NullReferenceException: Object reference not set to an instance of an object.
   at EPiServer.Cms.Shell.UI.Controllers.Internal.PropertyRenderController.Render(String propertyName, String propertyValue, String id, String renderSettings, String epslanguage)
   at lambda_method(Closure , ControllerBase , Object[] )
   at System.Web.Mvc.ActionMethodDispatcher.Execute(ControllerBase controller, Object[] parameters)
   at System.Web.Mvc.ReflectedActionDescriptor.Execute(ControllerContext controllerContext, IDictionary`2 parameters)
   at System.Web.Mvc.ControllerActionInvoker.InvokeActionMethod(ControllerContext controllerContext, ActionDescriptor actionDescriptor, IDictionary`2 parameters)
   at System.Web.Mvc.ControllerActionInvoker.<>c__DisplayClass15.<InvokeActionMethodWithFilters>b__12()
   at System.Web.Mvc.ControllerActionInvoker.InvokeActionMethodFilter(IActionFilter filter, ActionExecutingContext preContext, Func`1 continuation)
   at System.Web.Mvc.ControllerActionInvoker.<>c__DisplayClass15.<>c__DisplayClass17.<InvokeActionMethodWithFilters>b__14()
   at System.Web.Mvc.ControllerActionInvoker.InvokeActionMethodFilter(IActionFilter filter, ActionExecutingContext preContext, Func`1 continuation)
   at System.Web.Mvc.ControllerActionInvoker.<>c__DisplayClass15.<>c__DisplayClass17.<InvokeActionMethodWithFilters>b__14()
   at System.Web.Mvc.ControllerActionInvoker.InvokeActionMethodWithFilters(ControllerContext controllerContext, IList`1 filters, ActionDescriptor actionDescriptor, IDictionary`2 parameters)
   at System.Web.Mvc.ControllerActionInvoker.InvokeAction(ControllerContext controllerContext, String actionName)
   at System.Web.Mvc.Controller.ExecuteCore()
   at System.Web.Mvc.ControllerBase.Execute(RequestContext requestContext)
   at System.Web.Mvc.ControllerBase.System.Web.Mvc.IController.Execute(RequestContext requestContext)
   at EPiServer.Shell.Web.Mvc.ModuleMvcHandler.ProcessController(IController controller)
   at EPiServer.Shell.Web.Mvc.ModuleMvcHandler.BeginProcessRequest(HttpContextBase httpContext, AsyncCallback callback, Object state)
   at System.Web.Mvc.MvcHandler.BeginProcessRequest(HttpContext httpContext, AsyncCallback callback, Object state)
   at System.Web.Mvc.MvcHandler.System.Web.IHttpAsyncHandler.BeginProcessRequest(HttpContext context, AsyncCallback cb, Object extraData)
   at System.Web.HttpApplication.CallHandlerExecutionStep.System.Web.HttpApplication.IExecutionStep.Execute()
   at System.Web.HttpApplication.ExecuteStepImpl(IExecutionStep step)
   at System.Web.HttpApplication.ExecuteStep(IExecutionStep step, Boolean& completedSynchronously)
2021-03-03 17:45:28,982 [1] ERROR EPiServer.Forms.Helpers.Internal.FormsExtensions: cannot get all types from assembly MySql.Web, Version=8.0.21.0, Culture=neutral, PublicKeyToken=c5687fc88969c44d. 
System.Reflection.ReflectionTypeLoadException: Unable to load one or more of the requested types. Retrieve the LoaderExceptions property for more information.
   at System.Reflection.RuntimeModule.GetTypes(RuntimeModule module)
   at System.Reflection.RuntimeModule.GetTypes()
   at System.Reflection.Assembly.GetTypes()
   at EPiServer.Forms.Helpers.Internal.FormsExtensions.GetTypesFromAssembly(Assembly assembly)
System.Reflection.ReflectionTypeLoadException: Unable to load one or more of the requested types. Retrieve the LoaderExceptions property for more information.
   at System.Reflection.RuntimeModule.GetTypes(RuntimeModule module)
   at System.Reflection.RuntimeModule.GetTypes()
   at System.Reflection.Assembly.GetTypes()
   at EPiServer.Forms.Helpers.Internal.FormsExtensions.GetTypesFromAssembly(Assembly assembly)
2021-03-03 17:45:29,018 [1] ERROR EPiServer.Forms.Helpers.Internal.FormsExtensions: cannot get all types from assembly MySql.Web, Version=8.0.21.0, Culture=neutral, PublicKeyToken=c5687fc88969c44d. 
System.Reflection.ReflectionTypeLoadException: Unable to load one or more of the requested types. Retrieve the LoaderExceptions property for more information.
   at System.Reflection.RuntimeModule.GetTypes(RuntimeModule module)
   at System.Reflection.RuntimeModule.GetTypes()
   at System.Reflection.Assembly.GetTypes()
   at EPiServer.Forms.Helpers.Internal.FormsExtensions.GetTypesFromAssembly(Assembly assembly)
System.Reflection.ReflectionTypeLoadException: Unable to load one or more of the requested types. Retrieve the LoaderExceptions property for more information.
   at System.Reflection.RuntimeModule.GetTypes(RuntimeModule module)
   at System.Reflection.RuntimeModule.GetTypes()
   at System.Reflection.Assembly.GetTypes()
   at EPiServer.Forms.Helpers.Internal.FormsExtensions.GetTypesFromAssembly(Assembly assembly)
2021-03-03 17:45:29,050 [1] ERROR EPiServer.Forms.Helpers.Internal.FormsExtensions: cannot get all types from assembly MySql.Web, Version=8.0.21.0, Culture=neutral, PublicKeyToken=c5687fc88969c44d. 
System.Reflection.ReflectionTypeLoadException: Unable to load one or more of the requested types. Retrieve the LoaderExceptions property for more information.
   at System.Reflection.RuntimeModule.GetTypes(RuntimeModule module)
   at System.Reflection.RuntimeModule.GetTypes()
   at System.Reflection.Assembly.GetTypes()
   at EPiServer.Forms.Helpers.Internal.FormsExtensions.GetTypesFromAssembly(Assembly assembly)
System.Reflection.ReflectionTypeLoadException: Unable to load one or more of the requested types. Retrieve the LoaderExceptions property for more information.
   at System.Reflection.RuntimeModule.GetTypes(RuntimeModule module)
   at System.Reflection.RuntimeModule.GetTypes()
   at System.Reflection.Assembly.GetTypes()
   at EPiServer.Forms.Helpers.Internal.FormsExtensions.GetTypesFromAssembly(Assembly assembly)
2021-03-03 17:45:29,068 [1] ERROR EPiServer.Forms.Helpers.Internal.FormsExtensions: cannot get all types from assembly MySql.Web, Version=8.0.21.0, Culture=neutral, PublicKeyToken=c5687fc88969c44d. 
System.Reflection.ReflectionTypeLoadException: Unable to load one or more of the requested types. Retrieve the LoaderExceptions property for more information.
   at System.Reflection.RuntimeModule.GetTypes(RuntimeModule module)
   at System.Reflection.RuntimeModule.GetTypes()
   at System.Reflection.Assembly.GetTypes()
   at EPiServer.Forms.Helpers.Internal.FormsExtensions.GetTypesFromAssembly(Assembly assembly)
System.Reflection.ReflectionTypeLoadException: Unable to load one or more of the requested types. Retrieve the LoaderExceptions property for more information.
   at System.Reflection.RuntimeModule.GetTypes(RuntimeModule module)
   at System.Reflection.RuntimeModule.GetTypes()
   at System.Reflection.Assembly.GetTypes()
   at EPiServer.Forms.Helpers.Internal.FormsExtensions.GetTypesFromAssembly(Assembly assembly)
2021-03-03 17:45:29,180 [1] ERROR EPiServer.Forms.Helpers.Internal.FormsExtensions: cannot get all types from assembly MySql.Web, Version=8.0.21.0, Culture=neutral, PublicKeyToken=c5687fc88969c44d. 
System.Reflection.ReflectionTypeLoadException: Unable to load one or more of the requested types. Retrieve the LoaderExceptions property for more information.
   at System.Reflection.RuntimeModule.GetTypes(RuntimeModule module)
   at System.Reflection.RuntimeModule.GetTypes()
   at System.Reflection.Assembly.GetTypes()
   at EPiServer.Forms.Helpers.Internal.FormsExtensions.GetTypesFromAssembly(Assembly assembly)
System.Reflection.ReflectionTypeLoadException: Unable to load one or more of the requested types. Retrieve the LoaderExceptions property for more information.
   at System.Reflection.RuntimeModule.GetTypes(RuntimeModule module)
   at System.Reflection.RuntimeModule.GetTypes()
   at System.Reflection.Assembly.GetTypes()
   at EPiServer.Forms.Helpers.Internal.FormsExtensions.GetTypesFromAssembly(Assembly assembly)
2021-03-03 17:46:20,086 [8] ERROR EPiServer.Forms.Helpers.Internal.FormsExtensions: cannot get all types from assembly MySql.Web, Version=8.0.21.0, Culture=neutral, PublicKeyToken=c5687fc88969c44d. 
System.Reflection.ReflectionTypeLoadException: Unable to load one or more of the requested types. Retrieve the LoaderExceptions property for more information.
   at System.Reflection.RuntimeModule.GetTypes(RuntimeModule module)
   at System.Reflection.RuntimeModule.GetTypes()
   at System.Reflection.Assembly.GetTypes()
   at EPiServer.Forms.Helpers.Internal.FormsExtensions.GetTypesFromAssembly(Assembly assembly)
System.Reflection.ReflectionTypeLoadException: Unable to load one or more of the requested types. Retrieve the LoaderExceptions property for more information.
   at System.Reflection.RuntimeModule.GetTypes(RuntimeModule module)
   at System.Reflection.RuntimeModule.GetTypes()
   at System.Reflection.Assembly.GetTypes()
   at EPiServer.Forms.Helpers.Internal.FormsExtensions.GetTypesFromAssembly(Assembly assembly)
2021-03-03 17:46:20,120 [8] ERROR EPiServer.Forms.Helpers.Internal.FormsExtensions: cannot get all types from assembly MySql.Web, Version=8.0.21.0, Culture=neutral, PublicKeyToken=c5687fc88969c44d. 
System.Reflection.ReflectionTypeLoadException: Unable to load one or more of the requested types. Retrieve the LoaderExceptions property for more information.
   at System.Reflection.RuntimeModule.GetTypes(RuntimeModule module)
   at System.Reflection.RuntimeModule.GetTypes()
   at System.Reflection.Assembly.GetTypes()
   at EPiServer.Forms.Helpers.Internal.FormsExtensions.GetTypesFromAssembly(Assembly assembly)
System.Reflection.ReflectionTypeLoadException: Unable to load one or more of the requested types. Retrieve the LoaderExceptions property for more information.
   at System.Reflection.RuntimeModule.GetTypes(RuntimeModule module)
   at System.Reflection.RuntimeModule.GetTypes()
   at System.Reflection.Assembly.GetTypes()
   at EPiServer.Forms.Helpers.Internal.FormsExtensions.GetTypesFromAssembly(Assembly assembly)
2021-03-03 19:07:50,344 [1] ERROR EPiServer.Forms.Helpers.Internal.FormsExtensions: cannot get all types from assembly MySql.Web, Version=8.0.21.0, Culture=neutral, PublicKeyToken=c5687fc88969c44d. 
System.Reflection.ReflectionTypeLoadException: Unable to load one or more of the requested types. Retrieve the LoaderExceptions property for more information.
   at System.Reflection.RuntimeModule.GetTypes(RuntimeModule module)
   at System.Reflection.RuntimeModule.GetTypes()
   at System.Reflection.Assembly.GetTypes()
   at EPiServer.Forms.Helpers.Internal.FormsExtensions.GetTypesFromAssembly(Assembly assembly)
System.Reflection.ReflectionTypeLoadException: Unable to load one or more of the requested types. Retrieve the LoaderExceptions property for more information.
   at System.Reflection.RuntimeModule.GetTypes(RuntimeModule module)
   at System.Reflection.RuntimeModule.GetTypes()
   at System.Reflection.Assembly.GetTypes()
   at EPiServer.Forms.Helpers.Internal.FormsExtensions.GetTypesFromAssembly(Assembly assembly)
2021-03-03 19:07:50,422 [1] ERROR EPiServer.Forms.Helpers.Internal.FormsExtensions: cannot get all types from assembly MySql.Web, Version=8.0.21.0, Culture=neutral, PublicKeyToken=c5687fc88969c44d. 
System.Reflection.ReflectionTypeLoadException: Unable to load one or more of the requested types. Retrieve the LoaderExceptions property for more information.
   at System.Reflection.RuntimeModule.GetTypes(RuntimeModule module)
   at System.Reflection.RuntimeModule.GetTypes()
   at System.Reflection.Assembly.GetTypes()
   at EPiServer.Forms.Helpers.Internal.FormsExtensions.GetTypesFromAssembly(Assembly assembly)
System.Reflection.ReflectionTypeLoadException: Unable to load one or more of the requested types. Retrieve the LoaderExceptions property for more information.
   at System.Reflection.RuntimeModule.GetTypes(RuntimeModule module)
   at System.Reflection.RuntimeModule.GetTypes()
   at System.Reflection.Assembly.GetTypes()
   at EPiServer.Forms.Helpers.Internal.FormsExtensions.GetTypesFromAssembly(Assembly assembly)
2021-03-03 19:07:50,480 [1] ERROR EPiServer.Forms.Helpers.Internal.FormsExtensions: cannot get all types from assembly MySql.Web, Version=8.0.21.0, Culture=neutral, PublicKeyToken=c5687fc88969c44d. 
System.Reflection.ReflectionTypeLoadException: Unable to load one or more of the requested types. Retrieve the LoaderExceptions property for more information.
   at System.Reflection.RuntimeModule.GetTypes(RuntimeModule module)
   at System.Reflection.RuntimeModule.GetTypes()
   at System.Reflection.Assembly.GetTypes()
   at EPiServer.Forms.Helpers.Internal.FormsExtensions.GetTypesFromAssembly(Assembly assembly)
System.Reflection.ReflectionTypeLoadException: Unable to load one or more of the requested types. Retrieve the LoaderExceptions property for more information.
   at System.Reflection.RuntimeModule.GetTypes(RuntimeModule module)
   at System.Reflection.RuntimeModule.GetTypes()
   at System.Reflection.Assembly.GetTypes()
   at EPiServer.Forms.Helpers.Internal.FormsExtensions.GetTypesFromAssembly(Assembly assembly)
2021-03-03 19:07:50,521 [1] ERROR EPiServer.Forms.Helpers.Internal.FormsExtensions: cannot get all types from assembly MySql.Web, Version=8.0.21.0, Culture=neutral, PublicKeyToken=c5687fc88969c44d. 
System.Reflection.ReflectionTypeLoadException: Unable to load one or more of the requested types. Retrieve the LoaderExceptions property for more information.
   at System.Reflection.RuntimeModule.GetTypes(RuntimeModule module)
   at System.Reflection.RuntimeModule.GetTypes()
   at System.Reflection.Assembly.GetTypes()
   at EPiServer.Forms.Helpers.Internal.FormsExtensions.GetTypesFromAssembly(Assembly assembly)
System.Reflection.ReflectionTypeLoadException: Unable to load one or more of the requested types. Retrieve the LoaderExceptions property for more information.
   at System.Reflection.RuntimeModule.GetTypes(RuntimeModule module)
   at System.Reflection.RuntimeModule.GetTypes()
   at System.Reflection.Assembly.GetTypes()
   at EPiServer.Forms.Helpers.Internal.FormsExtensions.GetTypesFromAssembly(Assembly assembly)
2021-03-03 19:07:50,943 [1] ERROR EPiServer.Forms.Helpers.Internal.FormsExtensions: cannot get all types from assembly MySql.Web, Version=8.0.21.0, Culture=neutral, PublicKeyToken=c5687fc88969c44d. 
System.Reflection.ReflectionTypeLoadException: Unable to load one or more of the requested types. Retrieve the LoaderExceptions property for more information.
   at System.Reflection.RuntimeModule.GetTypes(RuntimeModule module)
   at System.Reflection.RuntimeModule.GetTypes()
   at System.Reflection.Assembly.GetTypes()
   at EPiServer.Forms.Helpers.Internal.FormsExtensions.GetTypesFromAssembly(Assembly assembly)
System.Reflection.ReflectionTypeLoadException: Unable to load one or more of the requested types. Retrieve the LoaderExceptions property for more information.
   at System.Reflection.RuntimeModule.GetTypes(RuntimeModule module)
   at System.Reflection.RuntimeModule.GetTypes()
   at System.Reflection.Assembly.GetTypes()
   at EPiServer.Forms.Helpers.Internal.FormsExtensions.GetTypesFromAssembly(Assembly assembly)
2021-03-03 19:10:27,247 [17] ERROR EPiServer.Forms.Helpers.Internal.FormsExtensions: cannot get all types from assembly MySql.Web, Version=8.0.21.0, Culture=neutral, PublicKeyToken=c5687fc88969c44d. 
System.Reflection.ReflectionTypeLoadException: Unable to load one or more of the requested types. Retrieve the LoaderExceptions property for more information.
   at System.Reflection.RuntimeModule.GetTypes(RuntimeModule module)
   at System.Reflection.RuntimeModule.GetTypes()
   at System.Reflection.Assembly.GetTypes()
   at EPiServer.Forms.Helpers.Internal.FormsExtensions.GetTypesFromAssembly(Assembly assembly)
System.Reflection.ReflectionTypeLoadException: Unable to load one or more of the requested types. Retrieve the LoaderExceptions property for more information.
   at System.Reflection.RuntimeModule.GetTypes(RuntimeModule module)
   at System.Reflection.RuntimeModule.GetTypes()
   at System.Reflection.Assembly.GetTypes()
   at EPiServer.Forms.Helpers.Internal.FormsExtensions.GetTypesFromAssembly(Assembly assembly)
2021-03-03 19:10:27,392 [17] ERROR EPiServer.Forms.Helpers.Internal.FormsExtensions: cannot get all types from assembly MySql.Web, Version=8.0.21.0, Culture=neutral, PublicKeyToken=c5687fc88969c44d. 
System.Reflection.ReflectionTypeLoadException: Unable to load one or more of the requested types. Retrieve the LoaderExceptions property for more information.
   at System.Reflection.RuntimeModule.GetTypes(RuntimeModule module)
   at System.Reflection.RuntimeModule.GetTypes()
   at System.Reflection.Assembly.GetTypes()
   at EPiServer.Forms.Helpers.Internal.FormsExtensions.GetTypesFromAssembly(Assembly assembly)
System.Reflection.ReflectionTypeLoadException: Unable to load one or more of the requested types. Retrieve the LoaderExceptions property for more information.
   at System.Reflection.RuntimeModule.GetTypes(RuntimeModule module)
   at System.Reflection.RuntimeModule.GetTypes()
   at System.Reflection.Assembly.GetTypes()
   at EPiServer.Forms.Helpers.Internal.FormsExtensions.GetTypesFromAssembly(Assembly assembly)
2021-03-03 19:15:52,553 [1] ERROR EPiServer.Forms.Helpers.Internal.FormsExtensions: cannot get all types from assembly MySql.Web, Version=8.0.21.0, Culture=neutral, PublicKeyToken=c5687fc88969c44d. 
System.Reflection.ReflectionTypeLoadException: Unable to load one or more of the requested types. Retrieve the LoaderExceptions property for more information.
   at System.Reflection.RuntimeModule.GetTypes(RuntimeModule module)
   at System.Reflection.RuntimeModule.GetTypes()
   at System.Reflection.Assembly.GetTypes()
   at EPiServer.Forms.Helpers.Internal.FormsExtensions.GetTypesFromAssembly(Assembly assembly)
System.Reflection.ReflectionTypeLoadException: Unable to load one or more of the requested types. Retrieve the LoaderExceptions property for more information.
   at System.Reflection.RuntimeModule.GetTypes(RuntimeModule module)
   at System.Reflection.RuntimeModule.GetTypes()
   at System.Reflection.Assembly.GetTypes()
   at EPiServer.Forms.Helpers.Internal.FormsExtensions.GetTypesFromAssembly(Assembly assembly)
2021-03-03 19:15:52,638 [1] ERROR EPiServer.Forms.Helpers.Internal.FormsExtensions: cannot get all types from assembly MySql.Web, Version=8.0.21.0, Culture=neutral, PublicKeyToken=c5687fc88969c44d. 
System.Reflection.ReflectionTypeLoadException: Unable to load one or more of the requested types. Retrieve the LoaderExceptions property for more information.
   at System.Reflection.RuntimeModule.GetTypes(RuntimeModule module)
   at System.Reflection.RuntimeModule.GetTypes()
   at System.Reflection.Assembly.GetTypes()
   at EPiServer.Forms.Helpers.Internal.FormsExtensions.GetTypesFromAssembly(Assembly assembly)
System.Reflection.ReflectionTypeLoadException: Unable to load one or more of the requested types. Retrieve the LoaderExceptions property for more information.
   at System.Reflection.RuntimeModule.GetTypes(RuntimeModule module)
   at System.Reflection.RuntimeModule.GetTypes()
   at System.Reflection.Assembly.GetTypes()
   at EPiServer.Forms.Helpers.Internal.FormsExtensions.GetTypesFromAssembly(Assembly assembly)
2021-03-03 19:15:52,699 [1] ERROR EPiServer.Forms.Helpers.Internal.FormsExtensions: cannot get all types from assembly MySql.Web, Version=8.0.21.0, Culture=neutral, PublicKeyToken=c5687fc88969c44d. 
System.Reflection.ReflectionTypeLoadException: Unable to load one or more of the requested types. Retrieve the LoaderExceptions property for more information.
   at System.Reflection.RuntimeModule.GetTypes(RuntimeModule module)
   at System.Reflection.RuntimeModule.GetTypes()
   at System.Reflection.Assembly.GetTypes()
   at EPiServer.Forms.Helpers.Internal.FormsExtensions.GetTypesFromAssembly(Assembly assembly)
System.Reflection.ReflectionTypeLoadException: Unable to load one or more of the requested types. Retrieve the LoaderExceptions property for more information.
   at System.Reflection.RuntimeModule.GetTypes(RuntimeModule module)
   at System.Reflection.RuntimeModule.GetTypes()
   at System.Reflection.Assembly.GetTypes()
   at EPiServer.Forms.Helpers.Internal.FormsExtensions.GetTypesFromAssembly(Assembly assembly)
2021-03-03 19:15:52,739 [1] ERROR EPiServer.Forms.Helpers.Internal.FormsExtensions: cannot get all types from assembly MySql.Web, Version=8.0.21.0, Culture=neutral, PublicKeyToken=c5687fc88969c44d. 
System.Reflection.ReflectionTypeLoadException: Unable to load one or more of the requested types. Retrieve the LoaderExceptions property for more information.
   at System.Reflection.RuntimeModule.GetTypes(RuntimeModule module)
   at System.Reflection.RuntimeModule.GetTypes()
   at System.Reflection.Assembly.GetTypes()
   at EPiServer.Forms.Helpers.Internal.FormsExtensions.GetTypesFromAssembly(Assembly assembly)
System.Reflection.ReflectionTypeLoadException: Unable to load one or more of the requested types. Retrieve the LoaderExceptions property for more information.
   at System.Reflection.RuntimeModule.GetTypes(RuntimeModule module)
   at System.Reflection.RuntimeModule.GetTypes()
   at System.Reflection.Assembly.GetTypes()
   at EPiServer.Forms.Helpers.Internal.FormsExtensions.GetTypesFromAssembly(Assembly assembly)
2021-03-03 19:15:53,061 [1] ERROR EPiServer.Forms.Helpers.Internal.FormsExtensions: cannot get all types from assembly MySql.Web, Version=8.0.21.0, Culture=neutral, PublicKeyToken=c5687fc88969c44d. 
System.Reflection.ReflectionTypeLoadException: Unable to load one or more of the requested types. Retrieve the LoaderExceptions property for more information.
   at System.Reflection.RuntimeModule.GetTypes(RuntimeModule module)
   at System.Reflection.RuntimeModule.GetTypes()
   at System.Reflection.Assembly.GetTypes()
   at EPiServer.Forms.Helpers.Internal.FormsExtensions.GetTypesFromAssembly(Assembly assembly)
System.Reflection.ReflectionTypeLoadException: Unable to load one or more of the requested types. Retrieve the LoaderExceptions property for more information.
   at System.Reflection.RuntimeModule.GetTypes(RuntimeModule module)
   at System.Reflection.RuntimeModule.GetTypes()
   at System.Reflection.Assembly.GetTypes()
   at EPiServer.Forms.Helpers.Internal.FormsExtensions.GetTypesFromAssembly(Assembly assembly)
2021-03-03 19:16:04,282 [9] ERROR EPiServer.Forms.Helpers.Internal.FormsExtensions: cannot get all types from assembly MySql.Web, Version=8.0.21.0, Culture=neutral, PublicKeyToken=c5687fc88969c44d. 
System.Reflection.ReflectionTypeLoadException: Unable to load one or more of the requested types. Retrieve the LoaderExceptions property for more information.
   at System.Reflection.RuntimeModule.GetTypes(RuntimeModule module)
   at System.Reflection.RuntimeModule.GetTypes()
   at System.Reflection.Assembly.GetTypes()
   at EPiServer.Forms.Helpers.Internal.FormsExtensions.GetTypesFromAssembly(Assembly assembly)
System.Reflection.ReflectionTypeLoadException: Unable to load one or more of the requested types. Retrieve the LoaderExceptions property for more information.
   at System.Reflection.RuntimeModule.GetTypes(RuntimeModule module)
   at System.Reflection.RuntimeModule.GetTypes()
   at System.Reflection.Assembly.GetTypes()
   at EPiServer.Forms.Helpers.Internal.FormsExtensions.GetTypesFromAssembly(Assembly assembly)
2021-03-03 19:16:04,362 [9] ERROR EPiServer.Forms.Helpers.Internal.FormsExtensions: cannot get all types from assembly MySql.Web, Version=8.0.21.0, Culture=neutral, PublicKeyToken=c5687fc88969c44d. 
System.Reflection.ReflectionTypeLoadException: Unable to load one or more of the requested types. Retrieve the LoaderExceptions property for more information.
   at System.Reflection.RuntimeModule.GetTypes(RuntimeModule module)
   at System.Reflection.RuntimeModule.GetTypes()
   at System.Reflection.Assembly.GetTypes()
   at EPiServer.Forms.Helpers.Internal.FormsExtensions.GetTypesFromAssembly(Assembly assembly)
System.Reflection.ReflectionTypeLoadException: Unable to load one or more of the requested types. Retrieve the LoaderExceptions property for more information.
   at System.Reflection.RuntimeModule.GetTypes(RuntimeModule module)
   at System.Reflection.RuntimeModule.GetTypes()
   at System.Reflection.Assembly.GetTypes()
   at EPiServer.Forms.Helpers.Internal.FormsExtensions.GetTypesFromAssembly(Assembly assembly)
