2021-03-01 14:47:59,365 [1] ERROR EPiServer.Framework.Initialization.InitializationEngine: Initialize action failed for 'Initialize on class EPiServer.Data.DataInitialization, EPiServer.Data, Version=11.20.5.0, Culture=neutral, PublicKeyToken=8fe83dea738b45b7'
System.NotSupportedException: The database schema for 'CMS' has not been updated to version '7067.0', current database version is '7063.0'. Update the database manually by running the cmdlet 'Update-EPiDatabase' in the package manager console or set updateDatabaseSchema="true" on episerver.framework configuration element.
   at EPiServer.Data.SchemaUpdates.Internal.DatabaseSchemaManagerImplementation.ThrowUpdateDatabaseException(String displayName, Version databaseVersion, Version requiredVersion)
   at EPiServer.Data.SchemaUpdates.Internal.DatabaseSchemaManagerImplementation.EnsureDatabaseSchema(DataAccessOptions dataAccessOptions)
   at EPiServer.Data.DataInitialization.ValidateDatabaseSchema(InitializationEngine context)
   at EPiServer.Data.DataInitialization.Initialize(InitializationEngine context)
   at EPiServer.Framework.Initialization.Internal.ModuleNode.<>c__DisplayClass2_0.<Initialize>b__0()
   at EPiServer.Framework.Initialization.Internal.ModuleNode.Execute(Action a, String key)
   at EPiServer.Framework.Initialization.Internal.ModuleNode.Initialize(InitializationEngine context)
   at EPiServer.Framework.Initialization.InitializationEngine.InitializeModules()
System.NotSupportedException: The database schema for 'CMS' has not been updated to version '7067.0', current database version is '7063.0'. Update the database manually by running the cmdlet 'Update-EPiDatabase' in the package manager console or set updateDatabaseSchema="true" on episerver.framework configuration element.
   at EPiServer.Data.SchemaUpdates.Internal.DatabaseSchemaManagerImplementation.ThrowUpdateDatabaseException(String displayName, Version databaseVersion, Version requiredVersion)
   at EPiServer.Data.SchemaUpdates.Internal.DatabaseSchemaManagerImplementation.EnsureDatabaseSchema(DataAccessOptions dataAccessOptions)
   at EPiServer.Data.DataInitialization.ValidateDatabaseSchema(InitializationEngine context)
   at EPiServer.Data.DataInitialization.Initialize(InitializationEngine context)
   at EPiServer.Framework.Initialization.Internal.ModuleNode.<>c__DisplayClass2_0.<Initialize>b__0()
   at EPiServer.Framework.Initialization.Internal.ModuleNode.Execute(Action a, String key)
   at EPiServer.Framework.Initialization.Internal.ModuleNode.Initialize(InitializationEngine context)
   at EPiServer.Framework.Initialization.InitializationEngine.InitializeModules()
2021-03-01 14:48:29,467 [23] ERROR EPiServer.Framework.Initialization.InitializationEngine: Initialize action failed for 'Initialize on class EPiServer.Data.DataInitialization, EPiServer.Data, Version=11.20.5.0, Culture=neutral, PublicKeyToken=8fe83dea738b45b7'
System.NotSupportedException: The database schema for 'CMS' has not been updated to version '7067.0', current database version is '7063.0'. Update the database manually by running the cmdlet 'Update-EPiDatabase' in the package manager console or set updateDatabaseSchema="true" on episerver.framework configuration element.
   at EPiServer.Data.SchemaUpdates.Internal.DatabaseSchemaManagerImplementation.ThrowUpdateDatabaseException(String displayName, Version databaseVersion, Version requiredVersion)
   at EPiServer.Data.SchemaUpdates.Internal.DatabaseSchemaManagerImplementation.EnsureDatabaseSchema(DataAccessOptions dataAccessOptions)
   at EPiServer.Data.DataInitialization.ValidateDatabaseSchema(InitializationEngine context)
   at EPiServer.Data.DataInitialization.Initialize(InitializationEngine context)
   at EPiServer.Framework.Initialization.Internal.ModuleNode.<>c__DisplayClass2_0.<Initialize>b__0()
   at EPiServer.Framework.Initialization.Internal.ModuleNode.Execute(Action a, String key)
   at EPiServer.Framework.Initialization.Internal.ModuleNode.Initialize(InitializationEngine context)
   at EPiServer.Framework.Initialization.InitializationEngine.InitializeModules()
System.NotSupportedException: The database schema for 'CMS' has not been updated to version '7067.0', current database version is '7063.0'. Update the database manually by running the cmdlet 'Update-EPiDatabase' in the package manager console or set updateDatabaseSchema="true" on episerver.framework configuration element.
   at EPiServer.Data.SchemaUpdates.Internal.DatabaseSchemaManagerImplementation.ThrowUpdateDatabaseException(String displayName, Version databaseVersion, Version requiredVersion)
   at EPiServer.Data.SchemaUpdates.Internal.DatabaseSchemaManagerImplementation.EnsureDatabaseSchema(DataAccessOptions dataAccessOptions)
   at EPiServer.Data.DataInitialization.ValidateDatabaseSchema(InitializationEngine context)
   at EPiServer.Data.DataInitialization.Initialize(InitializationEngine context)
   at EPiServer.Framework.Initialization.Internal.ModuleNode.<>c__DisplayClass2_0.<Initialize>b__0()
   at EPiServer.Framework.Initialization.Internal.ModuleNode.Execute(Action a, String key)
   at EPiServer.Framework.Initialization.Internal.ModuleNode.Initialize(InitializationEngine context)
   at EPiServer.Framework.Initialization.InitializationEngine.InitializeModules()
2021-03-01 14:49:03,255 [1] ERROR EPiServer.Framework.Initialization.InitializationEngine: Initialize action failed for 'Initialize on class EPiServer.Data.DataInitialization, EPiServer.Data, Version=11.20.5.0, Culture=neutral, PublicKeyToken=8fe83dea738b45b7'
System.NotSupportedException: The database schema for 'CMS' has not been updated to version '7067.0', current database version is '7063.0'. Update the database manually by running the cmdlet 'Update-EPiDatabase' in the package manager console or set updateDatabaseSchema="true" on episerver.framework configuration element.
   at EPiServer.Data.SchemaUpdates.Internal.DatabaseSchemaManagerImplementation.ThrowUpdateDatabaseException(String displayName, Version databaseVersion, Version requiredVersion)
   at EPiServer.Data.SchemaUpdates.Internal.DatabaseSchemaManagerImplementation.EnsureDatabaseSchema(DataAccessOptions dataAccessOptions)
   at EPiServer.Data.DataInitialization.ValidateDatabaseSchema(InitializationEngine context)
   at EPiServer.Data.DataInitialization.Initialize(InitializationEngine context)
   at EPiServer.Framework.Initialization.Internal.ModuleNode.<>c__DisplayClass2_0.<Initialize>b__0()
   at EPiServer.Framework.Initialization.Internal.ModuleNode.Execute(Action a, String key)
   at EPiServer.Framework.Initialization.Internal.ModuleNode.Initialize(InitializationEngine context)
   at EPiServer.Framework.Initialization.InitializationEngine.InitializeModules()
System.NotSupportedException: The database schema for 'CMS' has not been updated to version '7067.0', current database version is '7063.0'. Update the database manually by running the cmdlet 'Update-EPiDatabase' in the package manager console or set updateDatabaseSchema="true" on episerver.framework configuration element.
   at EPiServer.Data.SchemaUpdates.Internal.DatabaseSchemaManagerImplementation.ThrowUpdateDatabaseException(String displayName, Version databaseVersion, Version requiredVersion)
   at EPiServer.Data.SchemaUpdates.Internal.DatabaseSchemaManagerImplementation.EnsureDatabaseSchema(DataAccessOptions dataAccessOptions)
   at EPiServer.Data.DataInitialization.ValidateDatabaseSchema(InitializationEngine context)
   at EPiServer.Data.DataInitialization.Initialize(InitializationEngine context)
   at EPiServer.Framework.Initialization.Internal.ModuleNode.<>c__DisplayClass2_0.<Initialize>b__0()
   at EPiServer.Framework.Initialization.Internal.ModuleNode.Execute(Action a, String key)
   at EPiServer.Framework.Initialization.Internal.ModuleNode.Initialize(InitializationEngine context)
   at EPiServer.Framework.Initialization.InitializationEngine.InitializeModules()
2021-03-01 14:54:09,164 [1] ERROR EPiServer.Forms.Helpers.Internal.FormsExtensions: cannot get all types from assembly MySql.Web, Version=8.0.21.0, Culture=neutral, PublicKeyToken=c5687fc88969c44d. 
System.Reflection.ReflectionTypeLoadException: Unable to load one or more of the requested types. Retrieve the LoaderExceptions property for more information.
   at System.Reflection.RuntimeModule.GetTypes(RuntimeModule module)
   at System.Reflection.RuntimeModule.GetTypes()
   at System.Reflection.Assembly.GetTypes()
   at EPiServer.Forms.Helpers.Internal.FormsExtensions.GetTypesFromAssembly(Assembly assembly)
System.Reflection.ReflectionTypeLoadException: Unable to load one or more of the requested types. Retrieve the LoaderExceptions property for more information.
   at System.Reflection.RuntimeModule.GetTypes(RuntimeModule module)
   at System.Reflection.RuntimeModule.GetTypes()
   at System.Reflection.Assembly.GetTypes()
   at EPiServer.Forms.Helpers.Internal.FormsExtensions.GetTypesFromAssembly(Assembly assembly)
2021-03-01 14:54:09,275 [1] ERROR EPiServer.Forms.Helpers.Internal.FormsExtensions: cannot get all types from assembly MySql.Web, Version=8.0.21.0, Culture=neutral, PublicKeyToken=c5687fc88969c44d. 
System.Reflection.ReflectionTypeLoadException: Unable to load one or more of the requested types. Retrieve the LoaderExceptions property for more information.
   at System.Reflection.RuntimeModule.GetTypes(RuntimeModule module)
   at System.Reflection.RuntimeModule.GetTypes()
   at System.Reflection.Assembly.GetTypes()
   at EPiServer.Forms.Helpers.Internal.FormsExtensions.GetTypesFromAssembly(Assembly assembly)
System.Reflection.ReflectionTypeLoadException: Unable to load one or more of the requested types. Retrieve the LoaderExceptions property for more information.
   at System.Reflection.RuntimeModule.GetTypes(RuntimeModule module)
   at System.Reflection.RuntimeModule.GetTypes()
   at System.Reflection.Assembly.GetTypes()
   at EPiServer.Forms.Helpers.Internal.FormsExtensions.GetTypesFromAssembly(Assembly assembly)
2021-03-01 14:54:09,358 [1] ERROR EPiServer.Forms.Helpers.Internal.FormsExtensions: cannot get all types from assembly MySql.Web, Version=8.0.21.0, Culture=neutral, PublicKeyToken=c5687fc88969c44d. 
System.Reflection.ReflectionTypeLoadException: Unable to load one or more of the requested types. Retrieve the LoaderExceptions property for more information.
   at System.Reflection.RuntimeModule.GetTypes(RuntimeModule module)
   at System.Reflection.RuntimeModule.GetTypes()
   at System.Reflection.Assembly.GetTypes()
   at EPiServer.Forms.Helpers.Internal.FormsExtensions.GetTypesFromAssembly(Assembly assembly)
System.Reflection.ReflectionTypeLoadException: Unable to load one or more of the requested types. Retrieve the LoaderExceptions property for more information.
   at System.Reflection.RuntimeModule.GetTypes(RuntimeModule module)
   at System.Reflection.RuntimeModule.GetTypes()
   at System.Reflection.Assembly.GetTypes()
   at EPiServer.Forms.Helpers.Internal.FormsExtensions.GetTypesFromAssembly(Assembly assembly)
2021-03-01 14:54:09,396 [1] ERROR EPiServer.Forms.Helpers.Internal.FormsExtensions: cannot get all types from assembly MySql.Web, Version=8.0.21.0, Culture=neutral, PublicKeyToken=c5687fc88969c44d. 
System.Reflection.ReflectionTypeLoadException: Unable to load one or more of the requested types. Retrieve the LoaderExceptions property for more information.
   at System.Reflection.RuntimeModule.GetTypes(RuntimeModule module)
   at System.Reflection.RuntimeModule.GetTypes()
   at System.Reflection.Assembly.GetTypes()
   at EPiServer.Forms.Helpers.Internal.FormsExtensions.GetTypesFromAssembly(Assembly assembly)
System.Reflection.ReflectionTypeLoadException: Unable to load one or more of the requested types. Retrieve the LoaderExceptions property for more information.
   at System.Reflection.RuntimeModule.GetTypes(RuntimeModule module)
   at System.Reflection.RuntimeModule.GetTypes()
   at System.Reflection.Assembly.GetTypes()
   at EPiServer.Forms.Helpers.Internal.FormsExtensions.GetTypesFromAssembly(Assembly assembly)
2021-03-01 14:54:11,315 [1] ERROR EPiServer.Forms.Helpers.Internal.FormsExtensions: cannot get all types from assembly MySql.Web, Version=8.0.21.0, Culture=neutral, PublicKeyToken=c5687fc88969c44d. 
System.Reflection.ReflectionTypeLoadException: Unable to load one or more of the requested types. Retrieve the LoaderExceptions property for more information.
   at System.Reflection.RuntimeModule.GetTypes(RuntimeModule module)
   at System.Reflection.RuntimeModule.GetTypes()
   at System.Reflection.Assembly.GetTypes()
   at EPiServer.Forms.Helpers.Internal.FormsExtensions.GetTypesFromAssembly(Assembly assembly)
System.Reflection.ReflectionTypeLoadException: Unable to load one or more of the requested types. Retrieve the LoaderExceptions property for more information.
   at System.Reflection.RuntimeModule.GetTypes(RuntimeModule module)
   at System.Reflection.RuntimeModule.GetTypes()
   at System.Reflection.Assembly.GetTypes()
   at EPiServer.Forms.Helpers.Internal.FormsExtensions.GetTypesFromAssembly(Assembly assembly)
2021-03-01 14:54:14,454 [6] ERROR EPiServer.Global: Unhandled exception in ASP.NET
System.Web.HttpException (0x80004005): The file '/link/43F936C99B234EA397B261C538AD07C9.aspx' does not exist.
   at System.Web.UI.Util.CheckVirtualFileExists(VirtualPath virtualPath)
   at System.Web.Compilation.BuildManager.GetVPathBuildResultInternal(VirtualPath virtualPath, Boolean noBuild, Boolean allowCrossApp, Boolean allowBuildInPrecompile, Boolean throwIfNotFound, Boolean ensureIsUpToDate)
   at System.Web.Compilation.BuildManager.GetVPathBuildResultWithNoAssert(HttpContext context, VirtualPath virtualPath, Boolean noBuild, Boolean allowCrossApp, Boolean allowBuildInPrecompile, Boolean throwIfNotFound, Boolean ensureIsUpToDate)
   at System.Web.Compilation.BuildManager.GetVirtualPathObjectFactory(VirtualPath virtualPath, HttpContext context, Boolean allowCrossApp, Boolean throwIfNotFound)
   at System.Web.Compilation.BuildManager.CreateInstanceFromVirtualPath(VirtualPath virtualPath, Type requiredBaseType, HttpContext context, Boolean allowCrossApp)
   at System.Web.Routing.PageRouteHandler.GetHttpHandler(RequestContext requestContext)
   at EPiServer.Web.Routing.Internal.MultiplexingRouteHandler.GetHttpHandler(RequestContext requestContext)
   at System.Web.Routing.UrlRoutingModule.PostResolveRequestCache(HttpContextBase context)
   at System.Web.Routing.UrlRoutingModule.OnApplicationPostResolveRequestCache(Object sender, EventArgs e)
   at System.Web.HttpApplication.SyncEventExecutionStep.System.Web.HttpApplication.IExecutionStep.Execute()
   at System.Web.HttpApplication.ExecuteStepImpl(IExecutionStep step)
   at System.Web.HttpApplication.ExecuteStep(IExecutionStep step, Boolean& completedSynchronously)
System.Web.HttpException (0x80004005): The file '/link/43F936C99B234EA397B261C538AD07C9.aspx' does not exist.
   at System.Web.UI.Util.CheckVirtualFileExists(VirtualPath virtualPath)
   at System.Web.Compilation.BuildManager.GetVPathBuildResultInternal(VirtualPath virtualPath, Boolean noBuild, Boolean allowCrossApp, Boolean allowBuildInPrecompile, Boolean throwIfNotFound, Boolean ensureIsUpToDate)
   at System.Web.Compilation.BuildManager.GetVPathBuildResultWithNoAssert(HttpContext context, VirtualPath virtualPath, Boolean noBuild, Boolean allowCrossApp, Boolean allowBuildInPrecompile, Boolean throwIfNotFound, Boolean ensureIsUpToDate)
   at System.Web.Compilation.BuildManager.GetVirtualPathObjectFactory(VirtualPath virtualPath, HttpContext context, Boolean allowCrossApp, Boolean throwIfNotFound)
   at System.Web.Compilation.BuildManager.CreateInstanceFromVirtualPath(VirtualPath virtualPath, Type requiredBaseType, HttpContext context, Boolean allowCrossApp)
   at System.Web.Routing.PageRouteHandler.GetHttpHandler(RequestContext requestContext)
   at EPiServer.Web.Routing.Internal.MultiplexingRouteHandler.GetHttpHandler(RequestContext requestContext)
   at System.Web.Routing.UrlRoutingModule.PostResolveRequestCache(HttpContextBase context)
   at System.Web.Routing.UrlRoutingModule.OnApplicationPostResolveRequestCache(Object sender, EventArgs e)
   at System.Web.HttpApplication.SyncEventExecutionStep.System.Web.HttpApplication.IExecutionStep.Execute()
   at System.Web.HttpApplication.ExecuteStepImpl(IExecutionStep step)
   at System.Web.HttpApplication.ExecuteStep(IExecutionStep step, Boolean& completedSynchronously)
2021-03-01 14:58:15,430 [1] ERROR EPiServer.Forms.Helpers.Internal.FormsExtensions: cannot get all types from assembly MySql.Web, Version=8.0.21.0, Culture=neutral, PublicKeyToken=c5687fc88969c44d. 
System.Reflection.ReflectionTypeLoadException: Unable to load one or more of the requested types. Retrieve the LoaderExceptions property for more information.
   at System.Reflection.RuntimeModule.GetTypes(RuntimeModule module)
   at System.Reflection.RuntimeModule.GetTypes()
   at System.Reflection.Assembly.GetTypes()
   at EPiServer.Forms.Helpers.Internal.FormsExtensions.GetTypesFromAssembly(Assembly assembly)
System.Reflection.ReflectionTypeLoadException: Unable to load one or more of the requested types. Retrieve the LoaderExceptions property for more information.
   at System.Reflection.RuntimeModule.GetTypes(RuntimeModule module)
   at System.Reflection.RuntimeModule.GetTypes()
   at System.Reflection.Assembly.GetTypes()
   at EPiServer.Forms.Helpers.Internal.FormsExtensions.GetTypesFromAssembly(Assembly assembly)
2021-03-01 14:58:15,492 [1] ERROR EPiServer.Forms.Helpers.Internal.FormsExtensions: cannot get all types from assembly MySql.Web, Version=8.0.21.0, Culture=neutral, PublicKeyToken=c5687fc88969c44d. 
System.Reflection.ReflectionTypeLoadException: Unable to load one or more of the requested types. Retrieve the LoaderExceptions property for more information.
   at System.Reflection.RuntimeModule.GetTypes(RuntimeModule module)
   at System.Reflection.RuntimeModule.GetTypes()
   at System.Reflection.Assembly.GetTypes()
   at EPiServer.Forms.Helpers.Internal.FormsExtensions.GetTypesFromAssembly(Assembly assembly)
System.Reflection.ReflectionTypeLoadException: Unable to load one or more of the requested types. Retrieve the LoaderExceptions property for more information.
   at System.Reflection.RuntimeModule.GetTypes(RuntimeModule module)
   at System.Reflection.RuntimeModule.GetTypes()
   at System.Reflection.Assembly.GetTypes()
   at EPiServer.Forms.Helpers.Internal.FormsExtensions.GetTypesFromAssembly(Assembly assembly)
2021-03-01 14:58:15,555 [1] ERROR EPiServer.Forms.Helpers.Internal.FormsExtensions: cannot get all types from assembly MySql.Web, Version=8.0.21.0, Culture=neutral, PublicKeyToken=c5687fc88969c44d. 
System.Reflection.ReflectionTypeLoadException: Unable to load one or more of the requested types. Retrieve the LoaderExceptions property for more information.
   at System.Reflection.RuntimeModule.GetTypes(RuntimeModule module)
   at System.Reflection.RuntimeModule.GetTypes()
   at System.Reflection.Assembly.GetTypes()
   at EPiServer.Forms.Helpers.Internal.FormsExtensions.GetTypesFromAssembly(Assembly assembly)
System.Reflection.ReflectionTypeLoadException: Unable to load one or more of the requested types. Retrieve the LoaderExceptions property for more information.
   at System.Reflection.RuntimeModule.GetTypes(RuntimeModule module)
   at System.Reflection.RuntimeModule.GetTypes()
   at System.Reflection.Assembly.GetTypes()
   at EPiServer.Forms.Helpers.Internal.FormsExtensions.GetTypesFromAssembly(Assembly assembly)
2021-03-01 14:58:15,596 [1] ERROR EPiServer.Forms.Helpers.Internal.FormsExtensions: cannot get all types from assembly MySql.Web, Version=8.0.21.0, Culture=neutral, PublicKeyToken=c5687fc88969c44d. 
System.Reflection.ReflectionTypeLoadException: Unable to load one or more of the requested types. Retrieve the LoaderExceptions property for more information.
   at System.Reflection.RuntimeModule.GetTypes(RuntimeModule module)
   at System.Reflection.RuntimeModule.GetTypes()
   at System.Reflection.Assembly.GetTypes()
   at EPiServer.Forms.Helpers.Internal.FormsExtensions.GetTypesFromAssembly(Assembly assembly)
System.Reflection.ReflectionTypeLoadException: Unable to load one or more of the requested types. Retrieve the LoaderExceptions property for more information.
   at System.Reflection.RuntimeModule.GetTypes(RuntimeModule module)
   at System.Reflection.RuntimeModule.GetTypes()
   at System.Reflection.Assembly.GetTypes()
   at EPiServer.Forms.Helpers.Internal.FormsExtensions.GetTypesFromAssembly(Assembly assembly)
2021-03-01 14:58:15,937 [1] ERROR EPiServer.Forms.Helpers.Internal.FormsExtensions: cannot get all types from assembly MySql.Web, Version=8.0.21.0, Culture=neutral, PublicKeyToken=c5687fc88969c44d. 
System.Reflection.ReflectionTypeLoadException: Unable to load one or more of the requested types. Retrieve the LoaderExceptions property for more information.
   at System.Reflection.RuntimeModule.GetTypes(RuntimeModule module)
   at System.Reflection.RuntimeModule.GetTypes()
   at System.Reflection.Assembly.GetTypes()
   at EPiServer.Forms.Helpers.Internal.FormsExtensions.GetTypesFromAssembly(Assembly assembly)
System.Reflection.ReflectionTypeLoadException: Unable to load one or more of the requested types. Retrieve the LoaderExceptions property for more information.
   at System.Reflection.RuntimeModule.GetTypes(RuntimeModule module)
   at System.Reflection.RuntimeModule.GetTypes()
   at System.Reflection.Assembly.GetTypes()
   at EPiServer.Forms.Helpers.Internal.FormsExtensions.GetTypesFromAssembly(Assembly assembly)
2021-03-01 14:58:16,745 [6] ERROR EPiServer.Global: Unhandled exception in ASP.NET
System.Web.HttpException (0x80004005): The file '/link/43F936C99B234EA397B261C538AD07C9.aspx' does not exist.
   at System.Web.UI.Util.CheckVirtualFileExists(VirtualPath virtualPath)
   at System.Web.Compilation.BuildManager.GetVPathBuildResultInternal(VirtualPath virtualPath, Boolean noBuild, Boolean allowCrossApp, Boolean allowBuildInPrecompile, Boolean throwIfNotFound, Boolean ensureIsUpToDate)
   at System.Web.Compilation.BuildManager.GetVPathBuildResultWithNoAssert(HttpContext context, VirtualPath virtualPath, Boolean noBuild, Boolean allowCrossApp, Boolean allowBuildInPrecompile, Boolean throwIfNotFound, Boolean ensureIsUpToDate)
   at System.Web.Compilation.BuildManager.GetVirtualPathObjectFactory(VirtualPath virtualPath, HttpContext context, Boolean allowCrossApp, Boolean throwIfNotFound)
   at System.Web.Compilation.BuildManager.CreateInstanceFromVirtualPath(VirtualPath virtualPath, Type requiredBaseType, HttpContext context, Boolean allowCrossApp)
   at System.Web.Routing.PageRouteHandler.GetHttpHandler(RequestContext requestContext)
   at EPiServer.Web.Routing.Internal.MultiplexingRouteHandler.GetHttpHandler(RequestContext requestContext)
   at System.Web.Routing.UrlRoutingModule.PostResolveRequestCache(HttpContextBase context)
   at System.Web.Routing.UrlRoutingModule.OnApplicationPostResolveRequestCache(Object sender, EventArgs e)
   at System.Web.HttpApplication.SyncEventExecutionStep.System.Web.HttpApplication.IExecutionStep.Execute()
   at System.Web.HttpApplication.ExecuteStepImpl(IExecutionStep step)
   at System.Web.HttpApplication.ExecuteStep(IExecutionStep step, Boolean& completedSynchronously)
System.Web.HttpException (0x80004005): The file '/link/43F936C99B234EA397B261C538AD07C9.aspx' does not exist.
   at System.Web.UI.Util.CheckVirtualFileExists(VirtualPath virtualPath)
   at System.Web.Compilation.BuildManager.GetVPathBuildResultInternal(VirtualPath virtualPath, Boolean noBuild, Boolean allowCrossApp, Boolean allowBuildInPrecompile, Boolean throwIfNotFound, Boolean ensureIsUpToDate)
   at System.Web.Compilation.BuildManager.GetVPathBuildResultWithNoAssert(HttpContext context, VirtualPath virtualPath, Boolean noBuild, Boolean allowCrossApp, Boolean allowBuildInPrecompile, Boolean throwIfNotFound, Boolean ensureIsUpToDate)
   at System.Web.Compilation.BuildManager.GetVirtualPathObjectFactory(VirtualPath virtualPath, HttpContext context, Boolean allowCrossApp, Boolean throwIfNotFound)
   at System.Web.Compilation.BuildManager.CreateInstanceFromVirtualPath(VirtualPath virtualPath, Type requiredBaseType, HttpContext context, Boolean allowCrossApp)
   at System.Web.Routing.PageRouteHandler.GetHttpHandler(RequestContext requestContext)
   at EPiServer.Web.Routing.Internal.MultiplexingRouteHandler.GetHttpHandler(RequestContext requestContext)
   at System.Web.Routing.UrlRoutingModule.PostResolveRequestCache(HttpContextBase context)
   at System.Web.Routing.UrlRoutingModule.OnApplicationPostResolveRequestCache(Object sender, EventArgs e)
   at System.Web.HttpApplication.SyncEventExecutionStep.System.Web.HttpApplication.IExecutionStep.Execute()
   at System.Web.HttpApplication.ExecuteStepImpl(IExecutionStep step)
   at System.Web.HttpApplication.ExecuteStep(IExecutionStep step, Boolean& completedSynchronously)
2021-03-01 14:58:48,936 [9] ERROR EPiServer.Forms.Helpers.Internal.FormsExtensions: cannot get all types from assembly MySql.Web, Version=8.0.21.0, Culture=neutral, PublicKeyToken=c5687fc88969c44d. 
System.Reflection.ReflectionTypeLoadException: Unable to load one or more of the requested types. Retrieve the LoaderExceptions property for more information.
   at System.Reflection.RuntimeModule.GetTypes(RuntimeModule module)
   at System.Reflection.RuntimeModule.GetTypes()
   at System.Reflection.Assembly.GetTypes()
   at EPiServer.Forms.Helpers.Internal.FormsExtensions.GetTypesFromAssembly(Assembly assembly)
System.Reflection.ReflectionTypeLoadException: Unable to load one or more of the requested types. Retrieve the LoaderExceptions property for more information.
   at System.Reflection.RuntimeModule.GetTypes(RuntimeModule module)
   at System.Reflection.RuntimeModule.GetTypes()
   at System.Reflection.Assembly.GetTypes()
   at EPiServer.Forms.Helpers.Internal.FormsExtensions.GetTypesFromAssembly(Assembly assembly)
2021-03-01 14:58:49,029 [9] ERROR EPiServer.Forms.Helpers.Internal.FormsExtensions: cannot get all types from assembly MySql.Web, Version=8.0.21.0, Culture=neutral, PublicKeyToken=c5687fc88969c44d. 
System.Reflection.ReflectionTypeLoadException: Unable to load one or more of the requested types. Retrieve the LoaderExceptions property for more information.
   at System.Reflection.RuntimeModule.GetTypes(RuntimeModule module)
   at System.Reflection.RuntimeModule.GetTypes()
   at System.Reflection.Assembly.GetTypes()
   at EPiServer.Forms.Helpers.Internal.FormsExtensions.GetTypesFromAssembly(Assembly assembly)
System.Reflection.ReflectionTypeLoadException: Unable to load one or more of the requested types. Retrieve the LoaderExceptions property for more information.
   at System.Reflection.RuntimeModule.GetTypes(RuntimeModule module)
   at System.Reflection.RuntimeModule.GetTypes()
   at System.Reflection.Assembly.GetTypes()
   at EPiServer.Forms.Helpers.Internal.FormsExtensions.GetTypesFromAssembly(Assembly assembly)
2021-03-01 15:19:19,938 [1] ERROR EPiServer.Forms.Helpers.Internal.FormsExtensions: cannot get all types from assembly MySql.Web, Version=8.0.21.0, Culture=neutral, PublicKeyToken=c5687fc88969c44d. 
System.Reflection.ReflectionTypeLoadException: Unable to load one or more of the requested types. Retrieve the LoaderExceptions property for more information.
   at System.Reflection.RuntimeModule.GetTypes(RuntimeModule module)
   at System.Reflection.RuntimeModule.GetTypes()
   at System.Reflection.Assembly.GetTypes()
   at EPiServer.Forms.Helpers.Internal.FormsExtensions.GetTypesFromAssembly(Assembly assembly)
System.Reflection.ReflectionTypeLoadException: Unable to load one or more of the requested types. Retrieve the LoaderExceptions property for more information.
   at System.Reflection.RuntimeModule.GetTypes(RuntimeModule module)
   at System.Reflection.RuntimeModule.GetTypes()
   at System.Reflection.Assembly.GetTypes()
   at EPiServer.Forms.Helpers.Internal.FormsExtensions.GetTypesFromAssembly(Assembly assembly)
2021-03-01 15:19:20,012 [1] ERROR EPiServer.Forms.Helpers.Internal.FormsExtensions: cannot get all types from assembly MySql.Web, Version=8.0.21.0, Culture=neutral, PublicKeyToken=c5687fc88969c44d. 
System.Reflection.ReflectionTypeLoadException: Unable to load one or more of the requested types. Retrieve the LoaderExceptions property for more information.
   at System.Reflection.RuntimeModule.GetTypes(RuntimeModule module)
   at System.Reflection.RuntimeModule.GetTypes()
   at System.Reflection.Assembly.GetTypes()
   at EPiServer.Forms.Helpers.Internal.FormsExtensions.GetTypesFromAssembly(Assembly assembly)
System.Reflection.ReflectionTypeLoadException: Unable to load one or more of the requested types. Retrieve the LoaderExceptions property for more information.
   at System.Reflection.RuntimeModule.GetTypes(RuntimeModule module)
   at System.Reflection.RuntimeModule.GetTypes()
   at System.Reflection.Assembly.GetTypes()
   at EPiServer.Forms.Helpers.Internal.FormsExtensions.GetTypesFromAssembly(Assembly assembly)
2021-03-01 15:19:20,076 [1] ERROR EPiServer.Forms.Helpers.Internal.FormsExtensions: cannot get all types from assembly MySql.Web, Version=8.0.21.0, Culture=neutral, PublicKeyToken=c5687fc88969c44d. 
System.Reflection.ReflectionTypeLoadException: Unable to load one or more of the requested types. Retrieve the LoaderExceptions property for more information.
   at System.Reflection.RuntimeModule.GetTypes(RuntimeModule module)
   at System.Reflection.RuntimeModule.GetTypes()
   at System.Reflection.Assembly.GetTypes()
   at EPiServer.Forms.Helpers.Internal.FormsExtensions.GetTypesFromAssembly(Assembly assembly)
System.Reflection.ReflectionTypeLoadException: Unable to load one or more of the requested types. Retrieve the LoaderExceptions property for more information.
   at System.Reflection.RuntimeModule.GetTypes(RuntimeModule module)
   at System.Reflection.RuntimeModule.GetTypes()
   at System.Reflection.Assembly.GetTypes()
   at EPiServer.Forms.Helpers.Internal.FormsExtensions.GetTypesFromAssembly(Assembly assembly)
2021-03-01 15:19:20,113 [1] ERROR EPiServer.Forms.Helpers.Internal.FormsExtensions: cannot get all types from assembly MySql.Web, Version=8.0.21.0, Culture=neutral, PublicKeyToken=c5687fc88969c44d. 
System.Reflection.ReflectionTypeLoadException: Unable to load one or more of the requested types. Retrieve the LoaderExceptions property for more information.
   at System.Reflection.RuntimeModule.GetTypes(RuntimeModule module)
   at System.Reflection.RuntimeModule.GetTypes()
   at System.Reflection.Assembly.GetTypes()
   at EPiServer.Forms.Helpers.Internal.FormsExtensions.GetTypesFromAssembly(Assembly assembly)
System.Reflection.ReflectionTypeLoadException: Unable to load one or more of the requested types. Retrieve the LoaderExceptions property for more information.
   at System.Reflection.RuntimeModule.GetTypes(RuntimeModule module)
   at System.Reflection.RuntimeModule.GetTypes()
   at System.Reflection.Assembly.GetTypes()
   at EPiServer.Forms.Helpers.Internal.FormsExtensions.GetTypesFromAssembly(Assembly assembly)
2021-03-01 15:19:20,420 [1] ERROR EPiServer.Forms.Helpers.Internal.FormsExtensions: cannot get all types from assembly MySql.Web, Version=8.0.21.0, Culture=neutral, PublicKeyToken=c5687fc88969c44d. 
System.Reflection.ReflectionTypeLoadException: Unable to load one or more of the requested types. Retrieve the LoaderExceptions property for more information.
   at System.Reflection.RuntimeModule.GetTypes(RuntimeModule module)
   at System.Reflection.RuntimeModule.GetTypes()
   at System.Reflection.Assembly.GetTypes()
   at EPiServer.Forms.Helpers.Internal.FormsExtensions.GetTypesFromAssembly(Assembly assembly)
System.Reflection.ReflectionTypeLoadException: Unable to load one or more of the requested types. Retrieve the LoaderExceptions property for more information.
   at System.Reflection.RuntimeModule.GetTypes(RuntimeModule module)
   at System.Reflection.RuntimeModule.GetTypes()
   at System.Reflection.Assembly.GetTypes()
   at EPiServer.Forms.Helpers.Internal.FormsExtensions.GetTypesFromAssembly(Assembly assembly)
2021-03-01 15:19:21,413 [8] ERROR EPiServer.Global: Unhandled exception in ASP.NET
System.Web.HttpException (0x80004005): The file '/link/43F936C99B234EA397B261C538AD07C9.aspx' does not exist.
   at System.Web.UI.Util.CheckVirtualFileExists(VirtualPath virtualPath)
   at System.Web.Compilation.BuildManager.GetVPathBuildResultInternal(VirtualPath virtualPath, Boolean noBuild, Boolean allowCrossApp, Boolean allowBuildInPrecompile, Boolean throwIfNotFound, Boolean ensureIsUpToDate)
   at System.Web.Compilation.BuildManager.GetVPathBuildResultWithNoAssert(HttpContext context, VirtualPath virtualPath, Boolean noBuild, Boolean allowCrossApp, Boolean allowBuildInPrecompile, Boolean throwIfNotFound, Boolean ensureIsUpToDate)
   at System.Web.Compilation.BuildManager.GetVirtualPathObjectFactory(VirtualPath virtualPath, HttpContext context, Boolean allowCrossApp, Boolean throwIfNotFound)
   at System.Web.Compilation.BuildManager.CreateInstanceFromVirtualPath(VirtualPath virtualPath, Type requiredBaseType, HttpContext context, Boolean allowCrossApp)
   at System.Web.Routing.PageRouteHandler.GetHttpHandler(RequestContext requestContext)
   at EPiServer.Web.Routing.Internal.MultiplexingRouteHandler.GetHttpHandler(RequestContext requestContext)
   at System.Web.Routing.UrlRoutingModule.PostResolveRequestCache(HttpContextBase context)
   at System.Web.Routing.UrlRoutingModule.OnApplicationPostResolveRequestCache(Object sender, EventArgs e)
   at System.Web.HttpApplication.SyncEventExecutionStep.System.Web.HttpApplication.IExecutionStep.Execute()
   at System.Web.HttpApplication.ExecuteStepImpl(IExecutionStep step)
   at System.Web.HttpApplication.ExecuteStep(IExecutionStep step, Boolean& completedSynchronously)
System.Web.HttpException (0x80004005): The file '/link/43F936C99B234EA397B261C538AD07C9.aspx' does not exist.
   at System.Web.UI.Util.CheckVirtualFileExists(VirtualPath virtualPath)
   at System.Web.Compilation.BuildManager.GetVPathBuildResultInternal(VirtualPath virtualPath, Boolean noBuild, Boolean allowCrossApp, Boolean allowBuildInPrecompile, Boolean throwIfNotFound, Boolean ensureIsUpToDate)
   at System.Web.Compilation.BuildManager.GetVPathBuildResultWithNoAssert(HttpContext context, VirtualPath virtualPath, Boolean noBuild, Boolean allowCrossApp, Boolean allowBuildInPrecompile, Boolean throwIfNotFound, Boolean ensureIsUpToDate)
   at System.Web.Compilation.BuildManager.GetVirtualPathObjectFactory(VirtualPath virtualPath, HttpContext context, Boolean allowCrossApp, Boolean throwIfNotFound)
   at System.Web.Compilation.BuildManager.CreateInstanceFromVirtualPath(VirtualPath virtualPath, Type requiredBaseType, HttpContext context, Boolean allowCrossApp)
   at System.Web.Routing.PageRouteHandler.GetHttpHandler(RequestContext requestContext)
   at EPiServer.Web.Routing.Internal.MultiplexingRouteHandler.GetHttpHandler(RequestContext requestContext)
   at System.Web.Routing.UrlRoutingModule.PostResolveRequestCache(HttpContextBase context)
   at System.Web.Routing.UrlRoutingModule.OnApplicationPostResolveRequestCache(Object sender, EventArgs e)
   at System.Web.HttpApplication.SyncEventExecutionStep.System.Web.HttpApplication.IExecutionStep.Execute()
   at System.Web.HttpApplication.ExecuteStepImpl(IExecutionStep step)
   at System.Web.HttpApplication.ExecuteStep(IExecutionStep step, Boolean& completedSynchronously)
2021-03-01 15:19:23,764 [12] ERROR EPiServer.Forms.Helpers.Internal.FormsExtensions: cannot get all types from assembly MySql.Web, Version=8.0.21.0, Culture=neutral, PublicKeyToken=c5687fc88969c44d. 
System.Reflection.ReflectionTypeLoadException: Unable to load one or more of the requested types. Retrieve the LoaderExceptions property for more information.
   at System.Reflection.RuntimeModule.GetTypes(RuntimeModule module)
   at System.Reflection.RuntimeModule.GetTypes()
   at System.Reflection.Assembly.GetTypes()
   at EPiServer.Forms.Helpers.Internal.FormsExtensions.GetTypesFromAssembly(Assembly assembly)
System.Reflection.ReflectionTypeLoadException: Unable to load one or more of the requested types. Retrieve the LoaderExceptions property for more information.
   at System.Reflection.RuntimeModule.GetTypes(RuntimeModule module)
   at System.Reflection.RuntimeModule.GetTypes()
   at System.Reflection.Assembly.GetTypes()
   at EPiServer.Forms.Helpers.Internal.FormsExtensions.GetTypesFromAssembly(Assembly assembly)
2021-03-01 15:19:23,844 [12] ERROR EPiServer.Forms.Helpers.Internal.FormsExtensions: cannot get all types from assembly MySql.Web, Version=8.0.21.0, Culture=neutral, PublicKeyToken=c5687fc88969c44d. 
System.Reflection.ReflectionTypeLoadException: Unable to load one or more of the requested types. Retrieve the LoaderExceptions property for more information.
   at System.Reflection.RuntimeModule.GetTypes(RuntimeModule module)
   at System.Reflection.RuntimeModule.GetTypes()
   at System.Reflection.Assembly.GetTypes()
   at EPiServer.Forms.Helpers.Internal.FormsExtensions.GetTypesFromAssembly(Assembly assembly)
System.Reflection.ReflectionTypeLoadException: Unable to load one or more of the requested types. Retrieve the LoaderExceptions property for more information.
   at System.Reflection.RuntimeModule.GetTypes(RuntimeModule module)
   at System.Reflection.RuntimeModule.GetTypes()
   at System.Reflection.Assembly.GetTypes()
   at EPiServer.Forms.Helpers.Internal.FormsExtensions.GetTypesFromAssembly(Assembly assembly)
2021-03-01 15:42:45,219 [1] ERROR EPiServer.Forms.Helpers.Internal.FormsExtensions: cannot get all types from assembly MySql.Web, Version=8.0.21.0, Culture=neutral, PublicKeyToken=c5687fc88969c44d. 
System.Reflection.ReflectionTypeLoadException: Unable to load one or more of the requested types. Retrieve the LoaderExceptions property for more information.
   at System.Reflection.RuntimeModule.GetTypes(RuntimeModule module)
   at System.Reflection.RuntimeModule.GetTypes()
   at System.Reflection.Assembly.GetTypes()
   at EPiServer.Forms.Helpers.Internal.FormsExtensions.GetTypesFromAssembly(Assembly assembly)
System.Reflection.ReflectionTypeLoadException: Unable to load one or more of the requested types. Retrieve the LoaderExceptions property for more information.
   at System.Reflection.RuntimeModule.GetTypes(RuntimeModule module)
   at System.Reflection.RuntimeModule.GetTypes()
   at System.Reflection.Assembly.GetTypes()
   at EPiServer.Forms.Helpers.Internal.FormsExtensions.GetTypesFromAssembly(Assembly assembly)
2021-03-01 15:42:45,292 [1] ERROR EPiServer.Forms.Helpers.Internal.FormsExtensions: cannot get all types from assembly MySql.Web, Version=8.0.21.0, Culture=neutral, PublicKeyToken=c5687fc88969c44d. 
System.Reflection.ReflectionTypeLoadException: Unable to load one or more of the requested types. Retrieve the LoaderExceptions property for more information.
   at System.Reflection.RuntimeModule.GetTypes(RuntimeModule module)
   at System.Reflection.RuntimeModule.GetTypes()
   at System.Reflection.Assembly.GetTypes()
   at EPiServer.Forms.Helpers.Internal.FormsExtensions.GetTypesFromAssembly(Assembly assembly)
System.Reflection.ReflectionTypeLoadException: Unable to load one or more of the requested types. Retrieve the LoaderExceptions property for more information.
   at System.Reflection.RuntimeModule.GetTypes(RuntimeModule module)
   at System.Reflection.RuntimeModule.GetTypes()
   at System.Reflection.Assembly.GetTypes()
   at EPiServer.Forms.Helpers.Internal.FormsExtensions.GetTypesFromAssembly(Assembly assembly)
2021-03-01 15:42:45,413 [1] ERROR EPiServer.Forms.Helpers.Internal.FormsExtensions: cannot get all types from assembly MySql.Web, Version=8.0.21.0, Culture=neutral, PublicKeyToken=c5687fc88969c44d. 
System.Reflection.ReflectionTypeLoadException: Unable to load one or more of the requested types. Retrieve the LoaderExceptions property for more information.
   at System.Reflection.RuntimeModule.GetTypes(RuntimeModule module)
   at System.Reflection.RuntimeModule.GetTypes()
   at System.Reflection.Assembly.GetTypes()
   at EPiServer.Forms.Helpers.Internal.FormsExtensions.GetTypesFromAssembly(Assembly assembly)
System.Reflection.ReflectionTypeLoadException: Unable to load one or more of the requested types. Retrieve the LoaderExceptions property for more information.
   at System.Reflection.RuntimeModule.GetTypes(RuntimeModule module)
   at System.Reflection.RuntimeModule.GetTypes()
   at System.Reflection.Assembly.GetTypes()
   at EPiServer.Forms.Helpers.Internal.FormsExtensions.GetTypesFromAssembly(Assembly assembly)
2021-03-01 15:42:45,484 [1] ERROR EPiServer.Forms.Helpers.Internal.FormsExtensions: cannot get all types from assembly MySql.Web, Version=8.0.21.0, Culture=neutral, PublicKeyToken=c5687fc88969c44d. 
System.Reflection.ReflectionTypeLoadException: Unable to load one or more of the requested types. Retrieve the LoaderExceptions property for more information.
   at System.Reflection.RuntimeModule.GetTypes(RuntimeModule module)
   at System.Reflection.RuntimeModule.GetTypes()
   at System.Reflection.Assembly.GetTypes()
   at EPiServer.Forms.Helpers.Internal.FormsExtensions.GetTypesFromAssembly(Assembly assembly)
System.Reflection.ReflectionTypeLoadException: Unable to load one or more of the requested types. Retrieve the LoaderExceptions property for more information.
   at System.Reflection.RuntimeModule.GetTypes(RuntimeModule module)
   at System.Reflection.RuntimeModule.GetTypes()
   at System.Reflection.Assembly.GetTypes()
   at EPiServer.Forms.Helpers.Internal.FormsExtensions.GetTypesFromAssembly(Assembly assembly)
2021-03-01 15:42:46,081 [1] ERROR EPiServer.Forms.Helpers.Internal.FormsExtensions: cannot get all types from assembly MySql.Web, Version=8.0.21.0, Culture=neutral, PublicKeyToken=c5687fc88969c44d. 
System.Reflection.ReflectionTypeLoadException: Unable to load one or more of the requested types. Retrieve the LoaderExceptions property for more information.
   at System.Reflection.RuntimeModule.GetTypes(RuntimeModule module)
   at System.Reflection.RuntimeModule.GetTypes()
   at System.Reflection.Assembly.GetTypes()
   at EPiServer.Forms.Helpers.Internal.FormsExtensions.GetTypesFromAssembly(Assembly assembly)
System.Reflection.ReflectionTypeLoadException: Unable to load one or more of the requested types. Retrieve the LoaderExceptions property for more information.
   at System.Reflection.RuntimeModule.GetTypes(RuntimeModule module)
   at System.Reflection.RuntimeModule.GetTypes()
   at System.Reflection.Assembly.GetTypes()
   at EPiServer.Forms.Helpers.Internal.FormsExtensions.GetTypesFromAssembly(Assembly assembly)
2021-03-01 15:43:25,047 [9] ERROR EPiServer.Forms.Helpers.Internal.FormsExtensions: cannot get all types from assembly MySql.Web, Version=8.0.21.0, Culture=neutral, PublicKeyToken=c5687fc88969c44d. 
System.Reflection.ReflectionTypeLoadException: Unable to load one or more of the requested types. Retrieve the LoaderExceptions property for more information.
   at System.Reflection.RuntimeModule.GetTypes(RuntimeModule module)
   at System.Reflection.RuntimeModule.GetTypes()
   at System.Reflection.Assembly.GetTypes()
   at EPiServer.Forms.Helpers.Internal.FormsExtensions.GetTypesFromAssembly(Assembly assembly)
System.Reflection.ReflectionTypeLoadException: Unable to load one or more of the requested types. Retrieve the LoaderExceptions property for more information.
   at System.Reflection.RuntimeModule.GetTypes(RuntimeModule module)
   at System.Reflection.RuntimeModule.GetTypes()
   at System.Reflection.Assembly.GetTypes()
   at EPiServer.Forms.Helpers.Internal.FormsExtensions.GetTypesFromAssembly(Assembly assembly)
2021-03-01 15:43:25,122 [9] ERROR EPiServer.Forms.Helpers.Internal.FormsExtensions: cannot get all types from assembly MySql.Web, Version=8.0.21.0, Culture=neutral, PublicKeyToken=c5687fc88969c44d. 
System.Reflection.ReflectionTypeLoadException: Unable to load one or more of the requested types. Retrieve the LoaderExceptions property for more information.
   at System.Reflection.RuntimeModule.GetTypes(RuntimeModule module)
   at System.Reflection.RuntimeModule.GetTypes()
   at System.Reflection.Assembly.GetTypes()
   at EPiServer.Forms.Helpers.Internal.FormsExtensions.GetTypesFromAssembly(Assembly assembly)
System.Reflection.ReflectionTypeLoadException: Unable to load one or more of the requested types. Retrieve the LoaderExceptions property for more information.
   at System.Reflection.RuntimeModule.GetTypes(RuntimeModule module)
   at System.Reflection.RuntimeModule.GetTypes()
   at System.Reflection.Assembly.GetTypes()
   at EPiServer.Forms.Helpers.Internal.FormsExtensions.GetTypesFromAssembly(Assembly assembly)
2021-03-01 17:37:59,007 [1] ERROR EPiServer.Forms.Helpers.Internal.FormsExtensions: cannot get all types from assembly MySql.Web, Version=8.0.21.0, Culture=neutral, PublicKeyToken=c5687fc88969c44d. 
System.Reflection.ReflectionTypeLoadException: Unable to load one or more of the requested types. Retrieve the LoaderExceptions property for more information.
   at System.Reflection.RuntimeModule.GetTypes(RuntimeModule module)
   at System.Reflection.RuntimeModule.GetTypes()
   at System.Reflection.Assembly.GetTypes()
   at EPiServer.Forms.Helpers.Internal.FormsExtensions.GetTypesFromAssembly(Assembly assembly)
System.Reflection.ReflectionTypeLoadException: Unable to load one or more of the requested types. Retrieve the LoaderExceptions property for more information.
   at System.Reflection.RuntimeModule.GetTypes(RuntimeModule module)
   at System.Reflection.RuntimeModule.GetTypes()
   at System.Reflection.Assembly.GetTypes()
   at EPiServer.Forms.Helpers.Internal.FormsExtensions.GetTypesFromAssembly(Assembly assembly)
2021-03-01 17:37:59,041 [1] ERROR EPiServer.Forms.Helpers.Internal.FormsExtensions: cannot get all types from assembly MySql.Web, Version=8.0.21.0, Culture=neutral, PublicKeyToken=c5687fc88969c44d. 
System.Reflection.ReflectionTypeLoadException: Unable to load one or more of the requested types. Retrieve the LoaderExceptions property for more information.
   at System.Reflection.RuntimeModule.GetTypes(RuntimeModule module)
   at System.Reflection.RuntimeModule.GetTypes()
   at System.Reflection.Assembly.GetTypes()
   at EPiServer.Forms.Helpers.Internal.FormsExtensions.GetTypesFromAssembly(Assembly assembly)
System.Reflection.ReflectionTypeLoadException: Unable to load one or more of the requested types. Retrieve the LoaderExceptions property for more information.
   at System.Reflection.RuntimeModule.GetTypes(RuntimeModule module)
   at System.Reflection.RuntimeModule.GetTypes()
   at System.Reflection.Assembly.GetTypes()
   at EPiServer.Forms.Helpers.Internal.FormsExtensions.GetTypesFromAssembly(Assembly assembly)
2021-03-01 17:37:59,073 [1] ERROR EPiServer.Forms.Helpers.Internal.FormsExtensions: cannot get all types from assembly MySql.Web, Version=8.0.21.0, Culture=neutral, PublicKeyToken=c5687fc88969c44d. 
System.Reflection.ReflectionTypeLoadException: Unable to load one or more of the requested types. Retrieve the LoaderExceptions property for more information.
   at System.Reflection.RuntimeModule.GetTypes(RuntimeModule module)
   at System.Reflection.RuntimeModule.GetTypes()
   at System.Reflection.Assembly.GetTypes()
   at EPiServer.Forms.Helpers.Internal.FormsExtensions.GetTypesFromAssembly(Assembly assembly)
System.Reflection.ReflectionTypeLoadException: Unable to load one or more of the requested types. Retrieve the LoaderExceptions property for more information.
   at System.Reflection.RuntimeModule.GetTypes(RuntimeModule module)
   at System.Reflection.RuntimeModule.GetTypes()
   at System.Reflection.Assembly.GetTypes()
   at EPiServer.Forms.Helpers.Internal.FormsExtensions.GetTypesFromAssembly(Assembly assembly)
2021-03-01 17:37:59,092 [1] ERROR EPiServer.Forms.Helpers.Internal.FormsExtensions: cannot get all types from assembly MySql.Web, Version=8.0.21.0, Culture=neutral, PublicKeyToken=c5687fc88969c44d. 
System.Reflection.ReflectionTypeLoadException: Unable to load one or more of the requested types. Retrieve the LoaderExceptions property for more information.
   at System.Reflection.RuntimeModule.GetTypes(RuntimeModule module)
   at System.Reflection.RuntimeModule.GetTypes()
   at System.Reflection.Assembly.GetTypes()
   at EPiServer.Forms.Helpers.Internal.FormsExtensions.GetTypesFromAssembly(Assembly assembly)
System.Reflection.ReflectionTypeLoadException: Unable to load one or more of the requested types. Retrieve the LoaderExceptions property for more information.
   at System.Reflection.RuntimeModule.GetTypes(RuntimeModule module)
   at System.Reflection.RuntimeModule.GetTypes()
   at System.Reflection.Assembly.GetTypes()
   at EPiServer.Forms.Helpers.Internal.FormsExtensions.GetTypesFromAssembly(Assembly assembly)
2021-03-01 17:37:59,203 [1] ERROR EPiServer.Forms.Helpers.Internal.FormsExtensions: cannot get all types from assembly MySql.Web, Version=8.0.21.0, Culture=neutral, PublicKeyToken=c5687fc88969c44d. 
System.Reflection.ReflectionTypeLoadException: Unable to load one or more of the requested types. Retrieve the LoaderExceptions property for more information.
   at System.Reflection.RuntimeModule.GetTypes(RuntimeModule module)
   at System.Reflection.RuntimeModule.GetTypes()
   at System.Reflection.Assembly.GetTypes()
   at EPiServer.Forms.Helpers.Internal.FormsExtensions.GetTypesFromAssembly(Assembly assembly)
System.Reflection.ReflectionTypeLoadException: Unable to load one or more of the requested types. Retrieve the LoaderExceptions property for more information.
   at System.Reflection.RuntimeModule.GetTypes(RuntimeModule module)
   at System.Reflection.RuntimeModule.GetTypes()
   at System.Reflection.Assembly.GetTypes()
   at EPiServer.Forms.Helpers.Internal.FormsExtensions.GetTypesFromAssembly(Assembly assembly)
2021-03-01 17:38:35,643 [10] ERROR EPiServer.Forms.Helpers.Internal.FormsExtensions: cannot get all types from assembly MySql.Web, Version=8.0.21.0, Culture=neutral, PublicKeyToken=c5687fc88969c44d. 
System.Reflection.ReflectionTypeLoadException: Unable to load one or more of the requested types. Retrieve the LoaderExceptions property for more information.
   at System.Reflection.RuntimeModule.GetTypes(RuntimeModule module)
   at System.Reflection.RuntimeModule.GetTypes()
   at System.Reflection.Assembly.GetTypes()
   at EPiServer.Forms.Helpers.Internal.FormsExtensions.GetTypesFromAssembly(Assembly assembly)
System.Reflection.ReflectionTypeLoadException: Unable to load one or more of the requested types. Retrieve the LoaderExceptions property for more information.
   at System.Reflection.RuntimeModule.GetTypes(RuntimeModule module)
   at System.Reflection.RuntimeModule.GetTypes()
   at System.Reflection.Assembly.GetTypes()
   at EPiServer.Forms.Helpers.Internal.FormsExtensions.GetTypesFromAssembly(Assembly assembly)
2021-03-01 17:38:35,679 [10] ERROR EPiServer.Forms.Helpers.Internal.FormsExtensions: cannot get all types from assembly MySql.Web, Version=8.0.21.0, Culture=neutral, PublicKeyToken=c5687fc88969c44d. 
System.Reflection.ReflectionTypeLoadException: Unable to load one or more of the requested types. Retrieve the LoaderExceptions property for more information.
   at System.Reflection.RuntimeModule.GetTypes(RuntimeModule module)
   at System.Reflection.RuntimeModule.GetTypes()
   at System.Reflection.Assembly.GetTypes()
   at EPiServer.Forms.Helpers.Internal.FormsExtensions.GetTypesFromAssembly(Assembly assembly)
System.Reflection.ReflectionTypeLoadException: Unable to load one or more of the requested types. Retrieve the LoaderExceptions property for more information.
   at System.Reflection.RuntimeModule.GetTypes(RuntimeModule module)
   at System.Reflection.RuntimeModule.GetTypes()
   at System.Reflection.Assembly.GetTypes()
   at EPiServer.Forms.Helpers.Internal.FormsExtensions.GetTypesFromAssembly(Assembly assembly)
2021-03-01 18:12:25,588 [1] ERROR EPiServer.Forms.Helpers.Internal.FormsExtensions: cannot get all types from assembly MySql.Web, Version=8.0.21.0, Culture=neutral, PublicKeyToken=c5687fc88969c44d. 
System.Reflection.ReflectionTypeLoadException: Unable to load one or more of the requested types. Retrieve the LoaderExceptions property for more information.
   at System.Reflection.RuntimeModule.GetTypes(RuntimeModule module)
   at System.Reflection.RuntimeModule.GetTypes()
   at System.Reflection.Assembly.GetTypes()
   at EPiServer.Forms.Helpers.Internal.FormsExtensions.GetTypesFromAssembly(Assembly assembly)
System.Reflection.ReflectionTypeLoadException: Unable to load one or more of the requested types. Retrieve the LoaderExceptions property for more information.
   at System.Reflection.RuntimeModule.GetTypes(RuntimeModule module)
   at System.Reflection.RuntimeModule.GetTypes()
   at System.Reflection.Assembly.GetTypes()
   at EPiServer.Forms.Helpers.Internal.FormsExtensions.GetTypesFromAssembly(Assembly assembly)
2021-03-01 18:12:25,608 [1] ERROR EPiServer.Forms.Helpers.Internal.FormsExtensions: cannot get all types from assembly MySql.Web, Version=8.0.21.0, Culture=neutral, PublicKeyToken=c5687fc88969c44d. 
System.Reflection.ReflectionTypeLoadException: Unable to load one or more of the requested types. Retrieve the LoaderExceptions property for more information.
   at System.Reflection.RuntimeModule.GetTypes(RuntimeModule module)
   at System.Reflection.RuntimeModule.GetTypes()
   at System.Reflection.Assembly.GetTypes()
   at EPiServer.Forms.Helpers.Internal.FormsExtensions.GetTypesFromAssembly(Assembly assembly)
System.Reflection.ReflectionTypeLoadException: Unable to load one or more of the requested types. Retrieve the LoaderExceptions property for more information.
   at System.Reflection.RuntimeModule.GetTypes(RuntimeModule module)
   at System.Reflection.RuntimeModule.GetTypes()
   at System.Reflection.Assembly.GetTypes()
   at EPiServer.Forms.Helpers.Internal.FormsExtensions.GetTypesFromAssembly(Assembly assembly)
2021-03-01 18:12:25,623 [1] ERROR EPiServer.Forms.Helpers.Internal.FormsExtensions: cannot get all types from assembly MySql.Web, Version=8.0.21.0, Culture=neutral, PublicKeyToken=c5687fc88969c44d. 
System.Reflection.ReflectionTypeLoadException: Unable to load one or more of the requested types. Retrieve the LoaderExceptions property for more information.
   at System.Reflection.RuntimeModule.GetTypes(RuntimeModule module)
   at System.Reflection.RuntimeModule.GetTypes()
   at System.Reflection.Assembly.GetTypes()
   at EPiServer.Forms.Helpers.Internal.FormsExtensions.GetTypesFromAssembly(Assembly assembly)
System.Reflection.ReflectionTypeLoadException: Unable to load one or more of the requested types. Retrieve the LoaderExceptions property for more information.
   at System.Reflection.RuntimeModule.GetTypes(RuntimeModule module)
   at System.Reflection.RuntimeModule.GetTypes()
   at System.Reflection.Assembly.GetTypes()
   at EPiServer.Forms.Helpers.Internal.FormsExtensions.GetTypesFromAssembly(Assembly assembly)
2021-03-01 18:12:25,626 [1] ERROR EPiServer.Forms.Helpers.Internal.FormsExtensions: cannot get all types from assembly MySql.Web, Version=8.0.21.0, Culture=neutral, PublicKeyToken=c5687fc88969c44d. 
System.Reflection.ReflectionTypeLoadException: Unable to load one or more of the requested types. Retrieve the LoaderExceptions property for more information.
   at System.Reflection.RuntimeModule.GetTypes(RuntimeModule module)
   at System.Reflection.RuntimeModule.GetTypes()
   at System.Reflection.Assembly.GetTypes()
   at EPiServer.Forms.Helpers.Internal.FormsExtensions.GetTypesFromAssembly(Assembly assembly)
System.Reflection.ReflectionTypeLoadException: Unable to load one or more of the requested types. Retrieve the LoaderExceptions property for more information.
   at System.Reflection.RuntimeModule.GetTypes(RuntimeModule module)
   at System.Reflection.RuntimeModule.GetTypes()
   at System.Reflection.Assembly.GetTypes()
   at EPiServer.Forms.Helpers.Internal.FormsExtensions.GetTypesFromAssembly(Assembly assembly)
2021-03-01 18:12:25,702 [1] ERROR EPiServer.Forms.Helpers.Internal.FormsExtensions: cannot get all types from assembly MySql.Web, Version=8.0.21.0, Culture=neutral, PublicKeyToken=c5687fc88969c44d. 
System.Reflection.ReflectionTypeLoadException: Unable to load one or more of the requested types. Retrieve the LoaderExceptions property for more information.
   at System.Reflection.RuntimeModule.GetTypes(RuntimeModule module)
   at System.Reflection.RuntimeModule.GetTypes()
   at System.Reflection.Assembly.GetTypes()
   at EPiServer.Forms.Helpers.Internal.FormsExtensions.GetTypesFromAssembly(Assembly assembly)
System.Reflection.ReflectionTypeLoadException: Unable to load one or more of the requested types. Retrieve the LoaderExceptions property for more information.
   at System.Reflection.RuntimeModule.GetTypes(RuntimeModule module)
   at System.Reflection.RuntimeModule.GetTypes()
   at System.Reflection.Assembly.GetTypes()
   at EPiServer.Forms.Helpers.Internal.FormsExtensions.GetTypesFromAssembly(Assembly assembly)
2021-03-01 18:12:36,573 [14] ERROR EPiServer.Forms.Helpers.Internal.FormsExtensions: cannot get all types from assembly MySql.Web, Version=8.0.21.0, Culture=neutral, PublicKeyToken=c5687fc88969c44d. 
System.Reflection.ReflectionTypeLoadException: Unable to load one or more of the requested types. Retrieve the LoaderExceptions property for more information.
   at System.Reflection.RuntimeModule.GetTypes(RuntimeModule module)
   at System.Reflection.RuntimeModule.GetTypes()
   at System.Reflection.Assembly.GetTypes()
   at EPiServer.Forms.Helpers.Internal.FormsExtensions.GetTypesFromAssembly(Assembly assembly)
System.Reflection.ReflectionTypeLoadException: Unable to load one or more of the requested types. Retrieve the LoaderExceptions property for more information.
   at System.Reflection.RuntimeModule.GetTypes(RuntimeModule module)
   at System.Reflection.RuntimeModule.GetTypes()
   at System.Reflection.Assembly.GetTypes()
   at EPiServer.Forms.Helpers.Internal.FormsExtensions.GetTypesFromAssembly(Assembly assembly)
2021-03-01 18:12:36,578 [14] ERROR EPiServer.Forms.Helpers.Internal.FormsExtensions: cannot get all types from assembly MySql.Web, Version=8.0.21.0, Culture=neutral, PublicKeyToken=c5687fc88969c44d. 
System.Reflection.ReflectionTypeLoadException: Unable to load one or more of the requested types. Retrieve the LoaderExceptions property for more information.
   at System.Reflection.RuntimeModule.GetTypes(RuntimeModule module)
   at System.Reflection.RuntimeModule.GetTypes()
   at System.Reflection.Assembly.GetTypes()
   at EPiServer.Forms.Helpers.Internal.FormsExtensions.GetTypesFromAssembly(Assembly assembly)
System.Reflection.ReflectionTypeLoadException: Unable to load one or more of the requested types. Retrieve the LoaderExceptions property for more information.
   at System.Reflection.RuntimeModule.GetTypes(RuntimeModule module)
   at System.Reflection.RuntimeModule.GetTypes()
   at System.Reflection.Assembly.GetTypes()
   at EPiServer.Forms.Helpers.Internal.FormsExtensions.GetTypesFromAssembly(Assembly assembly)
2021-03-01 18:16:58,688 [1] ERROR EPiServer.Forms.Helpers.Internal.FormsExtensions: cannot get all types from assembly MySql.Web, Version=8.0.21.0, Culture=neutral, PublicKeyToken=c5687fc88969c44d. 
System.Reflection.ReflectionTypeLoadException: Unable to load one or more of the requested types. Retrieve the LoaderExceptions property for more information.
   at System.Reflection.RuntimeModule.GetTypes(RuntimeModule module)
   at System.Reflection.RuntimeModule.GetTypes()
   at System.Reflection.Assembly.GetTypes()
   at EPiServer.Forms.Helpers.Internal.FormsExtensions.GetTypesFromAssembly(Assembly assembly)
System.Reflection.ReflectionTypeLoadException: Unable to load one or more of the requested types. Retrieve the LoaderExceptions property for more information.
   at System.Reflection.RuntimeModule.GetTypes(RuntimeModule module)
   at System.Reflection.RuntimeModule.GetTypes()
   at System.Reflection.Assembly.GetTypes()
   at EPiServer.Forms.Helpers.Internal.FormsExtensions.GetTypesFromAssembly(Assembly assembly)
2021-03-01 18:16:58,723 [1] ERROR EPiServer.Forms.Helpers.Internal.FormsExtensions: cannot get all types from assembly MySql.Web, Version=8.0.21.0, Culture=neutral, PublicKeyToken=c5687fc88969c44d. 
System.Reflection.ReflectionTypeLoadException: Unable to load one or more of the requested types. Retrieve the LoaderExceptions property for more information.
   at System.Reflection.RuntimeModule.GetTypes(RuntimeModule module)
   at System.Reflection.RuntimeModule.GetTypes()
   at System.Reflection.Assembly.GetTypes()
   at EPiServer.Forms.Helpers.Internal.FormsExtensions.GetTypesFromAssembly(Assembly assembly)
System.Reflection.ReflectionTypeLoadException: Unable to load one or more of the requested types. Retrieve the LoaderExceptions property for more information.
   at System.Reflection.RuntimeModule.GetTypes(RuntimeModule module)
   at System.Reflection.RuntimeModule.GetTypes()
   at System.Reflection.Assembly.GetTypes()
   at EPiServer.Forms.Helpers.Internal.FormsExtensions.GetTypesFromAssembly(Assembly assembly)
2021-03-01 18:16:58,753 [1] ERROR EPiServer.Forms.Helpers.Internal.FormsExtensions: cannot get all types from assembly MySql.Web, Version=8.0.21.0, Culture=neutral, PublicKeyToken=c5687fc88969c44d. 
System.Reflection.ReflectionTypeLoadException: Unable to load one or more of the requested types. Retrieve the LoaderExceptions property for more information.
   at System.Reflection.RuntimeModule.GetTypes(RuntimeModule module)
   at System.Reflection.RuntimeModule.GetTypes()
   at System.Reflection.Assembly.GetTypes()
   at EPiServer.Forms.Helpers.Internal.FormsExtensions.GetTypesFromAssembly(Assembly assembly)
System.Reflection.ReflectionTypeLoadException: Unable to load one or more of the requested types. Retrieve the LoaderExceptions property for more information.
   at System.Reflection.RuntimeModule.GetTypes(RuntimeModule module)
   at System.Reflection.RuntimeModule.GetTypes()
   at System.Reflection.Assembly.GetTypes()
   at EPiServer.Forms.Helpers.Internal.FormsExtensions.GetTypesFromAssembly(Assembly assembly)
2021-03-01 18:16:58,771 [1] ERROR EPiServer.Forms.Helpers.Internal.FormsExtensions: cannot get all types from assembly MySql.Web, Version=8.0.21.0, Culture=neutral, PublicKeyToken=c5687fc88969c44d. 
System.Reflection.ReflectionTypeLoadException: Unable to load one or more of the requested types. Retrieve the LoaderExceptions property for more information.
   at System.Reflection.RuntimeModule.GetTypes(RuntimeModule module)
   at System.Reflection.RuntimeModule.GetTypes()
   at System.Reflection.Assembly.GetTypes()
   at EPiServer.Forms.Helpers.Internal.FormsExtensions.GetTypesFromAssembly(Assembly assembly)
System.Reflection.ReflectionTypeLoadException: Unable to load one or more of the requested types. Retrieve the LoaderExceptions property for more information.
   at System.Reflection.RuntimeModule.GetTypes(RuntimeModule module)
   at System.Reflection.RuntimeModule.GetTypes()
   at System.Reflection.Assembly.GetTypes()
   at EPiServer.Forms.Helpers.Internal.FormsExtensions.GetTypesFromAssembly(Assembly assembly)
2021-03-01 18:16:58,942 [1] ERROR EPiServer.Forms.Helpers.Internal.FormsExtensions: cannot get all types from assembly MySql.Web, Version=8.0.21.0, Culture=neutral, PublicKeyToken=c5687fc88969c44d. 
System.Reflection.ReflectionTypeLoadException: Unable to load one or more of the requested types. Retrieve the LoaderExceptions property for more information.
   at System.Reflection.RuntimeModule.GetTypes(RuntimeModule module)
   at System.Reflection.RuntimeModule.GetTypes()
   at System.Reflection.Assembly.GetTypes()
   at EPiServer.Forms.Helpers.Internal.FormsExtensions.GetTypesFromAssembly(Assembly assembly)
System.Reflection.ReflectionTypeLoadException: Unable to load one or more of the requested types. Retrieve the LoaderExceptions property for more information.
   at System.Reflection.RuntimeModule.GetTypes(RuntimeModule module)
   at System.Reflection.RuntimeModule.GetTypes()
   at System.Reflection.Assembly.GetTypes()
   at EPiServer.Forms.Helpers.Internal.FormsExtensions.GetTypesFromAssembly(Assembly assembly)
2021-03-01 18:17:07,701 [9] ERROR EPiServer.Forms.Helpers.Internal.FormsExtensions: cannot get all types from assembly MySql.Web, Version=8.0.21.0, Culture=neutral, PublicKeyToken=c5687fc88969c44d. 
System.Reflection.ReflectionTypeLoadException: Unable to load one or more of the requested types. Retrieve the LoaderExceptions property for more information.
   at System.Reflection.RuntimeModule.GetTypes(RuntimeModule module)
   at System.Reflection.RuntimeModule.GetTypes()
   at System.Reflection.Assembly.GetTypes()
   at EPiServer.Forms.Helpers.Internal.FormsExtensions.GetTypesFromAssembly(Assembly assembly)
System.Reflection.ReflectionTypeLoadException: Unable to load one or more of the requested types. Retrieve the LoaderExceptions property for more information.
   at System.Reflection.RuntimeModule.GetTypes(RuntimeModule module)
   at System.Reflection.RuntimeModule.GetTypes()
   at System.Reflection.Assembly.GetTypes()
   at EPiServer.Forms.Helpers.Internal.FormsExtensions.GetTypesFromAssembly(Assembly assembly)
2021-03-01 18:17:07,738 [9] ERROR EPiServer.Forms.Helpers.Internal.FormsExtensions: cannot get all types from assembly MySql.Web, Version=8.0.21.0, Culture=neutral, PublicKeyToken=c5687fc88969c44d. 
System.Reflection.ReflectionTypeLoadException: Unable to load one or more of the requested types. Retrieve the LoaderExceptions property for more information.
   at System.Reflection.RuntimeModule.GetTypes(RuntimeModule module)
   at System.Reflection.RuntimeModule.GetTypes()
   at System.Reflection.Assembly.GetTypes()
   at EPiServer.Forms.Helpers.Internal.FormsExtensions.GetTypesFromAssembly(Assembly assembly)
System.Reflection.ReflectionTypeLoadException: Unable to load one or more of the requested types. Retrieve the LoaderExceptions property for more information.
   at System.Reflection.RuntimeModule.GetTypes(RuntimeModule module)
   at System.Reflection.RuntimeModule.GetTypes()
   at System.Reflection.Assembly.GetTypes()
   at EPiServer.Forms.Helpers.Internal.FormsExtensions.GetTypesFromAssembly(Assembly assembly)
2021-03-01 22:47:27,511 [1] ERROR EPiServer.Forms.Helpers.Internal.FormsExtensions: cannot get all types from assembly MySql.Web, Version=8.0.21.0, Culture=neutral, PublicKeyToken=c5687fc88969c44d. 
System.Reflection.ReflectionTypeLoadException: Unable to load one or more of the requested types. Retrieve the LoaderExceptions property for more information.
   at System.Reflection.RuntimeModule.GetTypes(RuntimeModule module)
   at System.Reflection.RuntimeModule.GetTypes()
   at System.Reflection.Assembly.GetTypes()
   at EPiServer.Forms.Helpers.Internal.FormsExtensions.GetTypesFromAssembly(Assembly assembly)
System.Reflection.ReflectionTypeLoadException: Unable to load one or more of the requested types. Retrieve the LoaderExceptions property for more information.
   at System.Reflection.RuntimeModule.GetTypes(RuntimeModule module)
   at System.Reflection.RuntimeModule.GetTypes()
   at System.Reflection.Assembly.GetTypes()
   at EPiServer.Forms.Helpers.Internal.FormsExtensions.GetTypesFromAssembly(Assembly assembly)
2021-03-01 22:47:27,592 [1] ERROR EPiServer.Forms.Helpers.Internal.FormsExtensions: cannot get all types from assembly MySql.Web, Version=8.0.21.0, Culture=neutral, PublicKeyToken=c5687fc88969c44d. 
System.Reflection.ReflectionTypeLoadException: Unable to load one or more of the requested types. Retrieve the LoaderExceptions property for more information.
   at System.Reflection.RuntimeModule.GetTypes(RuntimeModule module)
   at System.Reflection.RuntimeModule.GetTypes()
   at System.Reflection.Assembly.GetTypes()
   at EPiServer.Forms.Helpers.Internal.FormsExtensions.GetTypesFromAssembly(Assembly assembly)
System.Reflection.ReflectionTypeLoadException: Unable to load one or more of the requested types. Retrieve the LoaderExceptions property for more information.
   at System.Reflection.RuntimeModule.GetTypes(RuntimeModule module)
   at System.Reflection.RuntimeModule.GetTypes()
   at System.Reflection.Assembly.GetTypes()
   at EPiServer.Forms.Helpers.Internal.FormsExtensions.GetTypesFromAssembly(Assembly assembly)
2021-03-01 22:47:27,660 [1] ERROR EPiServer.Forms.Helpers.Internal.FormsExtensions: cannot get all types from assembly MySql.Web, Version=8.0.21.0, Culture=neutral, PublicKeyToken=c5687fc88969c44d. 
System.Reflection.ReflectionTypeLoadException: Unable to load one or more of the requested types. Retrieve the LoaderExceptions property for more information.
   at System.Reflection.RuntimeModule.GetTypes(RuntimeModule module)
   at System.Reflection.RuntimeModule.GetTypes()
   at System.Reflection.Assembly.GetTypes()
   at EPiServer.Forms.Helpers.Internal.FormsExtensions.GetTypesFromAssembly(Assembly assembly)
System.Reflection.ReflectionTypeLoadException: Unable to load one or more of the requested types. Retrieve the LoaderExceptions property for more information.
   at System.Reflection.RuntimeModule.GetTypes(RuntimeModule module)
   at System.Reflection.RuntimeModule.GetTypes()
   at System.Reflection.Assembly.GetTypes()
   at EPiServer.Forms.Helpers.Internal.FormsExtensions.GetTypesFromAssembly(Assembly assembly)
2021-03-01 22:47:27,697 [1] ERROR EPiServer.Forms.Helpers.Internal.FormsExtensions: cannot get all types from assembly MySql.Web, Version=8.0.21.0, Culture=neutral, PublicKeyToken=c5687fc88969c44d. 
System.Reflection.ReflectionTypeLoadException: Unable to load one or more of the requested types. Retrieve the LoaderExceptions property for more information.
   at System.Reflection.RuntimeModule.GetTypes(RuntimeModule module)
   at System.Reflection.RuntimeModule.GetTypes()
   at System.Reflection.Assembly.GetTypes()
   at EPiServer.Forms.Helpers.Internal.FormsExtensions.GetTypesFromAssembly(Assembly assembly)
System.Reflection.ReflectionTypeLoadException: Unable to load one or more of the requested types. Retrieve the LoaderExceptions property for more information.
   at System.Reflection.RuntimeModule.GetTypes(RuntimeModule module)
   at System.Reflection.RuntimeModule.GetTypes()
   at System.Reflection.Assembly.GetTypes()
   at EPiServer.Forms.Helpers.Internal.FormsExtensions.GetTypesFromAssembly(Assembly assembly)
2021-03-01 22:47:27,967 [1] ERROR EPiServer.Forms.Helpers.Internal.FormsExtensions: cannot get all types from assembly MySql.Web, Version=8.0.21.0, Culture=neutral, PublicKeyToken=c5687fc88969c44d. 
System.Reflection.ReflectionTypeLoadException: Unable to load one or more of the requested types. Retrieve the LoaderExceptions property for more information.
   at System.Reflection.RuntimeModule.GetTypes(RuntimeModule module)
   at System.Reflection.RuntimeModule.GetTypes()
   at System.Reflection.Assembly.GetTypes()
   at EPiServer.Forms.Helpers.Internal.FormsExtensions.GetTypesFromAssembly(Assembly assembly)
System.Reflection.ReflectionTypeLoadException: Unable to load one or more of the requested types. Retrieve the LoaderExceptions property for more information.
   at System.Reflection.RuntimeModule.GetTypes(RuntimeModule module)
   at System.Reflection.RuntimeModule.GetTypes()
   at System.Reflection.Assembly.GetTypes()
   at EPiServer.Forms.Helpers.Internal.FormsExtensions.GetTypesFromAssembly(Assembly assembly)
